<?xml version="1.0" encoding="UTF-8"?>
<coverage generated="1615563532155" clover="3.2.0">
  <project timestamp="1615563532156" name="All files">
    <metrics statements="680" coveredstatements="366" conditionals="229" coveredconditionals="69" methods="72" coveredmethods="20" elements="981" coveredelements="455" complexity="0" loc="680" ncloc="680" packages="1" files="1" classes="1"/>
    <file name="mainjest.js" path="/home/ethan/cse110/cse110-w21-group1/source/Front-end/javascript/mainjest.js">
      <metrics statements="680" coveredstatements="366" conditionals="229" coveredconditionals="69" methods="72" coveredmethods="20"/>
      <line num="14" count="21" type="stmt"/>
      <line num="15" count="21" type="stmt"/>
      <line num="16" count="21" type="stmt"/>
      <line num="17" count="21" type="stmt"/>
      <line num="19" count="0" type="stmt"/>
      <line num="21" count="21" type="stmt"/>
      <line num="22" count="21" type="stmt"/>
      <line num="23" count="21" type="stmt"/>
      <line num="24" count="21" type="stmt"/>
      <line num="25" count="21" type="stmt"/>
      <line num="26" count="21" type="stmt"/>
      <line num="28" count="21" type="stmt"/>
      <line num="29" count="21" type="stmt"/>
      <line num="33" count="21" type="stmt"/>
      <line num="34" count="0" type="stmt"/>
      <line num="35" count="0" type="stmt"/>
      <line num="36" count="0" type="stmt"/>
      <line num="37" count="0" type="stmt"/>
      <line num="38" count="0" type="stmt"/>
      <line num="42" count="21" type="stmt"/>
      <line num="43" count="0" type="stmt"/>
      <line num="44" count="0" type="stmt"/>
      <line num="45" count="0" type="stmt"/>
      <line num="46" count="0" type="stmt"/>
      <line num="47" count="0" type="stmt"/>
      <line num="50" count="21" type="stmt"/>
      <line num="51" count="0" type="stmt"/>
      <line num="53" count="0" type="stmt"/>
      <line num="56" count="21" type="stmt"/>
      <line num="57" count="0" type="cond" truecount="0" falsecount="2"/>
      <line num="58" count="0" type="stmt"/>
      <line num="59" count="0" type="stmt"/>
      <line num="61" count="0" type="cond" truecount="0" falsecount="2"/>
      <line num="62" count="0" type="stmt"/>
      <line num="63" count="0" type="stmt"/>
      <line num="66" count="0" type="stmt"/>
      <line num="67" count="0" type="stmt"/>
      <line num="71" count="21" type="stmt"/>
      <line num="72" count="0" type="cond" truecount="0" falsecount="2"/>
      <line num="73" count="0" type="stmt"/>
      <line num="75" count="0" type="stmt"/>
      <line num="78" count="21" type="stmt"/>
      <line num="79" count="0" type="stmt"/>
      <line num="80" count="0" type="stmt"/>
      <line num="81" count="0" type="stmt"/>
      <line num="82" count="0" type="cond" truecount="0" falsecount="2"/>
      <line num="83" count="0" type="stmt"/>
      <line num="85" count="0" type="cond" truecount="0" falsecount="2"/>
      <line num="86" count="0" type="stmt"/>
      <line num="88" count="0" type="stmt"/>
      <line num="89" count="0" type="stmt"/>
      <line num="94" count="21" type="stmt"/>
      <line num="95" count="0" type="stmt"/>
      <line num="96" count="0" type="stmt"/>
      <line num="97" count="0" type="stmt"/>
      <line num="98" count="0" type="stmt"/>
      <line num="99" count="0" type="stmt"/>
      <line num="102" count="21" type="stmt"/>
      <line num="103" count="0" type="stmt"/>
      <line num="104" count="0" type="stmt"/>
      <line num="105" count="0" type="stmt"/>
      <line num="106" count="0" type="stmt"/>
      <line num="107" count="0" type="stmt"/>
      <line num="110" count="21" type="stmt"/>
      <line num="111" count="0" type="stmt"/>
      <line num="112" count="0" type="cond" truecount="0" falsecount="2"/>
      <line num="113" count="0" type="stmt"/>
      <line num="115" count="0" type="stmt"/>
      <line num="116" count="0" type="stmt"/>
      <line num="119" count="21" type="stmt"/>
      <line num="120" count="0" type="stmt"/>
      <line num="121" count="0" type="stmt"/>
      <line num="122" count="0" type="cond" truecount="0" falsecount="2"/>
      <line num="123" count="0" type="stmt"/>
      <line num="125" count="0" type="stmt"/>
      <line num="126" count="0" type="stmt"/>
      <line num="127" count="0" type="stmt"/>
      <line num="130" count="21" type="stmt"/>
      <line num="131" count="0" type="stmt"/>
      <line num="132" count="0" type="cond" truecount="0" falsecount="2"/>
      <line num="133" count="0" type="stmt"/>
      <line num="135" count="0" type="stmt"/>
      <line num="136" count="0" type="stmt"/>
      <line num="139" count="21" type="stmt"/>
      <line num="140" count="0" type="stmt"/>
      <line num="141" count="0" type="stmt"/>
      <line num="142" count="0" type="cond" truecount="0" falsecount="2"/>
      <line num="143" count="0" type="stmt"/>
      <line num="145" count="0" type="stmt"/>
      <line num="146" count="0" type="stmt"/>
      <line num="147" count="0" type="stmt"/>
      <line num="150" count="21" type="stmt"/>
      <line num="151" count="0" type="stmt"/>
      <line num="152" count="0" type="cond" truecount="0" falsecount="2"/>
      <line num="153" count="0" type="stmt"/>
      <line num="155" count="0" type="stmt"/>
      <line num="156" count="0" type="stmt"/>
      <line num="159" count="21" type="stmt"/>
      <line num="160" count="0" type="stmt"/>
      <line num="161" count="0" type="cond" truecount="0" falsecount="2"/>
      <line num="162" count="0" type="cond" truecount="0" falsecount="2"/>
      <line num="163" count="0" type="stmt"/>
      <line num="165" count="0" type="stmt"/>
      <line num="166" count="0" type="stmt"/>
      <line num="167" count="0" type="stmt"/>
      <line num="169" count="0" type="cond" truecount="0" falsecount="2"/>
      <line num="170" count="0" type="stmt"/>
      <line num="171" count="0" type="stmt"/>
      <line num="172" count="0" type="cond" truecount="0" falsecount="2"/>
      <line num="173" count="0" type="stmt"/>
      <line num="175" count="0" type="stmt"/>
      <line num="176" count="0" type="stmt"/>
      <line num="177" count="0" type="stmt"/>
      <line num="178" count="0" type="stmt"/>
      <line num="181" count="0" type="stmt"/>
      <line num="182" count="0" type="stmt"/>
      <line num="185" count="21" type="stmt"/>
      <line num="186" count="0" type="stmt"/>
      <line num="187" count="0" type="cond" truecount="0" falsecount="2"/>
      <line num="188" count="0" type="stmt"/>
      <line num="190" count="0" type="stmt"/>
      <line num="191" count="0" type="stmt"/>
      <line num="194" count="21" type="stmt"/>
      <line num="195" count="0" type="stmt"/>
      <line num="196" count="0" type="cond" truecount="0" falsecount="2"/>
      <line num="197" count="0" type="cond" truecount="0" falsecount="2"/>
      <line num="198" count="0" type="stmt"/>
      <line num="200" count="0" type="stmt"/>
      <line num="201" count="0" type="stmt"/>
      <line num="202" count="0" type="stmt"/>
      <line num="204" count="0" type="cond" truecount="0" falsecount="2"/>
      <line num="205" count="0" type="stmt"/>
      <line num="206" count="0" type="stmt"/>
      <line num="207" count="0" type="stmt"/>
      <line num="208" count="0" type="cond" truecount="0" falsecount="2"/>
      <line num="209" count="0" type="stmt"/>
      <line num="211" count="0" type="stmt"/>
      <line num="212" count="0" type="stmt"/>
      <line num="213" count="0" type="stmt"/>
      <line num="216" count="0" type="stmt"/>
      <line num="217" count="0" type="stmt"/>
      <line num="220" count="21" type="stmt"/>
      <line num="221" count="0" type="stmt"/>
      <line num="222" count="0" type="cond" truecount="0" falsecount="2"/>
      <line num="223" count="0" type="stmt"/>
      <line num="225" count="0" type="stmt"/>
      <line num="226" count="0" type="stmt"/>
      <line num="229" count="21" type="stmt"/>
      <line num="230" count="0" type="stmt"/>
      <line num="231" count="0" type="cond" truecount="0" falsecount="2"/>
      <line num="232" count="0" type="cond" truecount="0" falsecount="2"/>
      <line num="233" count="0" type="stmt"/>
      <line num="235" count="0" type="stmt"/>
      <line num="236" count="0" type="stmt"/>
      <line num="237" count="0" type="stmt"/>
      <line num="240" count="0" type="stmt"/>
      <line num="241" count="0" type="stmt"/>
      <line num="242" count="0" type="stmt"/>
      <line num="243" count="0" type="cond" truecount="0" falsecount="2"/>
      <line num="244" count="0" type="stmt"/>
      <line num="246" count="0" type="stmt"/>
      <line num="247" count="0" type="stmt"/>
      <line num="248" count="0" type="stmt"/>
      <line num="250" count="0" type="stmt"/>
      <line num="253" count="21" type="stmt"/>
      <line num="254" count="0" type="stmt"/>
      <line num="255" count="0" type="stmt"/>
      <line num="258" count="21" type="stmt"/>
      <line num="259" count="0" type="stmt"/>
      <line num="260" count="0" type="stmt"/>
      <line num="263" count="21" type="stmt"/>
      <line num="264" count="0" type="stmt"/>
      <line num="265" count="0" type="stmt"/>
      <line num="268" count="21" type="stmt"/>
      <line num="269" count="0" type="stmt"/>
      <line num="272" count="0" type="stmt"/>
      <line num="273" count="0" type="stmt"/>
      <line num="276" count="0" type="stmt"/>
      <line num="284" count="0" type="stmt"/>
      <line num="285" count="0" type="stmt"/>
      <line num="286" count="0" type="stmt"/>
      <line num="288" count="0" type="stmt"/>
      <line num="289" count="0" type="stmt"/>
      <line num="292" count="0" type="stmt"/>
      <line num="293" count="0" type="stmt"/>
      <line num="298" count="21" type="stmt"/>
      <line num="299" count="0" type="stmt"/>
      <line num="300" count="0" type="stmt"/>
      <line num="303" count="21" type="stmt"/>
      <line num="304" count="0" type="stmt"/>
      <line num="305" count="0" type="stmt"/>
      <line num="308" count="21" type="stmt"/>
      <line num="309" count="0" type="stmt"/>
      <line num="310" count="0" type="stmt"/>
      <line num="313" count="21" type="stmt"/>
      <line num="314" count="0" type="stmt"/>
      <line num="315" count="0" type="stmt"/>
      <line num="318" count="21" type="stmt"/>
      <line num="320" count="0" type="stmt"/>
      <line num="325" count="21" type="stmt"/>
      <line num="326" count="0" type="stmt"/>
      <line num="329" count="21" type="stmt"/>
      <line num="330" count="0" type="stmt"/>
      <line num="331" count="0" type="stmt"/>
      <line num="334" count="21" type="stmt"/>
      <line num="335" count="0" type="stmt"/>
      <line num="336" count="0" type="stmt"/>
      <line num="339" count="21" type="stmt"/>
      <line num="340" count="0" type="stmt"/>
      <line num="341" count="0" type="stmt"/>
      <line num="344" count="21" type="stmt"/>
      <line num="345" count="0" type="stmt"/>
      <line num="347" count="0" type="stmt"/>
      <line num="348" count="0" type="stmt"/>
      <line num="349" count="0" type="stmt"/>
      <line num="350" count="0" type="stmt"/>
      <line num="351" count="0" type="stmt"/>
      <line num="352" count="0" type="stmt"/>
      <line num="355" count="0" type="stmt"/>
      <line num="356" count="0" type="stmt"/>
      <line num="360" count="21" type="stmt"/>
      <line num="361" count="0" type="cond" truecount="0" falsecount="2"/>
      <line num="364" count="0" type="stmt"/>
      <line num="365" count="0" type="stmt"/>
      <line num="370" count="0" type="stmt"/>
      <line num="381" count="0" type="stmt"/>
      <line num="395" count="0" type="stmt"/>
      <line num="396" count="0" type="stmt"/>
      <line num="410" count="3" type="stmt"/>
      <line num="411" count="3" type="stmt"/>
      <line num="412" count="3" type="cond" truecount="1" falsecount="1"/>
      <line num="413" count="0" type="stmt"/>
      <line num="414" count="3" type="stmt"/>
      <line num="427" count="21" type="stmt"/>
      <line num="428" count="0" type="stmt"/>
      <line num="429" count="0" type="cond" truecount="0" falsecount="5"/>
      <line num="430" count="0" type="stmt"/>
      <line num="431" count="0" type="stmt"/>
      <line num="432" count="0" type="stmt"/>
      <line num="433" count="0" type="stmt"/>
      <line num="434" count="0" type="stmt"/>
      <line num="435" count="0" type="stmt"/>
      <line num="438" count="0" type="stmt"/>
      <line num="439" count="0" type="cond" truecount="0" falsecount="2"/>
      <line num="440" count="0" type="stmt"/>
      <line num="441" count="0" type="cond" truecount="0" falsecount="2"/>
      <line num="442" count="0" type="stmt"/>
      <line num="443" count="0" type="stmt"/>
      <line num="453" count="0" type="stmt"/>
      <line num="454" count="0" type="stmt"/>
      <line num="455" count="0" type="cond" truecount="0" falsecount="2"/>
      <line num="456" count="0" type="stmt"/>
      <line num="458" count="0" type="stmt"/>
      <line num="459" count="0" type="stmt"/>
      <line num="460" count="0" type="stmt"/>
      <line num="461" count="0" type="stmt"/>
      <line num="462" count="0" type="stmt"/>
      <line num="466" count="0" type="stmt"/>
      <line num="467" count="0" type="cond" truecount="0" falsecount="2"/>
      <line num="482" count="0" type="stmt"/>
      <line num="483" count="0" type="cond" truecount="0" falsecount="2"/>
      <line num="484" count="0" type="stmt"/>
      <line num="486" count="0" type="cond" truecount="0" falsecount="2"/>
      <line num="487" count="0" type="stmt"/>
      <line num="489" count="0" type="cond" truecount="0" falsecount="2"/>
      <line num="490" count="0" type="stmt"/>
      <line num="492" count="0" type="cond" truecount="0" falsecount="2"/>
      <line num="493" count="0" type="stmt"/>
      <line num="495" count="0" type="cond" truecount="0" falsecount="2"/>
      <line num="496" count="0" type="stmt"/>
      <line num="511" count="5" type="stmt"/>
      <line num="512" count="5" type="stmt"/>
      <line num="513" count="5" type="stmt"/>
      <line num="514" count="5" type="stmt"/>
      <line num="515" count="5" type="stmt"/>
      <line num="516" count="5" type="stmt"/>
      <line num="517" count="5" type="stmt"/>
      <line num="518" count="5" type="stmt"/>
      <line num="519" count="5" type="stmt"/>
      <line num="520" count="5" type="cond" truecount="1" falsecount="1"/>
      <line num="521" count="5" type="stmt"/>
      <line num="522" count="5" type="cond" truecount="1" falsecount="1"/>
      <line num="523" count="5" type="cond" truecount="2" falsecount="0"/>
      <line num="524" count="3" type="cond" truecount="1" falsecount="1"/>
      <line num="525" count="3" type="stmt"/>
      <line num="527" count="0" type="stmt"/>
      <line num="530" count="2" type="cond" truecount="1" falsecount="1"/>
      <line num="531" count="2" type="stmt"/>
      <line num="533" count="0" type="stmt"/>
      <line num="535" count="5" type="cond" truecount="1" falsecount="1"/>
      <line num="536" count="0" type="cond" truecount="0" falsecount="2"/>
      <line num="537" count="0" type="stmt"/>
      <line num="539" count="0" type="stmt"/>
      <line num="542" count="5" type="cond" truecount="1" falsecount="1"/>
      <line num="543" count="5" type="stmt"/>
      <line num="545" count="0" type="stmt"/>
      <line num="547" count="5" type="cond" truecount="1" falsecount="1"/>
      <line num="548" count="0" type="cond" truecount="0" falsecount="2"/>
      <line num="549" count="0" type="stmt"/>
      <line num="551" count="0" type="stmt"/>
      <line num="554" count="5" type="cond" truecount="1" falsecount="1"/>
      <line num="555" count="5" type="stmt"/>
      <line num="557" count="0" type="stmt"/>
      <line num="559" count="5" type="cond" truecount="2" falsecount="0"/>
      <line num="560" count="1" type="stmt"/>
      <line num="561" count="1" type="cond" truecount="1" falsecount="1"/>
      <line num="562" count="1" type="stmt"/>
      <line num="564" count="0" type="stmt"/>
      <line num="566" count="4" type="cond" truecount="2" falsecount="0"/>
      <line num="567" count="1" type="stmt"/>
      <line num="568" count="1" type="cond" truecount="1" falsecount="1"/>
      <line num="569" count="1" type="stmt"/>
      <line num="571" count="0" type="stmt"/>
      <line num="573" count="3" type="cond" truecount="2" falsecount="0"/>
      <line num="574" count="1" type="stmt"/>
      <line num="575" count="1" type="cond" truecount="1" falsecount="1"/>
      <line num="576" count="1" type="stmt"/>
      <line num="578" count="0" type="stmt"/>
      <line num="580" count="2" type="cond" truecount="2" falsecount="0"/>
      <line num="581" count="1" type="stmt"/>
      <line num="582" count="1" type="cond" truecount="1" falsecount="1"/>
      <line num="583" count="1" type="stmt"/>
      <line num="585" count="0" type="stmt"/>
      <line num="587" count="1" type="cond" truecount="1" falsecount="1"/>
      <line num="588" count="0" type="stmt"/>
      <line num="589" count="0" type="cond" truecount="0" falsecount="2"/>
      <line num="590" count="0" type="stmt"/>
      <line num="592" count="0" type="stmt"/>
      <line num="607" count="4" type="stmt"/>
      <line num="608" count="4" type="stmt"/>
      <line num="609" count="4" type="stmt"/>
      <line num="610" count="18" type="cond" truecount="2" falsecount="0"/>
      <line num="611" count="4" type="stmt"/>
      <line num="613" count="14" type="stmt"/>
      <line num="615" count="4" type="stmt"/>
      <line num="628" count="21" type="stmt"/>
      <line num="629" count="0" type="stmt"/>
      <line num="630" count="0" type="stmt"/>
      <line num="631" count="0" type="stmt"/>
      <line num="632" count="0" type="cond" truecount="0" falsecount="2"/>
      <line num="633" count="0" type="stmt"/>
      <line num="634" count="0" type="cond" truecount="0" falsecount="4"/>
      <line num="635" count="0" type="stmt"/>
      <line num="636" count="0" type="cond" truecount="0" falsecount="4"/>
      <line num="637" count="0" type="stmt"/>
      <line num="639" count="0" type="stmt"/>
      <line num="653" count="21" type="stmt"/>
      <line num="654" count="21" type="stmt"/>
      <line num="655" count="21" type="stmt"/>
      <line num="656" count="21" type="stmt"/>
      <line num="657" count="21" type="stmt"/>
      <line num="673" count="21" type="stmt"/>
      <line num="674" count="21" type="cond" truecount="1" falsecount="1"/>
      <line num="675" count="0" type="stmt"/>
      <line num="676" count="0" type="stmt"/>
      <line num="678" count="21" type="cond" truecount="1" falsecount="1"/>
      <line num="679" count="0" type="stmt"/>
      <line num="680" count="0" type="stmt"/>
      <line num="682" count="21" type="cond" truecount="1" falsecount="1"/>
      <line num="683" count="0" type="stmt"/>
      <line num="684" count="0" type="stmt"/>
      <line num="686" count="21" type="cond" truecount="1" falsecount="1"/>
      <line num="687" count="0" type="stmt"/>
      <line num="688" count="0" type="stmt"/>
      <line num="690" count="21" type="cond" truecount="1" falsecount="1"/>
      <line num="691" count="0" type="stmt"/>
      <line num="692" count="0" type="cond" truecount="0" falsecount="2"/>
      <line num="693" count="0" type="stmt"/>
      <line num="695" count="0" type="cond" truecount="0" falsecount="2"/>
      <line num="696" count="0" type="stmt"/>
      <line num="699" count="0" type="stmt"/>
      <line num="703" count="21" type="stmt"/>
      <line num="704" count="21" type="stmt"/>
      <line num="706" count="21" type="stmt"/>
      <line num="719" count="21" type="cond" truecount="1" falsecount="1"/>
      <line num="720" count="0" type="stmt"/>
      <line num="721" count="0" type="cond" truecount="0" falsecount="2"/>
      <line num="722" count="0" type="stmt"/>
      <line num="723" count="0" type="stmt"/>
      <line num="725" count="0" type="cond" truecount="0" falsecount="2"/>
      <line num="726" count="0" type="stmt"/>
      <line num="727" count="0" type="stmt"/>
      <line num="744" count="1" type="stmt"/>
      <line num="745" count="1" type="stmt"/>
      <line num="746" count="1" type="stmt"/>
      <line num="747" count="1" type="stmt"/>
      <line num="761" count="1" type="stmt"/>
      <line num="762" count="1" type="stmt"/>
      <line num="763" count="1" type="stmt"/>
      <line num="764" count="1" type="stmt"/>
      <line num="778" count="4" type="stmt"/>
      <line num="779" count="4" type="stmt"/>
      <line num="780" count="20" type="cond" truecount="2" falsecount="0"/>
      <line num="781" count="2" type="stmt"/>
      <line num="783" count="18" type="stmt"/>
      <line num="785" count="4" type="stmt"/>
      <line num="801" count="21" type="stmt"/>
      <line num="802" count="21" type="stmt"/>
      <line num="806" count="1" type="stmt"/>
      <line num="807" count="1" type="cond" truecount="1" falsecount="1"/>
      <line num="808" count="1" type="stmt"/>
      <line num="809" count="1" type="stmt"/>
      <line num="812" count="1" type="stmt"/>
      <line num="831" count="21" type="stmt"/>
      <line num="832" count="21" type="stmt"/>
      <line num="833" count="21" type="stmt"/>
      <line num="838" count="4" type="cond" truecount="2" falsecount="0"/>
      <line num="839" count="3" type="stmt"/>
      <line num="840" count="3" type="stmt"/>
      <line num="841" count="3" type="stmt"/>
      <line num="844" count="1" type="cond" truecount="1" falsecount="1"/>
      <line num="845" count="1" type="stmt"/>
      <line num="846" count="1" type="stmt"/>
      <line num="847" count="1" type="stmt"/>
      <line num="851" count="0" type="stmt"/>
      <line num="852" count="0" type="stmt"/>
      <line num="853" count="0" type="stmt"/>
      <line num="855" count="4" type="stmt"/>
      <line num="856" count="4" type="stmt"/>
      <line num="876" count="2" type="stmt"/>
      <line num="877" count="2" type="stmt"/>
      <line num="878" count="2" type="stmt"/>
      <line num="879" count="0" type="cond" truecount="0" falsecount="2"/>
      <line num="880" count="0" type="stmt"/>
      <line num="881" count="0" type="stmt"/>
      <line num="882" count="0" type="stmt"/>
      <line num="883" count="0" type="stmt"/>
      <line num="885" count="0" type="stmt"/>
      <line num="886" count="0" type="stmt"/>
      <line num="888" count="0" type="stmt"/>
      <line num="914" count="1" type="cond" truecount="1" falsecount="1"/>
      <line num="915" count="1" type="stmt"/>
      <line num="916" count="1" type="stmt"/>
      <line num="918" count="1" type="cond" truecount="1" falsecount="1"/>
      <line num="919" count="1" type="stmt"/>
      <line num="920" count="1" type="stmt"/>
      <line num="924" count="0" type="stmt"/>
      <line num="925" count="0" type="stmt"/>
      <line num="926" count="0" type="stmt"/>
      <line num="932" count="0" type="cond" truecount="0" falsecount="2"/>
      <line num="933" count="0" type="stmt"/>
      <line num="934" count="0" type="stmt"/>
      <line num="937" count="0" type="stmt"/>
      <line num="938" count="0" type="stmt"/>
      <line num="940" count="0" type="stmt"/>
      <line num="942" count="1" type="stmt"/>
      <line num="960" count="58" type="stmt"/>
      <line num="961" count="58" type="stmt"/>
      <line num="963" count="58" type="cond" truecount="2" falsecount="0"/>
      <line num="964" count="8" type="stmt"/>
      <line num="966" count="58" type="stmt"/>
      <line num="967" count="58" type="stmt"/>
      <line num="969" count="58" type="cond" truecount="2" falsecount="0"/>
      <line num="970" count="56" type="stmt"/>
      <line num="972" count="58" type="stmt"/>
      <line num="989" count="4" type="stmt"/>
      <line num="990" count="4" type="stmt"/>
      <line num="992" count="4" type="stmt"/>
      <line num="993" count="4" type="stmt"/>
      <line num="995" count="4" type="stmt"/>
      <line num="1010" count="2" type="stmt"/>
      <line num="1011" count="2" type="stmt"/>
      <line num="1012" count="2" type="stmt"/>
      <line num="1013" count="2" type="stmt"/>
      <line num="1014" count="2" type="stmt"/>
      <line num="1029" count="5" type="stmt"/>
      <line num="1030" count="5" type="stmt"/>
      <line num="1031" count="5" type="stmt"/>
      <line num="1032" count="5" type="stmt"/>
      <line num="1033" count="5" type="stmt"/>
      <line num="1046" count="10" type="stmt"/>
      <line num="1047" count="10" type="cond" truecount="2" falsecount="0"/>
      <line num="1048" count="9" type="stmt"/>
      <line num="1049" count="9" type="stmt"/>
      <line num="1050" count="9" type="stmt"/>
      <line num="1051" count="1" type="cond" truecount="3" falsecount="1"/>
      <line num="1052" count="1" type="stmt"/>
      <line num="1053" count="1" type="stmt"/>
      <line num="1054" count="1" type="stmt"/>
      <line num="1055" count="0" type="cond" truecount="0" falsecount="4"/>
      <line num="1056" count="0" type="stmt"/>
      <line num="1057" count="0" type="stmt"/>
      <line num="1058" count="0" type="stmt"/>
      <line num="1060" count="10" type="stmt"/>
      <line num="1076" count="21" type="stmt"/>
      <line num="1078" count="21" type="stmt"/>
      <line num="1079" count="21" type="stmt"/>
      <line num="1082" count="21" type="stmt"/>
      <line num="1083" count="0" type="stmt"/>
      <line num="1084" count="0" type="cond" truecount="0" falsecount="5"/>
      <line num="1086" count="0" type="stmt"/>
      <line num="1087" count="0" type="stmt"/>
      <line num="1092" count="21" type="stmt"/>
      <line num="1093" count="0" type="stmt"/>
      <line num="1094" count="0" type="cond" truecount="0" falsecount="5"/>
      <line num="1096" count="0" type="stmt"/>
      <line num="1097" count="0" type="stmt"/>
      <line num="1102" count="21" type="stmt"/>
      <line num="1103" count="0" type="stmt"/>
      <line num="1104" count="0" type="cond" truecount="0" falsecount="5"/>
      <line num="1106" count="0" type="stmt"/>
      <line num="1107" count="0" type="stmt"/>
      <line num="1112" count="21" type="stmt"/>
      <line num="1113" count="0" type="stmt"/>
      <line num="1114" count="0" type="cond" truecount="0" falsecount="5"/>
      <line num="1116" count="0" type="stmt"/>
      <line num="1117" count="0" type="stmt"/>
      <line num="1130" count="24" type="stmt"/>
      <line num="1131" count="24" type="stmt"/>
      <line num="1132" count="24" type="stmt"/>
      <line num="1135" count="24" type="cond" truecount="2" falsecount="0"/>
      <line num="1136" count="1" type="stmt"/>
      <line num="1137" count="1" type="stmt"/>
      <line num="1139" count="24" type="cond" truecount="2" falsecount="0"/>
      <line num="1140" count="1" type="stmt"/>
      <line num="1141" count="1" type="stmt"/>
      <line num="1143" count="24" type="cond" truecount="2" falsecount="0"/>
      <line num="1144" count="1" type="stmt"/>
      <line num="1145" count="1" type="stmt"/>
      <line num="1149" count="24" type="stmt"/>
      <line num="1150" count="24" type="stmt"/>
      <line num="1151" count="24" type="stmt"/>
      <line num="1154" count="24" type="stmt"/>
      <line num="1155" count="24" type="stmt"/>
      <line num="1156" count="24" type="stmt"/>
      <line num="1161" count="24" type="cond" truecount="1" falsecount="1"/>
      <line num="1162" count="24" type="stmt"/>
      <line num="1163" count="0" type="cond" truecount="0" falsecount="2"/>
      <line num="1164" count="0" type="stmt"/>
      <line num="1166" count="0" type="stmt"/>
      <line num="1170" count="24" type="stmt"/>
      <line num="1176" count="24" type="stmt"/>
      <line num="1178" count="24" type="cond" truecount="2" falsecount="0"/>
      <line num="1179" count="1" type="stmt"/>
      <line num="1180" count="1" type="stmt"/>
      <line num="1182" count="24" type="stmt"/>
      <line num="1189" count="24" type="stmt"/>
      <line num="1190" count="24" type="stmt"/>
      <line num="1191" count="24" type="stmt"/>
      <line num="1192" count="24" type="stmt"/>
      <line num="1207" count="1" type="stmt"/>
      <line num="1208" count="1" type="stmt"/>
      <line num="1210" count="1" type="stmt"/>
      <line num="1211" count="1" type="stmt"/>
      <line num="1212" count="1" type="stmt"/>
      <line num="1213" count="1" type="stmt"/>
      <line num="1214" count="1" type="stmt"/>
      <line num="1215" count="1" type="stmt"/>
      <line num="1217" count="1" type="stmt"/>
      <line num="1218" count="1" type="stmt"/>
      <line num="1219" count="1" type="stmt"/>
      <line num="1220" count="1" type="stmt"/>
      <line num="1221" count="1" type="stmt"/>
      <line num="1223" count="1" type="stmt"/>
      <line num="1224" count="1" type="stmt"/>
      <line num="1225" count="1" type="stmt"/>
      <line num="1226" count="1" type="stmt"/>
      <line num="1227" count="1" type="stmt"/>
      <line num="1229" count="1" type="stmt"/>
      <line num="1230" count="1" type="stmt"/>
      <line num="1231" count="1" type="stmt"/>
      <line num="1232" count="1" type="stmt"/>
      <line num="1233" count="1" type="stmt"/>
      <line num="1235" count="1" type="stmt"/>
      <line num="1236" count="1" type="stmt"/>
      <line num="1237" count="1" type="stmt"/>
      <line num="1238" count="1" type="stmt"/>
      <line num="1239" count="1" type="stmt"/>
      <line num="1240" count="1" type="stmt"/>
      <line num="1241" count="1" type="stmt"/>
      <line num="1244" count="1" type="stmt"/>
      <line num="1245" count="1" type="stmt"/>
      <line num="1246" count="1" type="stmt"/>
      <line num="1247" count="1" type="stmt"/>
      <line num="1248" count="1" type="stmt"/>
      <line num="1249" count="1" type="stmt"/>
      <line num="1250" count="1" type="stmt"/>
      <line num="1251" count="1" type="stmt"/>
      <line num="1252" count="1" type="stmt"/>
      <line num="1253" count="1" type="stmt"/>
      <line num="1254" count="1" type="stmt"/>
      <line num="1255" count="1" type="stmt"/>
      <line num="1256" count="1" type="stmt"/>
      <line num="1257" count="1" type="stmt"/>
      <line num="1258" count="1" type="stmt"/>
      <line num="1260" count="1" type="stmt"/>
      <line num="1261" count="1" type="stmt"/>
      <line num="1262" count="1" type="stmt"/>
      <line num="1263" count="1" type="stmt"/>
      <line num="1264" count="1" type="stmt"/>
      <line num="1265" count="1" type="stmt"/>
      <line num="1267" count="1" type="stmt"/>
      <line num="1268" count="1" type="stmt"/>
      <line num="1269" count="1" type="stmt"/>
      <line num="1270" count="1" type="stmt"/>
      <line num="1271" count="1" type="stmt"/>
      <line num="1272" count="1" type="stmt"/>
      <line num="1273" count="1" type="stmt"/>
      <line num="1274" count="1" type="stmt"/>
      <line num="1275" count="1" type="stmt"/>
      <line num="1276" count="1" type="stmt"/>
      <line num="1277" count="1" type="stmt"/>
      <line num="1278" count="1" type="stmt"/>
      <line num="1279" count="1" type="stmt"/>
      <line num="1280" count="1" type="stmt"/>
      <line num="1281" count="1" type="stmt"/>
      <line num="1282" count="1" type="stmt"/>
      <line num="1283" count="1" type="stmt"/>
      <line num="1287" count="1" type="stmt"/>
      <line num="1288" count="1" type="stmt"/>
      <line num="1290" count="1" type="stmt"/>
      <line num="1291" count="1" type="stmt"/>
      <line num="1292" count="1" type="stmt"/>
      <line num="1293" count="1" type="stmt"/>
      <line num="1294" count="1" type="stmt"/>
      <line num="1295" count="1" type="stmt"/>
      <line num="1296" count="1" type="stmt"/>
      <line num="1297" count="1" type="stmt"/>
      <line num="1298" count="1" type="stmt"/>
      <line num="1299" count="1" type="stmt"/>
      <line num="1300" count="1" type="stmt"/>
      <line num="1301" count="1" type="stmt"/>
      <line num="1302" count="1" type="stmt"/>
      <line num="1303" count="1" type="stmt"/>
      <line num="1304" count="1" type="stmt"/>
      <line num="1306" count="1" type="stmt"/>
      <line num="1307" count="1" type="stmt"/>
      <line num="1308" count="1" type="stmt"/>
      <line num="1309" count="1" type="stmt"/>
      <line num="1310" count="1" type="stmt"/>
      <line num="1312" count="1" type="stmt"/>
      <line num="1313" count="1" type="stmt"/>
      <line num="1314" count="1" type="stmt"/>
      <line num="1315" count="1" type="stmt"/>
      <line num="1316" count="1" type="stmt"/>
      <line num="1317" count="1" type="stmt"/>
      <line num="1318" count="1" type="stmt"/>
      <line num="1320" count="1" type="stmt"/>
      <line num="1321" count="1" type="stmt"/>
      <line num="1322" count="1" type="stmt"/>
      <line num="1323" count="1" type="stmt"/>
      <line num="1324" count="1" type="stmt"/>
      <line num="1325" count="1" type="stmt"/>
      <line num="1327" count="1" type="stmt"/>
      <line num="1328" count="1" type="stmt"/>
      <line num="1329" count="1" type="stmt"/>
      <line num="1330" count="1" type="stmt"/>
      <line num="1331" count="1" type="stmt"/>
      <line num="1332" count="1" type="stmt"/>
      <line num="1333" count="1" type="stmt"/>
      <line num="1334" count="1" type="stmt"/>
      <line num="1335" count="1" type="stmt"/>
      <line num="1336" count="1" type="stmt"/>
      <line num="1337" count="1" type="stmt"/>
      <line num="1338" count="1" type="stmt"/>
      <line num="1339" count="1" type="stmt"/>
      <line num="1340" count="1" type="stmt"/>
      <line num="1341" count="1" type="stmt"/>
      <line num="1342" count="1" type="stmt"/>
      <line num="1343" count="1" type="stmt"/>
      <line num="1357" count="3" type="cond" truecount="2" falsecount="0"/>
      <line num="1358" count="1" type="stmt"/>
      <line num="1359" count="1" type="stmt"/>
      <line num="1361" count="2" type="cond" truecount="2" falsecount="0"/>
      <line num="1362" count="1" type="stmt"/>
      <line num="1363" count="1" type="stmt"/>
      <line num="1366" count="1" type="stmt"/>
      <line num="1367" count="1" type="stmt"/>
      <line num="1374" count="2" type="stmt"/>
      <line num="1376" count="2" type="stmt"/>
      <line num="1377" count="2" type="cond" truecount="2" falsecount="0"/>
      <line num="1378" count="1" type="stmt"/>
      <line num="1381" count="1" type="stmt"/>
      <line num="1384" count="2" type="stmt"/>
      <line num="1385" count="2" type="cond" truecount="2" falsecount="0"/>
      <line num="1386" count="1" type="stmt"/>
      <line num="1389" count="1" type="stmt"/>
      <line num="1394" count="0" type="stmt"/>
      <line num="1395" count="0" type="stmt"/>
      <line num="1399" count="21" type="stmt"/>
    </file>
  </project>
</coverage>
