<?xml version="1.0" encoding="UTF-8"?>
<coverage generated="1615751953007" clover="3.2.0">
  <project timestamp="1615751953007" name="All files">
    <metrics statements="680" coveredstatements="368" conditionals="229" coveredconditionals="69" methods="73" coveredmethods="21" elements="982" coveredelements="458" complexity="0" loc="680" ncloc="680" packages="1" files="1" classes="1"/>
    <file name="mainjest.js" path="/home/ethan/cse110/cse110-w21-group1/source/Front-end/javascript/mainjest.js">
      <metrics statements="680" coveredstatements="368" conditionals="229" coveredconditionals="69" methods="73" coveredmethods="21"/>
      <line num="16" count="22" type="stmt"/>
      <line num="17" count="22" type="stmt"/>
      <line num="18" count="22" type="stmt"/>
      <line num="19" count="22" type="stmt"/>
      <line num="21" count="0" type="stmt"/>
      <line num="23" count="22" type="stmt"/>
      <line num="24" count="22" type="stmt"/>
      <line num="25" count="22" type="stmt"/>
      <line num="26" count="22" type="stmt"/>
      <line num="27" count="22" type="stmt"/>
      <line num="28" count="22" type="stmt"/>
      <line num="30" count="22" type="stmt"/>
      <line num="31" count="22" type="stmt"/>
      <line num="42" count="22" type="stmt"/>
      <line num="43" count="22" type="stmt"/>
      <line num="44" count="22" type="stmt"/>
      <line num="45" count="22" type="stmt"/>
      <line num="46" count="22" type="stmt"/>
      <line num="58" count="22" type="stmt"/>
      <line num="59" count="0" type="cond" truecount="0" falsecount="5"/>
      <line num="60" count="0" type="stmt"/>
      <line num="61" count="0" type="stmt"/>
      <line num="62" count="0" type="stmt"/>
      <line num="63" count="0" type="stmt"/>
      <line num="64" count="0" type="stmt"/>
      <line num="65" count="0" type="stmt"/>
      <line num="68" count="0" type="stmt"/>
      <line num="69" count="0" type="cond" truecount="0" falsecount="2"/>
      <line num="70" count="0" type="stmt"/>
      <line num="71" count="0" type="cond" truecount="0" falsecount="2"/>
      <line num="72" count="0" type="stmt"/>
      <line num="73" count="0" type="stmt"/>
      <line num="76" count="0" type="stmt"/>
      <line num="77" count="0" type="stmt"/>
      <line num="78" count="0" type="stmt"/>
      <line num="82" count="0" type="cond" truecount="0" falsecount="2"/>
      <line num="83" count="0" type="stmt"/>
      <line num="85" count="0" type="stmt"/>
      <line num="86" count="0" type="stmt"/>
      <line num="87" count="0" type="stmt"/>
      <line num="88" count="0" type="stmt"/>
      <line num="89" count="0" type="stmt"/>
      <line num="93" count="0" type="stmt"/>
      <line num="94" count="0" type="cond" truecount="0" falsecount="2"/>
      <line num="100" count="22" type="stmt"/>
      <line num="101" count="0" type="stmt"/>
      <line num="102" count="0" type="stmt"/>
      <line num="103" count="0" type="stmt"/>
      <line num="104" count="0" type="stmt"/>
      <line num="105" count="0" type="stmt"/>
      <line num="109" count="22" type="stmt"/>
      <line num="110" count="0" type="stmt"/>
      <line num="111" count="0" type="stmt"/>
      <line num="112" count="0" type="stmt"/>
      <line num="113" count="0" type="stmt"/>
      <line num="114" count="0" type="stmt"/>
      <line num="117" count="22" type="stmt"/>
      <line num="118" count="0" type="stmt"/>
      <line num="120" count="0" type="stmt"/>
      <line num="123" count="22" type="stmt"/>
      <line num="124" count="0" type="cond" truecount="0" falsecount="2"/>
      <line num="125" count="0" type="stmt"/>
      <line num="126" count="0" type="stmt"/>
      <line num="128" count="0" type="cond" truecount="0" falsecount="2"/>
      <line num="129" count="0" type="stmt"/>
      <line num="130" count="0" type="stmt"/>
      <line num="133" count="0" type="stmt"/>
      <line num="134" count="0" type="stmt"/>
      <line num="138" count="22" type="stmt"/>
      <line num="139" count="0" type="cond" truecount="0" falsecount="2"/>
      <line num="140" count="0" type="stmt"/>
      <line num="142" count="0" type="stmt"/>
      <line num="145" count="22" type="stmt"/>
      <line num="146" count="0" type="stmt"/>
      <line num="147" count="0" type="stmt"/>
      <line num="148" count="0" type="stmt"/>
      <line num="149" count="0" type="cond" truecount="0" falsecount="2"/>
      <line num="150" count="0" type="stmt"/>
      <line num="152" count="0" type="cond" truecount="0" falsecount="2"/>
      <line num="153" count="0" type="stmt"/>
      <line num="155" count="0" type="stmt"/>
      <line num="156" count="0" type="stmt"/>
      <line num="161" count="22" type="stmt"/>
      <line num="162" count="0" type="stmt"/>
      <line num="163" count="0" type="stmt"/>
      <line num="164" count="0" type="stmt"/>
      <line num="165" count="0" type="stmt"/>
      <line num="166" count="0" type="stmt"/>
      <line num="169" count="22" type="stmt"/>
      <line num="170" count="0" type="stmt"/>
      <line num="171" count="0" type="stmt"/>
      <line num="172" count="0" type="stmt"/>
      <line num="173" count="0" type="stmt"/>
      <line num="174" count="0" type="stmt"/>
      <line num="177" count="22" type="stmt"/>
      <line num="178" count="0" type="stmt"/>
      <line num="179" count="0" type="cond" truecount="0" falsecount="2"/>
      <line num="180" count="0" type="stmt"/>
      <line num="182" count="0" type="stmt"/>
      <line num="183" count="0" type="stmt"/>
      <line num="186" count="22" type="stmt"/>
      <line num="187" count="0" type="stmt"/>
      <line num="188" count="0" type="stmt"/>
      <line num="189" count="0" type="cond" truecount="0" falsecount="2"/>
      <line num="190" count="0" type="stmt"/>
      <line num="192" count="0" type="stmt"/>
      <line num="193" count="0" type="stmt"/>
      <line num="194" count="0" type="stmt"/>
      <line num="197" count="22" type="stmt"/>
      <line num="198" count="0" type="stmt"/>
      <line num="199" count="0" type="cond" truecount="0" falsecount="2"/>
      <line num="200" count="0" type="stmt"/>
      <line num="202" count="0" type="stmt"/>
      <line num="203" count="0" type="stmt"/>
      <line num="206" count="22" type="stmt"/>
      <line num="207" count="0" type="stmt"/>
      <line num="208" count="0" type="stmt"/>
      <line num="209" count="0" type="cond" truecount="0" falsecount="2"/>
      <line num="210" count="0" type="stmt"/>
      <line num="212" count="0" type="stmt"/>
      <line num="213" count="0" type="stmt"/>
      <line num="214" count="0" type="stmt"/>
      <line num="217" count="22" type="stmt"/>
      <line num="218" count="0" type="stmt"/>
      <line num="219" count="0" type="cond" truecount="0" falsecount="2"/>
      <line num="220" count="0" type="stmt"/>
      <line num="222" count="0" type="stmt"/>
      <line num="223" count="0" type="stmt"/>
      <line num="226" count="22" type="stmt"/>
      <line num="227" count="0" type="stmt"/>
      <line num="228" count="0" type="cond" truecount="0" falsecount="2"/>
      <line num="229" count="0" type="cond" truecount="0" falsecount="2"/>
      <line num="230" count="0" type="stmt"/>
      <line num="232" count="0" type="stmt"/>
      <line num="233" count="0" type="stmt"/>
      <line num="234" count="0" type="stmt"/>
      <line num="236" count="0" type="cond" truecount="0" falsecount="2"/>
      <line num="237" count="0" type="stmt"/>
      <line num="238" count="0" type="stmt"/>
      <line num="239" count="0" type="cond" truecount="0" falsecount="2"/>
      <line num="240" count="0" type="stmt"/>
      <line num="242" count="0" type="stmt"/>
      <line num="243" count="0" type="stmt"/>
      <line num="244" count="0" type="stmt"/>
      <line num="245" count="0" type="stmt"/>
      <line num="248" count="0" type="stmt"/>
      <line num="249" count="0" type="stmt"/>
      <line num="252" count="22" type="stmt"/>
      <line num="253" count="0" type="stmt"/>
      <line num="254" count="0" type="cond" truecount="0" falsecount="2"/>
      <line num="255" count="0" type="stmt"/>
      <line num="257" count="0" type="stmt"/>
      <line num="258" count="0" type="stmt"/>
      <line num="261" count="22" type="stmt"/>
      <line num="262" count="0" type="stmt"/>
      <line num="263" count="0" type="cond" truecount="0" falsecount="2"/>
      <line num="264" count="0" type="cond" truecount="0" falsecount="2"/>
      <line num="265" count="0" type="stmt"/>
      <line num="267" count="0" type="stmt"/>
      <line num="268" count="0" type="stmt"/>
      <line num="269" count="0" type="stmt"/>
      <line num="271" count="0" type="cond" truecount="0" falsecount="2"/>
      <line num="272" count="0" type="stmt"/>
      <line num="273" count="0" type="stmt"/>
      <line num="274" count="0" type="stmt"/>
      <line num="275" count="0" type="cond" truecount="0" falsecount="2"/>
      <line num="276" count="0" type="stmt"/>
      <line num="278" count="0" type="stmt"/>
      <line num="279" count="0" type="stmt"/>
      <line num="280" count="0" type="stmt"/>
      <line num="283" count="0" type="stmt"/>
      <line num="284" count="0" type="stmt"/>
      <line num="287" count="22" type="stmt"/>
      <line num="288" count="0" type="stmt"/>
      <line num="289" count="0" type="cond" truecount="0" falsecount="2"/>
      <line num="290" count="0" type="stmt"/>
      <line num="292" count="0" type="stmt"/>
      <line num="293" count="0" type="stmt"/>
      <line num="296" count="22" type="stmt"/>
      <line num="297" count="0" type="stmt"/>
      <line num="298" count="0" type="cond" truecount="0" falsecount="2"/>
      <line num="299" count="0" type="cond" truecount="0" falsecount="2"/>
      <line num="300" count="0" type="stmt"/>
      <line num="302" count="0" type="stmt"/>
      <line num="303" count="0" type="stmt"/>
      <line num="304" count="0" type="stmt"/>
      <line num="307" count="0" type="stmt"/>
      <line num="308" count="0" type="stmt"/>
      <line num="309" count="0" type="stmt"/>
      <line num="310" count="0" type="cond" truecount="0" falsecount="2"/>
      <line num="311" count="0" type="stmt"/>
      <line num="313" count="0" type="stmt"/>
      <line num="314" count="0" type="stmt"/>
      <line num="315" count="0" type="stmt"/>
      <line num="317" count="0" type="stmt"/>
      <line num="320" count="22" type="stmt"/>
      <line num="321" count="0" type="stmt"/>
      <line num="322" count="0" type="stmt"/>
      <line num="325" count="22" type="stmt"/>
      <line num="326" count="0" type="stmt"/>
      <line num="327" count="0" type="stmt"/>
      <line num="330" count="22" type="stmt"/>
      <line num="331" count="0" type="stmt"/>
      <line num="332" count="0" type="stmt"/>
      <line num="335" count="22" type="stmt"/>
      <line num="336" count="0" type="stmt"/>
      <line num="339" count="0" type="stmt"/>
      <line num="340" count="0" type="stmt"/>
      <line num="343" count="0" type="stmt"/>
      <line num="351" count="0" type="stmt"/>
      <line num="352" count="0" type="stmt"/>
      <line num="353" count="0" type="stmt"/>
      <line num="355" count="0" type="stmt"/>
      <line num="356" count="0" type="stmt"/>
      <line num="359" count="0" type="stmt"/>
      <line num="360" count="0" type="stmt"/>
      <line num="365" count="22" type="stmt"/>
      <line num="366" count="0" type="stmt"/>
      <line num="367" count="0" type="stmt"/>
      <line num="370" count="22" type="stmt"/>
      <line num="371" count="0" type="stmt"/>
      <line num="372" count="0" type="stmt"/>
      <line num="375" count="22" type="stmt"/>
      <line num="376" count="0" type="stmt"/>
      <line num="377" count="0" type="stmt"/>
      <line num="380" count="22" type="stmt"/>
      <line num="381" count="0" type="stmt"/>
      <line num="382" count="0" type="stmt"/>
      <line num="385" count="22" type="stmt"/>
      <line num="387" count="0" type="stmt"/>
      <line num="392" count="22" type="stmt"/>
      <line num="393" count="0" type="stmt"/>
      <line num="396" count="22" type="stmt"/>
      <line num="397" count="0" type="stmt"/>
      <line num="398" count="0" type="stmt"/>
      <line num="401" count="22" type="stmt"/>
      <line num="402" count="0" type="stmt"/>
      <line num="403" count="0" type="stmt"/>
      <line num="406" count="22" type="stmt"/>
      <line num="407" count="0" type="stmt"/>
      <line num="408" count="0" type="stmt"/>
      <line num="411" count="22" type="stmt"/>
      <line num="412" count="0" type="stmt"/>
      <line num="414" count="0" type="stmt"/>
      <line num="415" count="0" type="stmt"/>
      <line num="416" count="0" type="stmt"/>
      <line num="417" count="0" type="stmt"/>
      <line num="418" count="0" type="stmt"/>
      <line num="419" count="0" type="stmt"/>
      <line num="422" count="0" type="stmt"/>
      <line num="423" count="0" type="stmt"/>
      <line num="427" count="22" type="stmt"/>
      <line num="428" count="0" type="cond" truecount="0" falsecount="2"/>
      <line num="431" count="0" type="stmt"/>
      <line num="432" count="0" type="stmt"/>
      <line num="437" count="0" type="stmt"/>
      <line num="448" count="0" type="stmt"/>
      <line num="462" count="0" type="stmt"/>
      <line num="463" count="0" type="stmt"/>
      <line num="477" count="3" type="stmt"/>
      <line num="478" count="3" type="stmt"/>
      <line num="479" count="3" type="cond" truecount="1" falsecount="1"/>
      <line num="480" count="0" type="stmt"/>
      <line num="481" count="3" type="stmt"/>
      <line num="495" count="0" type="stmt"/>
      <line num="496" count="0" type="cond" truecount="0" falsecount="2"/>
      <line num="497" count="0" type="stmt"/>
      <line num="499" count="0" type="cond" truecount="0" falsecount="2"/>
      <line num="500" count="0" type="stmt"/>
      <line num="502" count="0" type="cond" truecount="0" falsecount="2"/>
      <line num="503" count="0" type="stmt"/>
      <line num="505" count="0" type="cond" truecount="0" falsecount="2"/>
      <line num="506" count="0" type="stmt"/>
      <line num="508" count="0" type="cond" truecount="0" falsecount="2"/>
      <line num="509" count="0" type="stmt"/>
      <line num="524" count="5" type="stmt"/>
      <line num="525" count="5" type="stmt"/>
      <line num="526" count="5" type="stmt"/>
      <line num="527" count="5" type="stmt"/>
      <line num="528" count="5" type="stmt"/>
      <line num="529" count="5" type="stmt"/>
      <line num="530" count="5" type="stmt"/>
      <line num="531" count="5" type="stmt"/>
      <line num="532" count="5" type="stmt"/>
      <line num="533" count="5" type="cond" truecount="1" falsecount="1"/>
      <line num="534" count="5" type="stmt"/>
      <line num="535" count="5" type="cond" truecount="1" falsecount="1"/>
      <line num="536" count="5" type="cond" truecount="2" falsecount="0"/>
      <line num="537" count="3" type="cond" truecount="1" falsecount="1"/>
      <line num="538" count="3" type="stmt"/>
      <line num="540" count="0" type="stmt"/>
      <line num="543" count="2" type="cond" truecount="1" falsecount="1"/>
      <line num="544" count="2" type="stmt"/>
      <line num="546" count="0" type="stmt"/>
      <line num="548" count="5" type="cond" truecount="1" falsecount="1"/>
      <line num="549" count="0" type="cond" truecount="0" falsecount="2"/>
      <line num="550" count="0" type="stmt"/>
      <line num="552" count="0" type="stmt"/>
      <line num="555" count="5" type="cond" truecount="1" falsecount="1"/>
      <line num="556" count="5" type="stmt"/>
      <line num="558" count="0" type="stmt"/>
      <line num="560" count="5" type="cond" truecount="1" falsecount="1"/>
      <line num="561" count="0" type="cond" truecount="0" falsecount="2"/>
      <line num="562" count="0" type="stmt"/>
      <line num="564" count="0" type="stmt"/>
      <line num="567" count="5" type="cond" truecount="1" falsecount="1"/>
      <line num="568" count="5" type="stmt"/>
      <line num="570" count="0" type="stmt"/>
      <line num="572" count="5" type="cond" truecount="2" falsecount="0"/>
      <line num="573" count="1" type="stmt"/>
      <line num="574" count="1" type="cond" truecount="1" falsecount="1"/>
      <line num="575" count="1" type="stmt"/>
      <line num="577" count="0" type="stmt"/>
      <line num="579" count="4" type="cond" truecount="2" falsecount="0"/>
      <line num="580" count="1" type="stmt"/>
      <line num="581" count="1" type="cond" truecount="1" falsecount="1"/>
      <line num="582" count="1" type="stmt"/>
      <line num="584" count="0" type="stmt"/>
      <line num="586" count="3" type="cond" truecount="2" falsecount="0"/>
      <line num="587" count="1" type="stmt"/>
      <line num="588" count="1" type="cond" truecount="1" falsecount="1"/>
      <line num="589" count="1" type="stmt"/>
      <line num="591" count="0" type="stmt"/>
      <line num="593" count="2" type="cond" truecount="2" falsecount="0"/>
      <line num="594" count="1" type="stmt"/>
      <line num="595" count="1" type="cond" truecount="1" falsecount="1"/>
      <line num="596" count="1" type="stmt"/>
      <line num="598" count="0" type="stmt"/>
      <line num="600" count="1" type="cond" truecount="1" falsecount="1"/>
      <line num="601" count="0" type="stmt"/>
      <line num="602" count="0" type="cond" truecount="0" falsecount="2"/>
      <line num="603" count="0" type="stmt"/>
      <line num="605" count="0" type="stmt"/>
      <line num="620" count="4" type="stmt"/>
      <line num="621" count="4" type="stmt"/>
      <line num="622" count="4" type="stmt"/>
      <line num="623" count="18" type="cond" truecount="2" falsecount="0"/>
      <line num="624" count="4" type="stmt"/>
      <line num="626" count="14" type="stmt"/>
      <line num="628" count="4" type="stmt"/>
      <line num="641" count="22" type="stmt"/>
      <line num="642" count="0" type="stmt"/>
      <line num="643" count="0" type="stmt"/>
      <line num="644" count="0" type="stmt"/>
      <line num="645" count="0" type="cond" truecount="0" falsecount="2"/>
      <line num="646" count="0" type="stmt"/>
      <line num="647" count="0" type="cond" truecount="0" falsecount="4"/>
      <line num="648" count="0" type="stmt"/>
      <line num="649" count="0" type="cond" truecount="0" falsecount="4"/>
      <line num="650" count="0" type="stmt"/>
      <line num="652" count="0" type="stmt"/>
      <line num="667" count="22" type="stmt"/>
      <line num="668" count="22" type="cond" truecount="1" falsecount="1"/>
      <line num="669" count="0" type="stmt"/>
      <line num="670" count="0" type="stmt"/>
      <line num="672" count="22" type="cond" truecount="1" falsecount="1"/>
      <line num="673" count="0" type="stmt"/>
      <line num="674" count="0" type="stmt"/>
      <line num="676" count="22" type="cond" truecount="1" falsecount="1"/>
      <line num="677" count="0" type="stmt"/>
      <line num="678" count="0" type="stmt"/>
      <line num="680" count="22" type="cond" truecount="1" falsecount="1"/>
      <line num="681" count="0" type="stmt"/>
      <line num="682" count="0" type="stmt"/>
      <line num="684" count="22" type="cond" truecount="1" falsecount="1"/>
      <line num="685" count="0" type="stmt"/>
      <line num="686" count="0" type="cond" truecount="0" falsecount="2"/>
      <line num="687" count="0" type="stmt"/>
      <line num="689" count="0" type="cond" truecount="0" falsecount="2"/>
      <line num="690" count="0" type="stmt"/>
      <line num="693" count="0" type="stmt"/>
      <line num="697" count="22" type="stmt"/>
      <line num="698" count="22" type="stmt"/>
      <line num="700" count="22" type="stmt"/>
      <line num="713" count="22" type="cond" truecount="1" falsecount="1"/>
      <line num="714" count="0" type="stmt"/>
      <line num="715" count="0" type="cond" truecount="0" falsecount="2"/>
      <line num="716" count="0" type="stmt"/>
      <line num="717" count="0" type="stmt"/>
      <line num="719" count="0" type="cond" truecount="0" falsecount="2"/>
      <line num="720" count="0" type="stmt"/>
      <line num="721" count="0" type="stmt"/>
      <line num="738" count="1" type="stmt"/>
      <line num="739" count="1" type="stmt"/>
      <line num="740" count="1" type="stmt"/>
      <line num="741" count="1" type="stmt"/>
      <line num="755" count="1" type="stmt"/>
      <line num="756" count="1" type="stmt"/>
      <line num="757" count="1" type="stmt"/>
      <line num="758" count="1" type="stmt"/>
      <line num="772" count="4" type="stmt"/>
      <line num="773" count="4" type="stmt"/>
      <line num="774" count="20" type="cond" truecount="2" falsecount="0"/>
      <line num="775" count="2" type="stmt"/>
      <line num="777" count="18" type="stmt"/>
      <line num="779" count="4" type="stmt"/>
      <line num="795" count="22" type="stmt"/>
      <line num="796" count="22" type="stmt"/>
      <line num="800" count="1" type="stmt"/>
      <line num="801" count="1" type="cond" truecount="1" falsecount="1"/>
      <line num="802" count="1" type="stmt"/>
      <line num="803" count="1" type="stmt"/>
      <line num="806" count="1" type="stmt"/>
      <line num="825" count="22" type="stmt"/>
      <line num="826" count="22" type="stmt"/>
      <line num="827" count="22" type="stmt"/>
      <line num="832" count="4" type="cond" truecount="2" falsecount="0"/>
      <line num="833" count="3" type="stmt"/>
      <line num="834" count="3" type="stmt"/>
      <line num="835" count="3" type="stmt"/>
      <line num="838" count="1" type="cond" truecount="1" falsecount="1"/>
      <line num="839" count="1" type="stmt"/>
      <line num="840" count="1" type="stmt"/>
      <line num="841" count="1" type="stmt"/>
      <line num="845" count="0" type="stmt"/>
      <line num="846" count="0" type="stmt"/>
      <line num="847" count="0" type="stmt"/>
      <line num="849" count="4" type="stmt"/>
      <line num="850" count="4" type="stmt"/>
      <line num="870" count="2" type="stmt"/>
      <line num="871" count="2" type="stmt"/>
      <line num="872" count="2" type="stmt"/>
      <line num="873" count="0" type="cond" truecount="0" falsecount="2"/>
      <line num="874" count="0" type="stmt"/>
      <line num="875" count="0" type="stmt"/>
      <line num="876" count="0" type="stmt"/>
      <line num="877" count="0" type="stmt"/>
      <line num="879" count="0" type="stmt"/>
      <line num="880" count="0" type="stmt"/>
      <line num="882" count="0" type="stmt"/>
      <line num="908" count="1" type="cond" truecount="1" falsecount="1"/>
      <line num="909" count="1" type="stmt"/>
      <line num="910" count="1" type="stmt"/>
      <line num="912" count="1" type="cond" truecount="1" falsecount="1"/>
      <line num="913" count="1" type="stmt"/>
      <line num="914" count="1" type="stmt"/>
      <line num="918" count="0" type="stmt"/>
      <line num="919" count="0" type="stmt"/>
      <line num="920" count="0" type="stmt"/>
      <line num="926" count="0" type="cond" truecount="0" falsecount="2"/>
      <line num="927" count="0" type="stmt"/>
      <line num="928" count="0" type="stmt"/>
      <line num="931" count="0" type="stmt"/>
      <line num="932" count="0" type="stmt"/>
      <line num="934" count="0" type="stmt"/>
      <line num="936" count="1" type="stmt"/>
      <line num="951" count="60" type="stmt"/>
      <line num="952" count="60" type="stmt"/>
      <line num="954" count="60" type="cond" truecount="2" falsecount="0"/>
      <line num="955" count="8" type="stmt"/>
      <line num="957" count="60" type="stmt"/>
      <line num="958" count="60" type="stmt"/>
      <line num="960" count="60" type="cond" truecount="2" falsecount="0"/>
      <line num="961" count="58" type="stmt"/>
      <line num="963" count="60" type="stmt"/>
      <line num="978" count="4" type="stmt"/>
      <line num="979" count="4" type="stmt"/>
      <line num="981" count="4" type="stmt"/>
      <line num="982" count="4" type="stmt"/>
      <line num="984" count="4" type="stmt"/>
      <line num="997" count="2" type="stmt"/>
      <line num="998" count="2" type="stmt"/>
      <line num="999" count="2" type="stmt"/>
      <line num="1000" count="2" type="stmt"/>
      <line num="1001" count="2" type="stmt"/>
      <line num="1016" count="5" type="stmt"/>
      <line num="1017" count="5" type="stmt"/>
      <line num="1018" count="5" type="stmt"/>
      <line num="1019" count="5" type="stmt"/>
      <line num="1020" count="5" type="stmt"/>
      <line num="1033" count="10" type="stmt"/>
      <line num="1034" count="10" type="cond" truecount="2" falsecount="0"/>
      <line num="1035" count="9" type="stmt"/>
      <line num="1036" count="9" type="stmt"/>
      <line num="1037" count="9" type="stmt"/>
      <line num="1038" count="1" type="cond" truecount="3" falsecount="1"/>
      <line num="1039" count="1" type="stmt"/>
      <line num="1040" count="1" type="stmt"/>
      <line num="1041" count="1" type="stmt"/>
      <line num="1042" count="0" type="cond" truecount="0" falsecount="4"/>
      <line num="1043" count="0" type="stmt"/>
      <line num="1044" count="0" type="stmt"/>
      <line num="1045" count="0" type="stmt"/>
      <line num="1047" count="10" type="stmt"/>
      <line num="1063" count="22" type="stmt"/>
      <line num="1065" count="22" type="stmt"/>
      <line num="1066" count="22" type="stmt"/>
      <line num="1069" count="22" type="stmt"/>
      <line num="1070" count="0" type="stmt"/>
      <line num="1071" count="0" type="cond" truecount="0" falsecount="5"/>
      <line num="1073" count="0" type="stmt"/>
      <line num="1074" count="0" type="stmt"/>
      <line num="1079" count="22" type="stmt"/>
      <line num="1080" count="0" type="stmt"/>
      <line num="1081" count="0" type="cond" truecount="0" falsecount="5"/>
      <line num="1083" count="0" type="stmt"/>
      <line num="1084" count="0" type="stmt"/>
      <line num="1089" count="22" type="stmt"/>
      <line num="1090" count="0" type="stmt"/>
      <line num="1091" count="0" type="cond" truecount="0" falsecount="5"/>
      <line num="1093" count="0" type="stmt"/>
      <line num="1094" count="0" type="stmt"/>
      <line num="1099" count="22" type="stmt"/>
      <line num="1100" count="0" type="stmt"/>
      <line num="1101" count="0" type="cond" truecount="0" falsecount="5"/>
      <line num="1103" count="0" type="stmt"/>
      <line num="1104" count="0" type="stmt"/>
      <line num="1115" count="25" type="stmt"/>
      <line num="1116" count="25" type="stmt"/>
      <line num="1117" count="25" type="stmt"/>
      <line num="1120" count="25" type="cond" truecount="2" falsecount="0"/>
      <line num="1121" count="1" type="stmt"/>
      <line num="1122" count="1" type="stmt"/>
      <line num="1124" count="25" type="cond" truecount="2" falsecount="0"/>
      <line num="1125" count="1" type="stmt"/>
      <line num="1126" count="1" type="stmt"/>
      <line num="1128" count="25" type="cond" truecount="2" falsecount="0"/>
      <line num="1129" count="1" type="stmt"/>
      <line num="1130" count="1" type="stmt"/>
      <line num="1134" count="25" type="stmt"/>
      <line num="1135" count="25" type="stmt"/>
      <line num="1136" count="25" type="stmt"/>
      <line num="1139" count="25" type="stmt"/>
      <line num="1140" count="25" type="stmt"/>
      <line num="1141" count="25" type="stmt"/>
      <line num="1146" count="25" type="cond" truecount="1" falsecount="1"/>
      <line num="1147" count="25" type="stmt"/>
      <line num="1148" count="0" type="cond" truecount="0" falsecount="2"/>
      <line num="1149" count="0" type="stmt"/>
      <line num="1151" count="0" type="stmt"/>
      <line num="1155" count="25" type="stmt"/>
      <line num="1159" count="25" type="stmt"/>
      <line num="1161" count="25" type="cond" truecount="2" falsecount="0"/>
      <line num="1162" count="1" type="stmt"/>
      <line num="1163" count="1" type="stmt"/>
      <line num="1165" count="25" type="stmt"/>
      <line num="1169" count="25" type="stmt"/>
      <line num="1170" count="25" type="stmt"/>
      <line num="1171" count="25" type="stmt"/>
      <line num="1172" count="25" type="stmt"/>
      <line num="1187" count="1" type="stmt"/>
      <line num="1188" count="1" type="stmt"/>
      <line num="1190" count="1" type="stmt"/>
      <line num="1191" count="1" type="stmt"/>
      <line num="1192" count="1" type="stmt"/>
      <line num="1193" count="1" type="stmt"/>
      <line num="1194" count="1" type="stmt"/>
      <line num="1195" count="1" type="stmt"/>
      <line num="1197" count="1" type="stmt"/>
      <line num="1198" count="1" type="stmt"/>
      <line num="1199" count="1" type="stmt"/>
      <line num="1200" count="1" type="stmt"/>
      <line num="1201" count="1" type="stmt"/>
      <line num="1203" count="1" type="stmt"/>
      <line num="1204" count="1" type="stmt"/>
      <line num="1205" count="1" type="stmt"/>
      <line num="1206" count="1" type="stmt"/>
      <line num="1207" count="1" type="stmt"/>
      <line num="1209" count="1" type="stmt"/>
      <line num="1210" count="1" type="stmt"/>
      <line num="1211" count="1" type="stmt"/>
      <line num="1212" count="1" type="stmt"/>
      <line num="1213" count="1" type="stmt"/>
      <line num="1215" count="1" type="stmt"/>
      <line num="1216" count="1" type="stmt"/>
      <line num="1217" count="1" type="stmt"/>
      <line num="1218" count="1" type="stmt"/>
      <line num="1219" count="1" type="stmt"/>
      <line num="1220" count="1" type="stmt"/>
      <line num="1221" count="1" type="stmt"/>
      <line num="1224" count="1" type="stmt"/>
      <line num="1225" count="1" type="stmt"/>
      <line num="1226" count="1" type="stmt"/>
      <line num="1227" count="1" type="stmt"/>
      <line num="1228" count="1" type="stmt"/>
      <line num="1229" count="1" type="stmt"/>
      <line num="1230" count="1" type="stmt"/>
      <line num="1231" count="1" type="stmt"/>
      <line num="1232" count="1" type="stmt"/>
      <line num="1233" count="1" type="stmt"/>
      <line num="1234" count="1" type="stmt"/>
      <line num="1235" count="1" type="stmt"/>
      <line num="1236" count="1" type="stmt"/>
      <line num="1237" count="1" type="stmt"/>
      <line num="1238" count="1" type="stmt"/>
      <line num="1240" count="1" type="stmt"/>
      <line num="1241" count="1" type="stmt"/>
      <line num="1242" count="1" type="stmt"/>
      <line num="1243" count="1" type="stmt"/>
      <line num="1244" count="1" type="stmt"/>
      <line num="1245" count="1" type="stmt"/>
      <line num="1247" count="1" type="stmt"/>
      <line num="1248" count="1" type="stmt"/>
      <line num="1249" count="1" type="stmt"/>
      <line num="1250" count="1" type="stmt"/>
      <line num="1251" count="1" type="stmt"/>
      <line num="1252" count="1" type="stmt"/>
      <line num="1253" count="1" type="stmt"/>
      <line num="1254" count="1" type="stmt"/>
      <line num="1255" count="1" type="stmt"/>
      <line num="1256" count="1" type="stmt"/>
      <line num="1257" count="1" type="stmt"/>
      <line num="1258" count="1" type="stmt"/>
      <line num="1259" count="1" type="stmt"/>
      <line num="1260" count="1" type="stmt"/>
      <line num="1261" count="1" type="stmt"/>
      <line num="1262" count="1" type="stmt"/>
      <line num="1263" count="1" type="stmt"/>
      <line num="1267" count="1" type="stmt"/>
      <line num="1268" count="1" type="stmt"/>
      <line num="1270" count="1" type="stmt"/>
      <line num="1271" count="1" type="stmt"/>
      <line num="1272" count="1" type="stmt"/>
      <line num="1273" count="1" type="stmt"/>
      <line num="1274" count="1" type="stmt"/>
      <line num="1275" count="1" type="stmt"/>
      <line num="1276" count="1" type="stmt"/>
      <line num="1277" count="1" type="stmt"/>
      <line num="1278" count="1" type="stmt"/>
      <line num="1279" count="1" type="stmt"/>
      <line num="1280" count="1" type="stmt"/>
      <line num="1281" count="1" type="stmt"/>
      <line num="1282" count="1" type="stmt"/>
      <line num="1283" count="1" type="stmt"/>
      <line num="1284" count="1" type="stmt"/>
      <line num="1286" count="1" type="stmt"/>
      <line num="1287" count="1" type="stmt"/>
      <line num="1288" count="1" type="stmt"/>
      <line num="1289" count="1" type="stmt"/>
      <line num="1290" count="1" type="stmt"/>
      <line num="1292" count="1" type="stmt"/>
      <line num="1293" count="1" type="stmt"/>
      <line num="1294" count="1" type="stmt"/>
      <line num="1295" count="1" type="stmt"/>
      <line num="1296" count="1" type="stmt"/>
      <line num="1297" count="1" type="stmt"/>
      <line num="1298" count="1" type="stmt"/>
      <line num="1300" count="1" type="stmt"/>
      <line num="1301" count="1" type="stmt"/>
      <line num="1302" count="1" type="stmt"/>
      <line num="1303" count="1" type="stmt"/>
      <line num="1304" count="1" type="stmt"/>
      <line num="1305" count="1" type="stmt"/>
      <line num="1307" count="1" type="stmt"/>
      <line num="1308" count="1" type="stmt"/>
      <line num="1309" count="1" type="stmt"/>
      <line num="1310" count="1" type="stmt"/>
      <line num="1311" count="1" type="stmt"/>
      <line num="1312" count="1" type="stmt"/>
      <line num="1313" count="1" type="stmt"/>
      <line num="1314" count="1" type="stmt"/>
      <line num="1315" count="1" type="stmt"/>
      <line num="1316" count="1" type="stmt"/>
      <line num="1317" count="1" type="stmt"/>
      <line num="1318" count="1" type="stmt"/>
      <line num="1319" count="1" type="stmt"/>
      <line num="1320" count="1" type="stmt"/>
      <line num="1321" count="1" type="stmt"/>
      <line num="1322" count="1" type="stmt"/>
      <line num="1323" count="1" type="stmt"/>
      <line num="1337" count="3" type="cond" truecount="2" falsecount="0"/>
      <line num="1338" count="1" type="stmt"/>
      <line num="1339" count="1" type="stmt"/>
      <line num="1341" count="2" type="cond" truecount="2" falsecount="0"/>
      <line num="1342" count="1" type="stmt"/>
      <line num="1343" count="1" type="stmt"/>
      <line num="1346" count="1" type="stmt"/>
      <line num="1347" count="1" type="stmt"/>
      <line num="1354" count="2" type="stmt"/>
      <line num="1356" count="2" type="stmt"/>
      <line num="1357" count="2" type="cond" truecount="2" falsecount="0"/>
      <line num="1358" count="1" type="stmt"/>
      <line num="1361" count="1" type="stmt"/>
      <line num="1364" count="2" type="stmt"/>
      <line num="1365" count="2" type="cond" truecount="2" falsecount="0"/>
      <line num="1366" count="1" type="stmt"/>
      <line num="1369" count="1" type="stmt"/>
      <line num="1374" count="3" type="stmt"/>
      <line num="1375" count="3" type="stmt"/>
      <line num="1381" count="22" type="stmt"/>
    </file>
  </project>
</coverage>
