{"/home/ethan/cse110/cse110-w21-group1/source/Front-end/javascript/main.js": {"path":"/home/ethan/cse110/cse110-w21-group1/source/Front-end/javascript/main.js","statementMap":{"0":{"start":{"line":14,"column":14},"end":{"line":14,"column":18}},"1":{"start":{"line":15,"column":14},"end":{"line":15,"column":17}},"2":{"start":{"line":16,"column":14},"end":{"line":16,"column":17}},"3":{"start":{"line":18,"column":15},"end":{"line":18,"column":18}},"4":{"start":{"line":19,"column":13},"end":{"line":19,"column":14}},"5":{"start":{"line":20,"column":18},"end":{"line":20,"column":19}},"6":{"start":{"line":21,"column":12},"end":{"line":21,"column":32}},"7":{"start":{"line":23,"column":15},"end":{"line":23,"column":22}},"8":{"start":{"line":24,"column":0},"end":{"line":24,"column":63}},"9":{"start":{"line":26,"column":0},"end":{"line":31,"column":3}},"10":{"start":{"line":27,"column":4},"end":{"line":27,"column":73}},"11":{"start":{"line":28,"column":4},"end":{"line":28,"column":64}},"12":{"start":{"line":29,"column":4},"end":{"line":29,"column":72}},"13":{"start":{"line":30,"column":4},"end":{"line":30,"column":24}},"14":{"start":{"line":33,"column":0},"end":{"line":36,"column":3}},"15":{"start":{"line":34,"column":4},"end":{"line":34,"column":94}},"16":{"start":{"line":35,"column":4},"end":{"line":35,"column":51}},"17":{"start":{"line":37,"column":0},"end":{"line":40,"column":3}},"18":{"start":{"line":38,"column":4},"end":{"line":38,"column":100}},"19":{"start":{"line":39,"column":4},"end":{"line":39,"column":51}},"20":{"start":{"line":41,"column":0},"end":{"line":44,"column":3}},"21":{"start":{"line":42,"column":4},"end":{"line":42,"column":95}},"22":{"start":{"line":43,"column":4},"end":{"line":43,"column":51}},"23":{"start":{"line":46,"column":0},"end":{"line":51,"column":3}},"24":{"start":{"line":47,"column":4},"end":{"line":50,"column":43}},"25":{"start":{"line":48,"column":8},"end":{"line":48,"column":47}},"26":{"start":{"line":50,"column":4},"end":{"line":50,"column":43}},"27":{"start":{"line":53,"column":0},"end":{"line":58,"column":3}},"28":{"start":{"line":54,"column":4},"end":{"line":54,"column":75}},"29":{"start":{"line":55,"column":4},"end":{"line":55,"column":72}},"30":{"start":{"line":56,"column":4},"end":{"line":56,"column":72}},"31":{"start":{"line":57,"column":4},"end":{"line":57,"column":16}},"32":{"start":{"line":60,"column":0},"end":{"line":63,"column":3}},"33":{"start":{"line":61,"column":4},"end":{"line":61,"column":74}},"34":{"start":{"line":62,"column":4},"end":{"line":62,"column":43}},"35":{"start":{"line":65,"column":0},"end":{"line":76,"column":3}},"36":{"start":{"line":66,"column":4},"end":{"line":66,"column":72}},"37":{"start":{"line":67,"column":4},"end":{"line":67,"column":65}},"38":{"start":{"line":68,"column":4},"end":{"line":68,"column":23}},"39":{"start":{"line":69,"column":4},"end":{"line":73,"column":5}},"40":{"start":{"line":70,"column":8},"end":{"line":70,"column":26}},"41":{"start":{"line":71,"column":11},"end":{"line":73,"column":5}},"42":{"start":{"line":72,"column":8},"end":{"line":72,"column":26}},"43":{"start":{"line":74,"column":4},"end":{"line":74,"column":24}},"44":{"start":{"line":75,"column":4},"end":{"line":75,"column":17}},"45":{"start":{"line":78,"column":0},"end":{"line":83,"column":3}},"46":{"start":{"line":79,"column":4},"end":{"line":79,"column":73}},"47":{"start":{"line":80,"column":4},"end":{"line":80,"column":72}},"48":{"start":{"line":81,"column":4},"end":{"line":81,"column":64}},"49":{"start":{"line":82,"column":4},"end":{"line":82,"column":23}},"50":{"start":{"line":85,"column":0},"end":{"line":91,"column":3}},"51":{"start":{"line":86,"column":4},"end":{"line":86,"column":76}},"52":{"start":{"line":87,"column":4},"end":{"line":87,"column":72}},"53":{"start":{"line":88,"column":4},"end":{"line":88,"column":65}},"54":{"start":{"line":89,"column":4},"end":{"line":89,"column":17}},"55":{"start":{"line":90,"column":4},"end":{"line":90,"column":19}},"56":{"start":{"line":93,"column":0},"end":{"line":100,"column":3}},"57":{"start":{"line":94,"column":4},"end":{"line":94,"column":76}},"58":{"start":{"line":95,"column":4},"end":{"line":98,"column":116}},"59":{"start":{"line":96,"column":8},"end":{"line":96,"column":118}},"60":{"start":{"line":98,"column":8},"end":{"line":98,"column":116}},"61":{"start":{"line":99,"column":4},"end":{"line":99,"column":16}},"62":{"start":{"line":102,"column":0},"end":{"line":111,"column":3}},"63":{"start":{"line":103,"column":4},"end":{"line":103,"column":76}},"64":{"start":{"line":104,"column":4},"end":{"line":104,"column":17}},"65":{"start":{"line":105,"column":4},"end":{"line":108,"column":116}},"66":{"start":{"line":106,"column":8},"end":{"line":106,"column":118}},"67":{"start":{"line":108,"column":8},"end":{"line":108,"column":116}},"68":{"start":{"line":109,"column":4},"end":{"line":109,"column":16}},"69":{"start":{"line":110,"column":4},"end":{"line":110,"column":19}},"70":{"start":{"line":113,"column":0},"end":{"line":120,"column":3}},"71":{"start":{"line":114,"column":4},"end":{"line":114,"column":76}},"72":{"start":{"line":115,"column":4},"end":{"line":118,"column":111}},"73":{"start":{"line":116,"column":8},"end":{"line":116,"column":113}},"74":{"start":{"line":118,"column":8},"end":{"line":118,"column":111}},"75":{"start":{"line":119,"column":4},"end":{"line":119,"column":16}},"76":{"start":{"line":122,"column":0},"end":{"line":131,"column":3}},"77":{"start":{"line":123,"column":4},"end":{"line":123,"column":76}},"78":{"start":{"line":124,"column":4},"end":{"line":124,"column":17}},"79":{"start":{"line":125,"column":4},"end":{"line":128,"column":111}},"80":{"start":{"line":126,"column":8},"end":{"line":126,"column":113}},"81":{"start":{"line":128,"column":8},"end":{"line":128,"column":111}},"82":{"start":{"line":129,"column":4},"end":{"line":129,"column":15}},"83":{"start":{"line":130,"column":4},"end":{"line":130,"column":19}},"84":{"start":{"line":133,"column":0},"end":{"line":140,"column":3}},"85":{"start":{"line":134,"column":4},"end":{"line":134,"column":76}},"86":{"start":{"line":135,"column":4},"end":{"line":138,"column":113}},"87":{"start":{"line":136,"column":8},"end":{"line":136,"column":115}},"88":{"start":{"line":138,"column":8},"end":{"line":138,"column":113}},"89":{"start":{"line":139,"column":4},"end":{"line":139,"column":16}},"90":{"start":{"line":142,"column":0},"end":{"line":166,"column":3}},"91":{"start":{"line":143,"column":4},"end":{"line":143,"column":76}},"92":{"start":{"line":144,"column":4},"end":{"line":164,"column":81}},"93":{"start":{"line":145,"column":8},"end":{"line":148,"column":117}},"94":{"start":{"line":146,"column":12},"end":{"line":146,"column":119}},"95":{"start":{"line":148,"column":12},"end":{"line":148,"column":117}},"96":{"start":{"line":149,"column":8},"end":{"line":149,"column":20}},"97":{"start":{"line":150,"column":8},"end":{"line":150,"column":21}},"98":{"start":{"line":152,"column":9},"end":{"line":164,"column":81}},"99":{"start":{"line":153,"column":8},"end":{"line":153,"column":120}},"100":{"start":{"line":154,"column":8},"end":{"line":154,"column":108}},"101":{"start":{"line":155,"column":8},"end":{"line":158,"column":117}},"102":{"start":{"line":156,"column":12},"end":{"line":156,"column":119}},"103":{"start":{"line":158,"column":12},"end":{"line":158,"column":117}},"104":{"start":{"line":159,"column":8},"end":{"line":159,"column":24}},"105":{"start":{"line":160,"column":8},"end":{"line":160,"column":20}},"106":{"start":{"line":161,"column":8},"end":{"line":161,"column":21}},"107":{"start":{"line":164,"column":8},"end":{"line":164,"column":81}},"108":{"start":{"line":165,"column":4},"end":{"line":165,"column":19}},"109":{"start":{"line":168,"column":0},"end":{"line":175,"column":3}},"110":{"start":{"line":169,"column":4},"end":{"line":169,"column":76}},"111":{"start":{"line":170,"column":4},"end":{"line":173,"column":118}},"112":{"start":{"line":171,"column":8},"end":{"line":171,"column":120}},"113":{"start":{"line":173,"column":8},"end":{"line":173,"column":118}},"114":{"start":{"line":174,"column":4},"end":{"line":174,"column":16}},"115":{"start":{"line":177,"column":0},"end":{"line":201,"column":3}},"116":{"start":{"line":178,"column":4},"end":{"line":178,"column":76}},"117":{"start":{"line":179,"column":4},"end":{"line":199,"column":81}},"118":{"start":{"line":180,"column":8},"end":{"line":183,"column":122}},"119":{"start":{"line":181,"column":12},"end":{"line":181,"column":124}},"120":{"start":{"line":183,"column":12},"end":{"line":183,"column":122}},"121":{"start":{"line":184,"column":8},"end":{"line":184,"column":20}},"122":{"start":{"line":185,"column":8},"end":{"line":185,"column":21}},"123":{"start":{"line":187,"column":9},"end":{"line":199,"column":81}},"124":{"start":{"line":188,"column":8},"end":{"line":188,"column":121}},"125":{"start":{"line":189,"column":8},"end":{"line":189,"column":109}},"126":{"start":{"line":190,"column":8},"end":{"line":190,"column":24}},"127":{"start":{"line":191,"column":8},"end":{"line":194,"column":122}},"128":{"start":{"line":192,"column":12},"end":{"line":192,"column":124}},"129":{"start":{"line":194,"column":12},"end":{"line":194,"column":122}},"130":{"start":{"line":195,"column":8},"end":{"line":195,"column":20}},"131":{"start":{"line":196,"column":8},"end":{"line":196,"column":21}},"132":{"start":{"line":199,"column":8},"end":{"line":199,"column":81}},"133":{"start":{"line":200,"column":4},"end":{"line":200,"column":19}},"134":{"start":{"line":203,"column":0},"end":{"line":210,"column":3}},"135":{"start":{"line":204,"column":4},"end":{"line":204,"column":76}},"136":{"start":{"line":205,"column":4},"end":{"line":208,"column":109}},"137":{"start":{"line":206,"column":8},"end":{"line":206,"column":111}},"138":{"start":{"line":208,"column":8},"end":{"line":208,"column":109}},"139":{"start":{"line":209,"column":4},"end":{"line":209,"column":16}},"140":{"start":{"line":212,"column":0},"end":{"line":234,"column":3}},"141":{"start":{"line":213,"column":4},"end":{"line":213,"column":76}},"142":{"start":{"line":214,"column":4},"end":{"line":232,"column":5}},"143":{"start":{"line":215,"column":8},"end":{"line":218,"column":113}},"144":{"start":{"line":216,"column":12},"end":{"line":216,"column":115}},"145":{"start":{"line":218,"column":12},"end":{"line":218,"column":113}},"146":{"start":{"line":219,"column":8},"end":{"line":219,"column":20}},"147":{"start":{"line":220,"column":8},"end":{"line":220,"column":21}},"148":{"start":{"line":223,"column":8},"end":{"line":223,"column":48}},"149":{"start":{"line":224,"column":8},"end":{"line":224,"column":60}},"150":{"start":{"line":225,"column":8},"end":{"line":225,"column":24}},"151":{"start":{"line":226,"column":8},"end":{"line":229,"column":113}},"152":{"start":{"line":227,"column":12},"end":{"line":227,"column":115}},"153":{"start":{"line":229,"column":12},"end":{"line":229,"column":113}},"154":{"start":{"line":230,"column":8},"end":{"line":230,"column":20}},"155":{"start":{"line":231,"column":8},"end":{"line":231,"column":21}},"156":{"start":{"line":233,"column":4},"end":{"line":233,"column":19}},"157":{"start":{"line":236,"column":0},"end":{"line":239,"column":3}},"158":{"start":{"line":237,"column":4},"end":{"line":237,"column":77}},"159":{"start":{"line":238,"column":4},"end":{"line":238,"column":71}},"160":{"start":{"line":241,"column":0},"end":{"line":244,"column":3}},"161":{"start":{"line":242,"column":4},"end":{"line":242,"column":77}},"162":{"start":{"line":243,"column":4},"end":{"line":243,"column":70}},"163":{"start":{"line":246,"column":0},"end":{"line":249,"column":3}},"164":{"start":{"line":247,"column":4},"end":{"line":247,"column":69}},"165":{"start":{"line":248,"column":4},"end":{"line":248,"column":71}},"166":{"start":{"line":251,"column":0},"end":{"line":270,"column":3}},"167":{"start":{"line":252,"column":4},"end":{"line":269,"column":5}},"168":{"start":{"line":255,"column":15},"end":{"line":255,"column":34}},"169":{"start":{"line":256,"column":4},"end":{"line":258,"column":7}},"170":{"start":{"line":259,"column":4},"end":{"line":259,"column":83}},"171":{"start":{"line":260,"column":4},"end":{"line":260,"column":81}},"172":{"start":{"line":261,"column":4},"end":{"line":261,"column":110}},"173":{"start":{"line":262,"column":4},"end":{"line":262,"column":71}},"174":{"start":{"line":263,"column":4},"end":{"line":263,"column":75}},"175":{"start":{"line":266,"column":20},"end":{"line":266,"column":30}},"176":{"start":{"line":267,"column":23},"end":{"line":267,"column":36}},"177":{"start":{"line":272,"column":0},"end":{"line":275,"column":3}},"178":{"start":{"line":273,"column":4},"end":{"line":273,"column":71}},"179":{"start":{"line":274,"column":4},"end":{"line":274,"column":75}},"180":{"start":{"line":277,"column":0},"end":{"line":280,"column":3}},"181":{"start":{"line":278,"column":4},"end":{"line":278,"column":77}},"182":{"start":{"line":279,"column":4},"end":{"line":279,"column":76}},"183":{"start":{"line":282,"column":0},"end":{"line":285,"column":3}},"184":{"start":{"line":283,"column":4},"end":{"line":283,"column":69}},"185":{"start":{"line":284,"column":4},"end":{"line":284,"column":76}},"186":{"start":{"line":287,"column":0},"end":{"line":290,"column":3}},"187":{"start":{"line":288,"column":4},"end":{"line":288,"column":70}},"188":{"start":{"line":289,"column":4},"end":{"line":289,"column":75}},"189":{"start":{"line":292,"column":0},"end":{"line":306,"column":3}},"190":{"start":{"line":293,"column":4},"end":{"line":305,"column":5}},"191":{"start":{"line":295,"column":15},"end":{"line":295,"column":34}},"192":{"start":{"line":296,"column":4},"end":{"line":296,"column":76}},"193":{"start":{"line":297,"column":4},"end":{"line":297,"column":75}},"194":{"start":{"line":298,"column":4},"end":{"line":298,"column":83}},"195":{"start":{"line":299,"column":4},"end":{"line":299,"column":69}},"196":{"start":{"line":300,"column":4},"end":{"line":300,"column":71}},"197":{"start":{"line":303,"column":20},"end":{"line":303,"column":30}},"198":{"start":{"line":304,"column":23},"end":{"line":304,"column":36}},"199":{"start":{"line":319,"column":17},"end":{"line":319,"column":75}},"200":{"start":{"line":320,"column":4},"end":{"line":320,"column":40}},"201":{"start":{"line":321,"column":4},"end":{"line":321,"column":59}},"202":{"start":{"line":334,"column":0},"end":{"line":370,"column":3}},"203":{"start":{"line":335,"column":4},"end":{"line":351,"column":5}},"204":{"start":{"line":336,"column":8},"end":{"line":336,"column":49}},"205":{"start":{"line":337,"column":8},"end":{"line":337,"column":56}},"206":{"start":{"line":338,"column":8},"end":{"line":338,"column":55}},"207":{"start":{"line":339,"column":8},"end":{"line":339,"column":55}},"208":{"start":{"line":340,"column":8},"end":{"line":340,"column":60}},"209":{"start":{"line":341,"column":8},"end":{"line":341,"column":54}},"210":{"start":{"line":344,"column":8},"end":{"line":344,"column":92}},"211":{"start":{"line":345,"column":8},"end":{"line":346,"column":68}},"212":{"start":{"line":346,"column":12},"end":{"line":346,"column":68}},"213":{"start":{"line":347,"column":8},"end":{"line":350,"column":9}},"214":{"start":{"line":348,"column":12},"end":{"line":348,"column":85}},"215":{"start":{"line":349,"column":12},"end":{"line":349,"column":79}},"216":{"start":{"line":359,"column":4},"end":{"line":359,"column":17}},"217":{"start":{"line":360,"column":4},"end":{"line":360,"column":19}},"218":{"start":{"line":361,"column":4},"end":{"line":369,"column":5}},"219":{"start":{"line":362,"column":8},"end":{"line":368,"column":7}},"220":{"start":{"line":364,"column":19},"end":{"line":364,"column":38}},"221":{"start":{"line":365,"column":8},"end":{"line":365,"column":87}},"222":{"start":{"line":366,"column":8},"end":{"line":366,"column":81}},"223":{"start":{"line":367,"column":8},"end":{"line":367,"column":75}},"224":{"start":{"line":383,"column":17},"end":{"line":383,"column":54}},"225":{"start":{"line":384,"column":4},"end":{"line":398,"column":5}},"226":{"start":{"line":385,"column":8},"end":{"line":385,"column":57}},"227":{"start":{"line":387,"column":9},"end":{"line":398,"column":5}},"228":{"start":{"line":388,"column":8},"end":{"line":388,"column":52}},"229":{"start":{"line":390,"column":9},"end":{"line":398,"column":5}},"230":{"start":{"line":391,"column":8},"end":{"line":391,"column":54}},"231":{"start":{"line":393,"column":9},"end":{"line":398,"column":5}},"232":{"start":{"line":394,"column":8},"end":{"line":394,"column":59}},"233":{"start":{"line":396,"column":9},"end":{"line":398,"column":5}},"234":{"start":{"line":397,"column":8},"end":{"line":397,"column":51}},"235":{"start":{"line":412,"column":17},"end":{"line":412,"column":54}},"236":{"start":{"line":413,"column":20},"end":{"line":413,"column":60}},"237":{"start":{"line":414,"column":4},"end":{"line":414,"column":93}},"238":{"start":{"line":415,"column":4},"end":{"line":415,"column":88}},"239":{"start":{"line":416,"column":4},"end":{"line":416,"column":90}},"240":{"start":{"line":417,"column":4},"end":{"line":417,"column":95}},"241":{"start":{"line":418,"column":4},"end":{"line":418,"column":87}},"242":{"start":{"line":419,"column":4},"end":{"line":419,"column":65}},"243":{"start":{"line":420,"column":4},"end":{"line":420,"column":60}},"244":{"start":{"line":421,"column":4},"end":{"line":424,"column":64}},"245":{"start":{"line":422,"column":8},"end":{"line":422,"column":66}},"246":{"start":{"line":424,"column":8},"end":{"line":424,"column":64}},"247":{"start":{"line":425,"column":4},"end":{"line":428,"column":69}},"248":{"start":{"line":426,"column":8},"end":{"line":426,"column":71}},"249":{"start":{"line":428,"column":8},"end":{"line":428,"column":69}},"250":{"start":{"line":429,"column":4},"end":{"line":432,"column":61}},"251":{"start":{"line":430,"column":8},"end":{"line":430,"column":63}},"252":{"start":{"line":432,"column":8},"end":{"line":432,"column":61}},"253":{"start":{"line":433,"column":4},"end":{"line":452,"column":5}},"254":{"start":{"line":434,"column":8},"end":{"line":434,"column":97}},"255":{"start":{"line":435,"column":8},"end":{"line":435,"column":72}},"256":{"start":{"line":437,"column":9},"end":{"line":452,"column":5}},"257":{"start":{"line":438,"column":8},"end":{"line":438,"column":92}},"258":{"start":{"line":439,"column":8},"end":{"line":439,"column":67}},"259":{"start":{"line":441,"column":9},"end":{"line":452,"column":5}},"260":{"start":{"line":442,"column":8},"end":{"line":442,"column":94}},"261":{"start":{"line":443,"column":8},"end":{"line":443,"column":69}},"262":{"start":{"line":445,"column":9},"end":{"line":452,"column":5}},"263":{"start":{"line":446,"column":8},"end":{"line":446,"column":99}},"264":{"start":{"line":447,"column":8},"end":{"line":447,"column":74}},"265":{"start":{"line":449,"column":9},"end":{"line":452,"column":5}},"266":{"start":{"line":450,"column":8},"end":{"line":450,"column":91}},"267":{"start":{"line":451,"column":8},"end":{"line":451,"column":66}},"268":{"start":{"line":466,"column":20},"end":{"line":466,"column":60}},"269":{"start":{"line":467,"column":15},"end":{"line":467,"column":17}},"270":{"start":{"line":468,"column":4},"end":{"line":473,"column":5}},"271":{"start":{"line":468,"column":17},"end":{"line":468,"column":18}},"272":{"start":{"line":469,"column":8},"end":{"line":472,"column":32}},"273":{"start":{"line":470,"column":12},"end":{"line":470,"column":23}},"274":{"start":{"line":472,"column":12},"end":{"line":472,"column":32}},"275":{"start":{"line":474,"column":4},"end":{"line":474,"column":50}},"276":{"start":{"line":487,"column":0},"end":{"line":499,"column":3}},"277":{"start":{"line":488,"column":17},"end":{"line":488,"column":54}},"278":{"start":{"line":489,"column":17},"end":{"line":489,"column":63}},"279":{"start":{"line":490,"column":4},"end":{"line":490,"column":66}},"280":{"start":{"line":491,"column":4},"end":{"line":498,"column":70}},"281":{"start":{"line":492,"column":8},"end":{"line":492,"column":70}},"282":{"start":{"line":493,"column":9},"end":{"line":498,"column":70}},"283":{"start":{"line":494,"column":8},"end":{"line":494,"column":70}},"284":{"start":{"line":495,"column":9},"end":{"line":498,"column":70}},"285":{"start":{"line":496,"column":8},"end":{"line":496,"column":70}},"286":{"start":{"line":498,"column":8},"end":{"line":498,"column":70}},"287":{"start":{"line":512,"column":21},"end":{"line":512,"column":22}},"288":{"start":{"line":513,"column":21},"end":{"line":513,"column":22}},"289":{"start":{"line":514,"column":21},"end":{"line":514,"column":22}},"290":{"start":{"line":515,"column":21},"end":{"line":515,"column":22}},"291":{"start":{"line":516,"column":21},"end":{"line":516,"column":22}},"292":{"start":{"line":532,"column":14},"end":{"line":532,"column":33}},"293":{"start":{"line":533,"column":0},"end":{"line":536,"column":1}},"294":{"start":{"line":534,"column":4},"end":{"line":534,"column":33}},"295":{"start":{"line":535,"column":4},"end":{"line":535,"column":71}},"296":{"start":{"line":537,"column":0},"end":{"line":540,"column":1}},"297":{"start":{"line":538,"column":4},"end":{"line":538,"column":33}},"298":{"start":{"line":539,"column":4},"end":{"line":539,"column":73}},"299":{"start":{"line":541,"column":0},"end":{"line":544,"column":1}},"300":{"start":{"line":542,"column":4},"end":{"line":542,"column":33}},"301":{"start":{"line":543,"column":4},"end":{"line":543,"column":72}},"302":{"start":{"line":545,"column":0},"end":{"line":548,"column":1}},"303":{"start":{"line":546,"column":4},"end":{"line":546,"column":37}},"304":{"start":{"line":547,"column":4},"end":{"line":547,"column":71}},"305":{"start":{"line":549,"column":0},"end":{"line":564,"column":1}},"306":{"start":{"line":550,"column":4},"end":{"line":550,"column":77}},"307":{"start":{"line":551,"column":4},"end":{"line":559,"column":5}},"308":{"start":{"line":552,"column":8},"end":{"line":552,"column":60}},"309":{"start":{"line":554,"column":9},"end":{"line":559,"column":5}},"310":{"start":{"line":555,"column":8},"end":{"line":555,"column":60}},"311":{"start":{"line":558,"column":8},"end":{"line":558,"column":60}},"312":{"start":{"line":562,"column":4},"end":{"line":562,"column":94}},"313":{"start":{"line":563,"column":4},"end":{"line":563,"column":56}},"314":{"start":{"line":565,"column":0},"end":{"line":565,"column":19}},"315":{"start":{"line":581,"column":4},"end":{"line":581,"column":86}},"316":{"start":{"line":582,"column":4},"end":{"line":582,"column":84}},"317":{"start":{"line":583,"column":4},"end":{"line":583,"column":86}},"318":{"start":{"line":584,"column":4},"end":{"line":584,"column":36}},"319":{"start":{"line":598,"column":4},"end":{"line":598,"column":86}},"320":{"start":{"line":599,"column":4},"end":{"line":599,"column":84}},"321":{"start":{"line":600,"column":4},"end":{"line":600,"column":86}},"322":{"start":{"line":601,"column":4},"end":{"line":601,"column":36}},"323":{"start":{"line":615,"column":17},"end":{"line":615,"column":19}},"324":{"start":{"line":616,"column":4},"end":{"line":621,"column":5}},"325":{"start":{"line":616,"column":19},"end":{"line":616,"column":20}},"326":{"start":{"line":617,"column":8},"end":{"line":620,"column":26}},"327":{"start":{"line":618,"column":12},"end":{"line":618,"column":26}},"328":{"start":{"line":620,"column":12},"end":{"line":620,"column":26}},"329":{"start":{"line":622,"column":4},"end":{"line":622,"column":42}},"330":{"start":{"line":638,"column":15},"end":{"line":638,"column":51}},"331":{"start":{"line":639,"column":0},"end":{"line":639,"column":47}},"332":{"start":{"line":643,"column":4},"end":{"line":643,"column":18}},"333":{"start":{"line":644,"column":4},"end":{"line":648,"column":5}},"334":{"start":{"line":645,"column":8},"end":{"line":645,"column":17}},"335":{"start":{"line":646,"column":8},"end":{"line":646,"column":21}},"336":{"start":{"line":649,"column":4},"end":{"line":649,"column":16}},"337":{"start":{"line":668,"column":17},"end":{"line":668,"column":58}},"338":{"start":{"line":669,"column":0},"end":{"line":669,"column":49}},"339":{"start":{"line":670,"column":16},"end":{"line":670,"column":56}},"340":{"start":{"line":675,"column":4},"end":{"line":691,"column":5}},"341":{"start":{"line":676,"column":8},"end":{"line":676,"column":71}},"342":{"start":{"line":677,"column":8},"end":{"line":677,"column":27}},"343":{"start":{"line":678,"column":8},"end":{"line":678,"column":23}},"344":{"start":{"line":681,"column":9},"end":{"line":691,"column":5}},"345":{"start":{"line":682,"column":8},"end":{"line":682,"column":71}},"346":{"start":{"line":683,"column":8},"end":{"line":683,"column":27}},"347":{"start":{"line":684,"column":8},"end":{"line":684,"column":23}},"348":{"start":{"line":688,"column":8},"end":{"line":688,"column":71}},"349":{"start":{"line":689,"column":8},"end":{"line":689,"column":27}},"350":{"start":{"line":690,"column":8},"end":{"line":690,"column":23}},"351":{"start":{"line":692,"column":4},"end":{"line":692,"column":18}},"352":{"start":{"line":693,"column":4},"end":{"line":693,"column":16}},"353":{"start":{"line":713,"column":4},"end":{"line":713,"column":29}},"354":{"start":{"line":714,"column":18},"end":{"line":714,"column":26}},"355":{"start":{"line":715,"column":16},"end":{"line":727,"column":10}},"356":{"start":{"line":716,"column":8},"end":{"line":726,"column":9}},"357":{"start":{"line":717,"column":12},"end":{"line":717,"column":38}},"358":{"start":{"line":718,"column":12},"end":{"line":718,"column":59}},"359":{"start":{"line":719,"column":12},"end":{"line":719,"column":33}},"360":{"start":{"line":720,"column":12},"end":{"line":720,"column":29}},"361":{"start":{"line":722,"column":12},"end":{"line":722,"column":22}},"362":{"start":{"line":723,"column":27},"end":{"line":723,"column":45}},"363":{"start":{"line":724,"column":12},"end":{"line":724,"column":34}},"364":{"start":{"line":725,"column":12},"end":{"line":725,"column":65}},"365":{"start":{"line":751,"column":4},"end":{"line":778,"column":5}},"366":{"start":{"line":752,"column":8},"end":{"line":752,"column":40}},"367":{"start":{"line":753,"column":8},"end":{"line":753,"column":26}},"368":{"start":{"line":755,"column":8},"end":{"line":764,"column":9}},"369":{"start":{"line":756,"column":12},"end":{"line":756,"column":76}},"370":{"start":{"line":757,"column":12},"end":{"line":757,"column":29}},"371":{"start":{"line":761,"column":12},"end":{"line":761,"column":23}},"372":{"start":{"line":762,"column":12},"end":{"line":762,"column":75}},"373":{"start":{"line":763,"column":12},"end":{"line":763,"column":30}},"374":{"start":{"line":769,"column":8},"end":{"line":776,"column":9}},"375":{"start":{"line":770,"column":12},"end":{"line":770,"column":43}},"376":{"start":{"line":771,"column":12},"end":{"line":771,"column":30}},"377":{"start":{"line":774,"column":12},"end":{"line":774,"column":43}},"378":{"start":{"line":775,"column":12},"end":{"line":775,"column":30}},"379":{"start":{"line":777,"column":8},"end":{"line":777,"column":69}},"380":{"start":{"line":779,"column":4},"end":{"line":779,"column":17}},"381":{"start":{"line":797,"column":17},"end":{"line":797,"column":39}},"382":{"start":{"line":798,"column":17},"end":{"line":798,"column":28}},"383":{"start":{"line":800,"column":4},"end":{"line":802,"column":5}},"384":{"start":{"line":801,"column":8},"end":{"line":801,"column":30}},"385":{"start":{"line":803,"column":17},"end":{"line":803,"column":29}},"386":{"start":{"line":804,"column":17},"end":{"line":804,"column":28}},"387":{"start":{"line":806,"column":4},"end":{"line":808,"column":5}},"388":{"start":{"line":807,"column":8},"end":{"line":807,"column":30}},"389":{"start":{"line":809,"column":4},"end":{"line":809,"column":35}},"390":{"start":{"line":826,"column":17},"end":{"line":826,"column":38}},"391":{"start":{"line":827,"column":17},"end":{"line":827,"column":33}},"392":{"start":{"line":829,"column":17},"end":{"line":829,"column":38}},"393":{"start":{"line":830,"column":17},"end":{"line":830,"column":33}},"394":{"start":{"line":832,"column":4},"end":{"line":832,"column":34}},"395":{"start":{"line":847,"column":4},"end":{"line":847,"column":69}},"396":{"start":{"line":848,"column":4},"end":{"line":848,"column":60}},"397":{"start":{"line":849,"column":4},"end":{"line":849,"column":73}},"398":{"start":{"line":850,"column":4},"end":{"line":850,"column":69}},"399":{"start":{"line":851,"column":4},"end":{"line":851,"column":88}},"400":{"start":{"line":866,"column":4},"end":{"line":866,"column":68}},"401":{"start":{"line":867,"column":4},"end":{"line":867,"column":60}},"402":{"start":{"line":868,"column":4},"end":{"line":868,"column":73}},"403":{"start":{"line":869,"column":4},"end":{"line":869,"column":68}},"404":{"start":{"line":870,"column":4},"end":{"line":870,"column":94}},"405":{"start":{"line":883,"column":4},"end":{"line":883,"column":59}},"406":{"start":{"line":884,"column":4},"end":{"line":896,"column":5}},"407":{"start":{"line":885,"column":8},"end":{"line":885,"column":63}},"408":{"start":{"line":886,"column":8},"end":{"line":886,"column":65}},"409":{"start":{"line":887,"column":8},"end":{"line":887,"column":66}},"410":{"start":{"line":888,"column":11},"end":{"line":896,"column":5}},"411":{"start":{"line":889,"column":8},"end":{"line":889,"column":65}},"412":{"start":{"line":890,"column":8},"end":{"line":890,"column":65}},"413":{"start":{"line":891,"column":8},"end":{"line":891,"column":64}},"414":{"start":{"line":892,"column":11},"end":{"line":896,"column":5}},"415":{"start":{"line":893,"column":8},"end":{"line":893,"column":65}},"416":{"start":{"line":894,"column":8},"end":{"line":894,"column":63}},"417":{"start":{"line":895,"column":8},"end":{"line":895,"column":66}},"418":{"start":{"line":898,"column":4},"end":{"line":899,"column":70}},"419":{"start":{"line":914,"column":10},"end":{"line":914,"column":20}},"420":{"start":{"line":916,"column":16},"end":{"line":916,"column":60}},"421":{"start":{"line":917,"column":16},"end":{"line":917,"column":59}},"422":{"start":{"line":920,"column":0},"end":{"line":927,"column":3}},"423":{"start":{"line":921,"column":21},"end":{"line":921,"column":70}},"424":{"start":{"line":922,"column":4},"end":{"line":926,"column":5}},"425":{"start":{"line":924,"column":8},"end":{"line":924,"column":25}},"426":{"start":{"line":925,"column":8},"end":{"line":925,"column":73}},"427":{"start":{"line":930,"column":0},"end":{"line":937,"column":3}},"428":{"start":{"line":931,"column":27},"end":{"line":931,"column":78}},"429":{"start":{"line":932,"column":4},"end":{"line":936,"column":5}},"430":{"start":{"line":934,"column":8},"end":{"line":934,"column":25}},"431":{"start":{"line":935,"column":8},"end":{"line":935,"column":75}},"432":{"start":{"line":940,"column":0},"end":{"line":947,"column":3}},"433":{"start":{"line":941,"column":26},"end":{"line":941,"column":76}},"434":{"start":{"line":942,"column":4},"end":{"line":946,"column":5}},"435":{"start":{"line":944,"column":8},"end":{"line":944,"column":25}},"436":{"start":{"line":945,"column":8},"end":{"line":945,"column":74}},"437":{"start":{"line":950,"column":0},"end":{"line":957,"column":3}},"438":{"start":{"line":951,"column":28},"end":{"line":951,"column":80}},"439":{"start":{"line":952,"column":4},"end":{"line":956,"column":5}},"440":{"start":{"line":954,"column":8},"end":{"line":954,"column":25}},"441":{"start":{"line":955,"column":8},"end":{"line":955,"column":75}},"442":{"start":{"line":968,"column":21},"end":{"line":968,"column":70}},"443":{"start":{"line":969,"column":27},"end":{"line":969,"column":78}},"444":{"start":{"line":970,"column":26},"end":{"line":970,"column":76}},"445":{"start":{"line":973,"column":4},"end":{"line":976,"column":5}},"446":{"start":{"line":974,"column":8},"end":{"line":974,"column":23}},"447":{"start":{"line":975,"column":8},"end":{"line":975,"column":62}},"448":{"start":{"line":977,"column":4},"end":{"line":980,"column":5}},"449":{"start":{"line":978,"column":8},"end":{"line":978,"column":29}},"450":{"start":{"line":979,"column":8},"end":{"line":979,"column":64}},"451":{"start":{"line":981,"column":4},"end":{"line":984,"column":5}},"452":{"start":{"line":982,"column":8},"end":{"line":982,"column":28}},"453":{"start":{"line":983,"column":8},"end":{"line":983,"column":63}},"454":{"start":{"line":987,"column":4},"end":{"line":987,"column":69}},"455":{"start":{"line":988,"column":4},"end":{"line":988,"column":81}},"456":{"start":{"line":989,"column":4},"end":{"line":989,"column":79}},"457":{"start":{"line":992,"column":4},"end":{"line":992,"column":30}},"458":{"start":{"line":993,"column":4},"end":{"line":993,"column":36}},"459":{"start":{"line":994,"column":4},"end":{"line":994,"column":35}},"460":{"start":{"line":999,"column":4},"end":{"line":1005,"column":5}},"461":{"start":{"line":1000,"column":8},"end":{"line":1000,"column":45}},"462":{"start":{"line":1001,"column":11},"end":{"line":1005,"column":5}},"463":{"start":{"line":1002,"column":8},"end":{"line":1002,"column":41}},"464":{"start":{"line":1004,"column":8},"end":{"line":1004,"column":40}},"465":{"start":{"line":1008,"column":4},"end":{"line":1008,"column":68}},"466":{"start":{"line":1014,"column":4},"end":{"line":1014,"column":71}},"467":{"start":{"line":1016,"column":4},"end":{"line":1019,"column":5}},"468":{"start":{"line":1017,"column":8},"end":{"line":1017,"column":24}},"469":{"start":{"line":1018,"column":8},"end":{"line":1018,"column":65}},"470":{"start":{"line":1020,"column":4},"end":{"line":1021,"column":70}},"471":{"start":{"line":1027,"column":4},"end":{"line":1027,"column":33}},"472":{"start":{"line":1028,"column":4},"end":{"line":1028,"column":33}},"473":{"start":{"line":1029,"column":4},"end":{"line":1029,"column":33}},"474":{"start":{"line":1030,"column":4},"end":{"line":1030,"column":37}},"475":{"start":{"line":1045,"column":4},"end":{"line":1045,"column":58}},"476":{"start":{"line":1046,"column":4},"end":{"line":1046,"column":59}},"477":{"start":{"line":1047,"column":4},"end":{"line":1047,"column":67}},"478":{"start":{"line":1048,"column":4},"end":{"line":1048,"column":66}},"479":{"start":{"line":1049,"column":4},"end":{"line":1049,"column":60}},"480":{"start":{"line":1050,"column":4},"end":{"line":1050,"column":62}},"481":{"start":{"line":1051,"column":4},"end":{"line":1051,"column":71}},"482":{"start":{"line":1052,"column":4},"end":{"line":1052,"column":73}},"483":{"start":{"line":1053,"column":4},"end":{"line":1053,"column":72}},"484":{"start":{"line":1054,"column":4},"end":{"line":1054,"column":63}},"485":{"start":{"line":1055,"column":4},"end":{"line":1055,"column":73}},"486":{"start":{"line":1056,"column":4},"end":{"line":1056,"column":62}},"487":{"start":{"line":1057,"column":4},"end":{"line":1057,"column":53}},"488":{"start":{"line":1058,"column":4},"end":{"line":1058,"column":56}},"489":{"start":{"line":1059,"column":4},"end":{"line":1059,"column":59}},"490":{"start":{"line":1060,"column":4},"end":{"line":1060,"column":67}},"491":{"start":{"line":1061,"column":4},"end":{"line":1061,"column":59}},"492":{"start":{"line":1062,"column":4},"end":{"line":1062,"column":61}},"493":{"start":{"line":1063,"column":4},"end":{"line":1063,"column":66}},"494":{"start":{"line":1064,"column":4},"end":{"line":1064,"column":62}},"495":{"start":{"line":1065,"column":4},"end":{"line":1065,"column":30}},"496":{"start":{"line":1066,"column":4},"end":{"line":1066,"column":28}},"497":{"start":{"line":1070,"column":4},"end":{"line":1070,"column":68}},"498":{"start":{"line":1071,"column":4},"end":{"line":1071,"column":65}},"499":{"start":{"line":1072,"column":4},"end":{"line":1072,"column":72}},"500":{"start":{"line":1073,"column":4},"end":{"line":1073,"column":70}},"501":{"start":{"line":1074,"column":4},"end":{"line":1074,"column":61}},"502":{"start":{"line":1075,"column":4},"end":{"line":1075,"column":68}},"503":{"start":{"line":1076,"column":4},"end":{"line":1076,"column":77}},"504":{"start":{"line":1077,"column":4},"end":{"line":1077,"column":80}},"505":{"start":{"line":1078,"column":4},"end":{"line":1078,"column":78}},"506":{"start":{"line":1079,"column":4},"end":{"line":1079,"column":69}},"507":{"start":{"line":1080,"column":4},"end":{"line":1080,"column":84}},"508":{"start":{"line":1081,"column":4},"end":{"line":1081,"column":65}},"509":{"start":{"line":1082,"column":4},"end":{"line":1082,"column":55}},"510":{"start":{"line":1083,"column":4},"end":{"line":1083,"column":60}},"511":{"start":{"line":1084,"column":4},"end":{"line":1084,"column":70}},"512":{"start":{"line":1085,"column":4},"end":{"line":1085,"column":79}},"513":{"start":{"line":1086,"column":4},"end":{"line":1086,"column":62}},"514":{"start":{"line":1087,"column":4},"end":{"line":1087,"column":63}},"515":{"start":{"line":1088,"column":4},"end":{"line":1088,"column":72}},"516":{"start":{"line":1089,"column":4},"end":{"line":1089,"column":81}},"517":{"start":{"line":1090,"column":4},"end":{"line":1090,"column":61}},"518":{"start":{"line":1091,"column":4},"end":{"line":1091,"column":59}},"519":{"start":{"line":1105,"column":4},"end":{"line":1116,"column":5}},"520":{"start":{"line":1106,"column":8},"end":{"line":1106,"column":98}},"521":{"start":{"line":1107,"column":8},"end":{"line":1107,"column":99}},"522":{"start":{"line":1109,"column":9},"end":{"line":1116,"column":5}},"523":{"start":{"line":1110,"column":8},"end":{"line":1110,"column":104}},"524":{"start":{"line":1111,"column":8},"end":{"line":1111,"column":105}},"525":{"start":{"line":1114,"column":8},"end":{"line":1114,"column":99}},"526":{"start":{"line":1115,"column":8},"end":{"line":1115,"column":100}},"527":{"start":{"line":1122,"column":18},"end":{"line":1122,"column":70}},"528":{"start":{"line":1124,"column":20},"end":{"line":1124,"column":56}},"529":{"start":{"line":1125,"column":4},"end":{"line":1130,"column":5}},"530":{"start":{"line":1126,"column":8},"end":{"line":1126,"column":75}},"531":{"start":{"line":1129,"column":8},"end":{"line":1129,"column":60}},"532":{"start":{"line":1132,"column":21},"end":{"line":1132,"column":58}},"533":{"start":{"line":1133,"column":4},"end":{"line":1138,"column":5}},"534":{"start":{"line":1134,"column":8},"end":{"line":1134,"column":77}},"535":{"start":{"line":1137,"column":8},"end":{"line":1137,"column":62}},"536":{"start":{"line":1142,"column":0},"end":{"line":1155,"column":1}}},"fnMap":{"0":{"name":"(anonymous_0)","decl":{"start":{"line":26,"column":58},"end":{"line":26,"column":59}},"loc":{"start":{"line":26,"column":69},"end":{"line":31,"column":1}},"line":26},"1":{"name":"(anonymous_1)","decl":{"start":{"line":33,"column":63},"end":{"line":33,"column":64}},"loc":{"start":{"line":33,"column":73},"end":{"line":36,"column":1}},"line":33},"2":{"name":"(anonymous_2)","decl":{"start":{"line":37,"column":63},"end":{"line":37,"column":64}},"loc":{"start":{"line":37,"column":73},"end":{"line":40,"column":1}},"line":37},"3":{"name":"(anonymous_3)","decl":{"start":{"line":41,"column":63},"end":{"line":41,"column":64}},"loc":{"start":{"line":41,"column":73},"end":{"line":44,"column":1}},"line":41},"4":{"name":"(anonymous_4)","decl":{"start":{"line":46,"column":66},"end":{"line":46,"column":67}},"loc":{"start":{"line":46,"column":76},"end":{"line":51,"column":1}},"line":46},"5":{"name":"(anonymous_5)","decl":{"start":{"line":53,"column":64},"end":{"line":53,"column":65}},"loc":{"start":{"line":53,"column":75},"end":{"line":58,"column":1}},"line":53},"6":{"name":"(anonymous_6)","decl":{"start":{"line":60,"column":70},"end":{"line":60,"column":71}},"loc":{"start":{"line":60,"column":81},"end":{"line":63,"column":1}},"line":60},"7":{"name":"(anonymous_7)","decl":{"start":{"line":65,"column":66},"end":{"line":65,"column":67}},"loc":{"start":{"line":65,"column":77},"end":{"line":76,"column":1}},"line":65},"8":{"name":"(anonymous_8)","decl":{"start":{"line":78,"column":62},"end":{"line":78,"column":63}},"loc":{"start":{"line":78,"column":73},"end":{"line":83,"column":1}},"line":78},"9":{"name":"(anonymous_9)","decl":{"start":{"line":85,"column":62},"end":{"line":85,"column":63}},"loc":{"start":{"line":85,"column":73},"end":{"line":91,"column":1}},"line":85},"10":{"name":"(anonymous_10)","decl":{"start":{"line":93,"column":64},"end":{"line":93,"column":65}},"loc":{"start":{"line":93,"column":75},"end":{"line":100,"column":1}},"line":93},"11":{"name":"(anonymous_11)","decl":{"start":{"line":102,"column":67},"end":{"line":102,"column":68}},"loc":{"start":{"line":102,"column":78},"end":{"line":111,"column":1}},"line":102},"12":{"name":"(anonymous_12)","decl":{"start":{"line":113,"column":59},"end":{"line":113,"column":60}},"loc":{"start":{"line":113,"column":70},"end":{"line":120,"column":1}},"line":113},"13":{"name":"(anonymous_13)","decl":{"start":{"line":122,"column":62},"end":{"line":122,"column":63}},"loc":{"start":{"line":122,"column":73},"end":{"line":131,"column":1}},"line":122},"14":{"name":"(anonymous_14)","decl":{"start":{"line":133,"column":61},"end":{"line":133,"column":62}},"loc":{"start":{"line":133,"column":72},"end":{"line":140,"column":1}},"line":133},"15":{"name":"(anonymous_15)","decl":{"start":{"line":142,"column":64},"end":{"line":142,"column":65}},"loc":{"start":{"line":142,"column":75},"end":{"line":166,"column":1}},"line":142},"16":{"name":"(anonymous_16)","decl":{"start":{"line":168,"column":66},"end":{"line":168,"column":67}},"loc":{"start":{"line":168,"column":77},"end":{"line":175,"column":1}},"line":168},"17":{"name":"(anonymous_17)","decl":{"start":{"line":177,"column":69},"end":{"line":177,"column":70}},"loc":{"start":{"line":177,"column":80},"end":{"line":201,"column":1}},"line":177},"18":{"name":"(anonymous_18)","decl":{"start":{"line":203,"column":62},"end":{"line":203,"column":63}},"loc":{"start":{"line":203,"column":73},"end":{"line":210,"column":1}},"line":203},"19":{"name":"(anonymous_19)","decl":{"start":{"line":212,"column":61},"end":{"line":212,"column":62}},"loc":{"start":{"line":212,"column":72},"end":{"line":234,"column":1}},"line":212},"20":{"name":"(anonymous_20)","decl":{"start":{"line":236,"column":63},"end":{"line":236,"column":64}},"loc":{"start":{"line":236,"column":74},"end":{"line":239,"column":1}},"line":236},"21":{"name":"(anonymous_21)","decl":{"start":{"line":241,"column":63},"end":{"line":241,"column":64}},"loc":{"start":{"line":241,"column":74},"end":{"line":244,"column":1}},"line":241},"22":{"name":"(anonymous_22)","decl":{"start":{"line":246,"column":63},"end":{"line":246,"column":64}},"loc":{"start":{"line":246,"column":74},"end":{"line":249,"column":1}},"line":246},"23":{"name":"(anonymous_23)","decl":{"start":{"line":251,"column":63},"end":{"line":251,"column":64}},"loc":{"start":{"line":251,"column":74},"end":{"line":270,"column":1}},"line":251},"24":{"name":"(anonymous_24)","decl":{"start":{"line":254,"column":8},"end":{"line":254,"column":9}},"loc":{"start":{"line":254,"column":28},"end":{"line":264,"column":3}},"line":254},"25":{"name":"(anonymous_25)","decl":{"start":{"line":265,"column":9},"end":{"line":265,"column":10}},"loc":{"start":{"line":265,"column":20},"end":{"line":269,"column":3}},"line":265},"26":{"name":"(anonymous_26)","decl":{"start":{"line":272,"column":64},"end":{"line":272,"column":65}},"loc":{"start":{"line":272,"column":75},"end":{"line":275,"column":1}},"line":272},"27":{"name":"(anonymous_27)","decl":{"start":{"line":277,"column":65},"end":{"line":277,"column":66}},"loc":{"start":{"line":277,"column":76},"end":{"line":280,"column":1}},"line":277},"28":{"name":"(anonymous_28)","decl":{"start":{"line":282,"column":70},"end":{"line":282,"column":71}},"loc":{"start":{"line":282,"column":81},"end":{"line":285,"column":1}},"line":282},"29":{"name":"(anonymous_29)","decl":{"start":{"line":287,"column":67},"end":{"line":287,"column":68}},"loc":{"start":{"line":287,"column":78},"end":{"line":290,"column":1}},"line":287},"30":{"name":"(anonymous_30)","decl":{"start":{"line":292,"column":66},"end":{"line":292,"column":67}},"loc":{"start":{"line":292,"column":77},"end":{"line":306,"column":1}},"line":292},"31":{"name":"(anonymous_31)","decl":{"start":{"line":294,"column":8},"end":{"line":294,"column":9}},"loc":{"start":{"line":294,"column":28},"end":{"line":301,"column":3}},"line":294},"32":{"name":"(anonymous_32)","decl":{"start":{"line":302,"column":9},"end":{"line":302,"column":10}},"loc":{"start":{"line":302,"column":20},"end":{"line":305,"column":3}},"line":302},"33":{"name":"incrementCoin","decl":{"start":{"line":318,"column":9},"end":{"line":318,"column":22}},"loc":{"start":{"line":318,"column":30},"end":{"line":322,"column":1}},"line":318},"34":{"name":"(anonymous_34)","decl":{"start":{"line":334,"column":44},"end":{"line":334,"column":45}},"loc":{"start":{"line":334,"column":50},"end":{"line":370,"column":1}},"line":334},"35":{"name":"(anonymous_35)","decl":{"start":{"line":363,"column":10},"end":{"line":363,"column":11}},"loc":{"start":{"line":363,"column":30},"end":{"line":368,"column":5}},"line":363},"36":{"name":"loadActive","decl":{"start":{"line":382,"column":9},"end":{"line":382,"column":19}},"loc":{"start":{"line":382,"column":21},"end":{"line":399,"column":1}},"line":382},"37":{"name":"darkenChosen","decl":{"start":{"line":411,"column":9},"end":{"line":411,"column":21}},"loc":{"start":{"line":411,"column":23},"end":{"line":453,"column":1}},"line":411},"38":{"name":"setShopItems","decl":{"start":{"line":465,"column":9},"end":{"line":465,"column":21}},"loc":{"start":{"line":465,"column":28},"end":{"line":475,"column":1}},"line":465},"39":{"name":"(anonymous_39)","decl":{"start":{"line":487,"column":67},"end":{"line":487,"column":68}},"loc":{"start":{"line":487,"column":78},"end":{"line":499,"column":1}},"line":487},"40":{"name":"turnLight","decl":{"start":{"line":580,"column":9},"end":{"line":580,"column":18}},"loc":{"start":{"line":580,"column":20},"end":{"line":585,"column":1}},"line":580},"41":{"name":"turnDark","decl":{"start":{"line":597,"column":9},"end":{"line":597,"column":17}},"loc":{"start":{"line":597,"column":19},"end":{"line":602,"column":1}},"line":597},"42":{"name":"setActive","decl":{"start":{"line":614,"column":9},"end":{"line":614,"column":18}},"loc":{"start":{"line":614,"column":25},"end":{"line":623,"column":1}},"line":614},"43":{"name":"runCounter","decl":{"start":{"line":641,"column":9},"end":{"line":641,"column":19}},"loc":{"start":{"line":641,"column":22},"end":{"line":650,"column":1}},"line":641},"44":{"name":"changeMode","decl":{"start":{"line":672,"column":9},"end":{"line":672,"column":19}},"loc":{"start":{"line":672,"column":22},"end":{"line":694,"column":1}},"line":672},"45":{"name":"countDown","decl":{"start":{"line":712,"column":9},"end":{"line":712,"column":18}},"loc":{"start":{"line":712,"column":21},"end":{"line":728,"column":1}},"line":712},"46":{"name":"(anonymous_46)","decl":{"start":{"line":715,"column":28},"end":{"line":715,"column":29}},"loc":{"start":{"line":715,"column":39},"end":{"line":727,"column":5}},"line":715},"47":{"name":"autoSwitchMode","decl":{"start":{"line":749,"column":9},"end":{"line":749,"column":23}},"loc":{"start":{"line":749,"column":26},"end":{"line":780,"column":1}},"line":749},"48":{"name":"secToTime","decl":{"start":{"line":796,"column":9},"end":{"line":796,"column":18}},"loc":{"start":{"line":796,"column":28},"end":{"line":810,"column":1}},"line":796},"49":{"name":"timeToSec","decl":{"start":{"line":825,"column":9},"end":{"line":825,"column":18}},"loc":{"start":{"line":825,"column":29},"end":{"line":833,"column":1}},"line":825},"50":{"name":"drainColor","decl":{"start":{"line":846,"column":9},"end":{"line":846,"column":19}},"loc":{"start":{"line":846,"column":22},"end":{"line":852,"column":1}},"line":846},"51":{"name":"fillColor","decl":{"start":{"line":865,"column":9},"end":{"line":865,"column":18}},"loc":{"start":{"line":865,"column":21},"end":{"line":871,"column":1}},"line":865},"52":{"name":"updateTable","decl":{"start":{"line":882,"column":9},"end":{"line":882,"column":20}},"loc":{"start":{"line":882,"column":23},"end":{"line":900,"column":1}},"line":882},"53":{"name":"(anonymous_53)","decl":{"start":{"line":920,"column":70},"end":{"line":920,"column":71}},"loc":{"start":{"line":920,"column":81},"end":{"line":927,"column":1}},"line":920},"54":{"name":"(anonymous_54)","decl":{"start":{"line":930,"column":72},"end":{"line":930,"column":73}},"loc":{"start":{"line":930,"column":83},"end":{"line":937,"column":1}},"line":930},"55":{"name":"(anonymous_55)","decl":{"start":{"line":940,"column":71},"end":{"line":940,"column":72}},"loc":{"start":{"line":940,"column":82},"end":{"line":947,"column":1}},"line":940},"56":{"name":"(anonymous_56)","decl":{"start":{"line":950,"column":73},"end":{"line":950,"column":74}},"loc":{"start":{"line":950,"column":84},"end":{"line":957,"column":1}},"line":950},"57":{"name":"saveTimeSettings","decl":{"start":{"line":963,"column":9},"end":{"line":963,"column":25}},"loc":{"start":{"line":963,"column":28},"end":{"line":1031,"column":1}},"line":963},"58":{"name":"SwitchToChinese","decl":{"start":{"line":1044,"column":9},"end":{"line":1044,"column":24}},"loc":{"start":{"line":1044,"column":27},"end":{"line":1067,"column":1}},"line":1044},"59":{"name":"SwitchToEnglish","decl":{"start":{"line":1069,"column":9},"end":{"line":1069,"column":24}},"loc":{"start":{"line":1069,"column":27},"end":{"line":1092,"column":1}},"line":1069},"60":{"name":"chooseSoundEffect","decl":{"start":{"line":1104,"column":9},"end":{"line":1104,"column":26}},"loc":{"start":{"line":1104,"column":28},"end":{"line":1118,"column":1}},"line":1104},"61":{"name":"showStats","decl":{"start":{"line":1121,"column":9},"end":{"line":1121,"column":18}},"loc":{"start":{"line":1121,"column":21},"end":{"line":1139,"column":1}},"line":1121}},"branchMap":{"0":{"loc":{"start":{"line":47,"column":4},"end":{"line":50,"column":43}},"type":"if","locations":[{"start":{"line":47,"column":4},"end":{"line":50,"column":43}},{"start":{"line":47,"column":4},"end":{"line":50,"column":43}}],"line":47},"1":{"loc":{"start":{"line":69,"column":4},"end":{"line":73,"column":5}},"type":"if","locations":[{"start":{"line":69,"column":4},"end":{"line":73,"column":5}},{"start":{"line":69,"column":4},"end":{"line":73,"column":5}}],"line":69},"2":{"loc":{"start":{"line":71,"column":11},"end":{"line":73,"column":5}},"type":"if","locations":[{"start":{"line":71,"column":11},"end":{"line":73,"column":5}},{"start":{"line":71,"column":11},"end":{"line":73,"column":5}}],"line":71},"3":{"loc":{"start":{"line":95,"column":4},"end":{"line":98,"column":116}},"type":"if","locations":[{"start":{"line":95,"column":4},"end":{"line":98,"column":116}},{"start":{"line":95,"column":4},"end":{"line":98,"column":116}}],"line":95},"4":{"loc":{"start":{"line":105,"column":4},"end":{"line":108,"column":116}},"type":"if","locations":[{"start":{"line":105,"column":4},"end":{"line":108,"column":116}},{"start":{"line":105,"column":4},"end":{"line":108,"column":116}}],"line":105},"5":{"loc":{"start":{"line":115,"column":4},"end":{"line":118,"column":111}},"type":"if","locations":[{"start":{"line":115,"column":4},"end":{"line":118,"column":111}},{"start":{"line":115,"column":4},"end":{"line":118,"column":111}}],"line":115},"6":{"loc":{"start":{"line":125,"column":4},"end":{"line":128,"column":111}},"type":"if","locations":[{"start":{"line":125,"column":4},"end":{"line":128,"column":111}},{"start":{"line":125,"column":4},"end":{"line":128,"column":111}}],"line":125},"7":{"loc":{"start":{"line":135,"column":4},"end":{"line":138,"column":113}},"type":"if","locations":[{"start":{"line":135,"column":4},"end":{"line":138,"column":113}},{"start":{"line":135,"column":4},"end":{"line":138,"column":113}}],"line":135},"8":{"loc":{"start":{"line":144,"column":4},"end":{"line":164,"column":81}},"type":"if","locations":[{"start":{"line":144,"column":4},"end":{"line":164,"column":81}},{"start":{"line":144,"column":4},"end":{"line":164,"column":81}}],"line":144},"9":{"loc":{"start":{"line":145,"column":8},"end":{"line":148,"column":117}},"type":"if","locations":[{"start":{"line":145,"column":8},"end":{"line":148,"column":117}},{"start":{"line":145,"column":8},"end":{"line":148,"column":117}}],"line":145},"10":{"loc":{"start":{"line":152,"column":9},"end":{"line":164,"column":81}},"type":"if","locations":[{"start":{"line":152,"column":9},"end":{"line":164,"column":81}},{"start":{"line":152,"column":9},"end":{"line":164,"column":81}}],"line":152},"11":{"loc":{"start":{"line":155,"column":8},"end":{"line":158,"column":117}},"type":"if","locations":[{"start":{"line":155,"column":8},"end":{"line":158,"column":117}},{"start":{"line":155,"column":8},"end":{"line":158,"column":117}}],"line":155},"12":{"loc":{"start":{"line":170,"column":4},"end":{"line":173,"column":118}},"type":"if","locations":[{"start":{"line":170,"column":4},"end":{"line":173,"column":118}},{"start":{"line":170,"column":4},"end":{"line":173,"column":118}}],"line":170},"13":{"loc":{"start":{"line":179,"column":4},"end":{"line":199,"column":81}},"type":"if","locations":[{"start":{"line":179,"column":4},"end":{"line":199,"column":81}},{"start":{"line":179,"column":4},"end":{"line":199,"column":81}}],"line":179},"14":{"loc":{"start":{"line":180,"column":8},"end":{"line":183,"column":122}},"type":"if","locations":[{"start":{"line":180,"column":8},"end":{"line":183,"column":122}},{"start":{"line":180,"column":8},"end":{"line":183,"column":122}}],"line":180},"15":{"loc":{"start":{"line":187,"column":9},"end":{"line":199,"column":81}},"type":"if","locations":[{"start":{"line":187,"column":9},"end":{"line":199,"column":81}},{"start":{"line":187,"column":9},"end":{"line":199,"column":81}}],"line":187},"16":{"loc":{"start":{"line":191,"column":8},"end":{"line":194,"column":122}},"type":"if","locations":[{"start":{"line":191,"column":8},"end":{"line":194,"column":122}},{"start":{"line":191,"column":8},"end":{"line":194,"column":122}}],"line":191},"17":{"loc":{"start":{"line":205,"column":4},"end":{"line":208,"column":109}},"type":"if","locations":[{"start":{"line":205,"column":4},"end":{"line":208,"column":109}},{"start":{"line":205,"column":4},"end":{"line":208,"column":109}}],"line":205},"18":{"loc":{"start":{"line":214,"column":4},"end":{"line":232,"column":5}},"type":"if","locations":[{"start":{"line":214,"column":4},"end":{"line":232,"column":5}},{"start":{"line":214,"column":4},"end":{"line":232,"column":5}}],"line":214},"19":{"loc":{"start":{"line":215,"column":8},"end":{"line":218,"column":113}},"type":"if","locations":[{"start":{"line":215,"column":8},"end":{"line":218,"column":113}},{"start":{"line":215,"column":8},"end":{"line":218,"column":113}}],"line":215},"20":{"loc":{"start":{"line":226,"column":8},"end":{"line":229,"column":113}},"type":"if","locations":[{"start":{"line":226,"column":8},"end":{"line":229,"column":113}},{"start":{"line":226,"column":8},"end":{"line":229,"column":113}}],"line":226},"21":{"loc":{"start":{"line":335,"column":4},"end":{"line":351,"column":5}},"type":"if","locations":[{"start":{"line":335,"column":4},"end":{"line":351,"column":5}},{"start":{"line":335,"column":4},"end":{"line":351,"column":5}}],"line":335},"22":{"loc":{"start":{"line":335,"column":8},"end":{"line":335,"column":132}},"type":"binary-expr","locations":[{"start":{"line":335,"column":8},"end":{"line":335,"column":44}},{"start":{"line":335,"column":48},"end":{"line":335,"column":89}},{"start":{"line":335,"column":93},"end":{"line":335,"column":132}}],"line":335},"23":{"loc":{"start":{"line":345,"column":8},"end":{"line":346,"column":68}},"type":"if","locations":[{"start":{"line":345,"column":8},"end":{"line":346,"column":68}},{"start":{"line":345,"column":8},"end":{"line":346,"column":68}}],"line":345},"24":{"loc":{"start":{"line":347,"column":8},"end":{"line":350,"column":9}},"type":"if","locations":[{"start":{"line":347,"column":8},"end":{"line":350,"column":9}},{"start":{"line":347,"column":8},"end":{"line":350,"column":9}}],"line":347},"25":{"loc":{"start":{"line":361,"column":4},"end":{"line":369,"column":5}},"type":"if","locations":[{"start":{"line":361,"column":4},"end":{"line":369,"column":5}},{"start":{"line":361,"column":4},"end":{"line":369,"column":5}}],"line":361},"26":{"loc":{"start":{"line":384,"column":4},"end":{"line":398,"column":5}},"type":"if","locations":[{"start":{"line":384,"column":4},"end":{"line":398,"column":5}},{"start":{"line":384,"column":4},"end":{"line":398,"column":5}}],"line":384},"27":{"loc":{"start":{"line":387,"column":9},"end":{"line":398,"column":5}},"type":"if","locations":[{"start":{"line":387,"column":9},"end":{"line":398,"column":5}},{"start":{"line":387,"column":9},"end":{"line":398,"column":5}}],"line":387},"28":{"loc":{"start":{"line":390,"column":9},"end":{"line":398,"column":5}},"type":"if","locations":[{"start":{"line":390,"column":9},"end":{"line":398,"column":5}},{"start":{"line":390,"column":9},"end":{"line":398,"column":5}}],"line":390},"29":{"loc":{"start":{"line":393,"column":9},"end":{"line":398,"column":5}},"type":"if","locations":[{"start":{"line":393,"column":9},"end":{"line":398,"column":5}},{"start":{"line":393,"column":9},"end":{"line":398,"column":5}}],"line":393},"30":{"loc":{"start":{"line":396,"column":9},"end":{"line":398,"column":5}},"type":"if","locations":[{"start":{"line":396,"column":9},"end":{"line":398,"column":5}},{"start":{"line":396,"column":9},"end":{"line":398,"column":5}}],"line":396},"31":{"loc":{"start":{"line":421,"column":4},"end":{"line":424,"column":64}},"type":"if","locations":[{"start":{"line":421,"column":4},"end":{"line":424,"column":64}},{"start":{"line":421,"column":4},"end":{"line":424,"column":64}}],"line":421},"32":{"loc":{"start":{"line":425,"column":4},"end":{"line":428,"column":69}},"type":"if","locations":[{"start":{"line":425,"column":4},"end":{"line":428,"column":69}},{"start":{"line":425,"column":4},"end":{"line":428,"column":69}}],"line":425},"33":{"loc":{"start":{"line":429,"column":4},"end":{"line":432,"column":61}},"type":"if","locations":[{"start":{"line":429,"column":4},"end":{"line":432,"column":61}},{"start":{"line":429,"column":4},"end":{"line":432,"column":61}}],"line":429},"34":{"loc":{"start":{"line":433,"column":4},"end":{"line":452,"column":5}},"type":"if","locations":[{"start":{"line":433,"column":4},"end":{"line":452,"column":5}},{"start":{"line":433,"column":4},"end":{"line":452,"column":5}}],"line":433},"35":{"loc":{"start":{"line":437,"column":9},"end":{"line":452,"column":5}},"type":"if","locations":[{"start":{"line":437,"column":9},"end":{"line":452,"column":5}},{"start":{"line":437,"column":9},"end":{"line":452,"column":5}}],"line":437},"36":{"loc":{"start":{"line":441,"column":9},"end":{"line":452,"column":5}},"type":"if","locations":[{"start":{"line":441,"column":9},"end":{"line":452,"column":5}},{"start":{"line":441,"column":9},"end":{"line":452,"column":5}}],"line":441},"37":{"loc":{"start":{"line":445,"column":9},"end":{"line":452,"column":5}},"type":"if","locations":[{"start":{"line":445,"column":9},"end":{"line":452,"column":5}},{"start":{"line":445,"column":9},"end":{"line":452,"column":5}}],"line":445},"38":{"loc":{"start":{"line":449,"column":9},"end":{"line":452,"column":5}},"type":"if","locations":[{"start":{"line":449,"column":9},"end":{"line":452,"column":5}},{"start":{"line":449,"column":9},"end":{"line":452,"column":5}}],"line":449},"39":{"loc":{"start":{"line":469,"column":8},"end":{"line":472,"column":32}},"type":"if","locations":[{"start":{"line":469,"column":8},"end":{"line":472,"column":32}},{"start":{"line":469,"column":8},"end":{"line":472,"column":32}}],"line":469},"40":{"loc":{"start":{"line":491,"column":4},"end":{"line":498,"column":70}},"type":"if","locations":[{"start":{"line":491,"column":4},"end":{"line":498,"column":70}},{"start":{"line":491,"column":4},"end":{"line":498,"column":70}}],"line":491},"41":{"loc":{"start":{"line":493,"column":9},"end":{"line":498,"column":70}},"type":"if","locations":[{"start":{"line":493,"column":9},"end":{"line":498,"column":70}},{"start":{"line":493,"column":9},"end":{"line":498,"column":70}}],"line":493},"42":{"loc":{"start":{"line":493,"column":13},"end":{"line":493,"column":38}},"type":"binary-expr","locations":[{"start":{"line":493,"column":13},"end":{"line":493,"column":23}},{"start":{"line":493,"column":27},"end":{"line":493,"column":38}}],"line":493},"43":{"loc":{"start":{"line":495,"column":9},"end":{"line":498,"column":70}},"type":"if","locations":[{"start":{"line":495,"column":9},"end":{"line":498,"column":70}},{"start":{"line":495,"column":9},"end":{"line":498,"column":70}}],"line":495},"44":{"loc":{"start":{"line":495,"column":13},"end":{"line":495,"column":39}},"type":"binary-expr","locations":[{"start":{"line":495,"column":13},"end":{"line":495,"column":24}},{"start":{"line":495,"column":28},"end":{"line":495,"column":39}}],"line":495},"45":{"loc":{"start":{"line":533,"column":0},"end":{"line":536,"column":1}},"type":"if","locations":[{"start":{"line":533,"column":0},"end":{"line":536,"column":1}},{"start":{"line":533,"column":0},"end":{"line":536,"column":1}}],"line":533},"46":{"loc":{"start":{"line":537,"column":0},"end":{"line":540,"column":1}},"type":"if","locations":[{"start":{"line":537,"column":0},"end":{"line":540,"column":1}},{"start":{"line":537,"column":0},"end":{"line":540,"column":1}}],"line":537},"47":{"loc":{"start":{"line":541,"column":0},"end":{"line":544,"column":1}},"type":"if","locations":[{"start":{"line":541,"column":0},"end":{"line":544,"column":1}},{"start":{"line":541,"column":0},"end":{"line":544,"column":1}}],"line":541},"48":{"loc":{"start":{"line":545,"column":0},"end":{"line":548,"column":1}},"type":"if","locations":[{"start":{"line":545,"column":0},"end":{"line":548,"column":1}},{"start":{"line":545,"column":0},"end":{"line":548,"column":1}}],"line":545},"49":{"loc":{"start":{"line":549,"column":0},"end":{"line":564,"column":1}},"type":"if","locations":[{"start":{"line":549,"column":0},"end":{"line":564,"column":1}},{"start":{"line":549,"column":0},"end":{"line":564,"column":1}}],"line":549},"50":{"loc":{"start":{"line":551,"column":4},"end":{"line":559,"column":5}},"type":"if","locations":[{"start":{"line":551,"column":4},"end":{"line":559,"column":5}},{"start":{"line":551,"column":4},"end":{"line":559,"column":5}}],"line":551},"51":{"loc":{"start":{"line":554,"column":9},"end":{"line":559,"column":5}},"type":"if","locations":[{"start":{"line":554,"column":9},"end":{"line":559,"column":5}},{"start":{"line":554,"column":9},"end":{"line":559,"column":5}}],"line":554},"52":{"loc":{"start":{"line":617,"column":8},"end":{"line":620,"column":26}},"type":"if","locations":[{"start":{"line":617,"column":8},"end":{"line":620,"column":26}},{"start":{"line":617,"column":8},"end":{"line":620,"column":26}}],"line":617},"53":{"loc":{"start":{"line":644,"column":4},"end":{"line":648,"column":5}},"type":"if","locations":[{"start":{"line":644,"column":4},"end":{"line":648,"column":5}},{"start":{"line":644,"column":4},"end":{"line":648,"column":5}}],"line":644},"54":{"loc":{"start":{"line":675,"column":4},"end":{"line":691,"column":5}},"type":"if","locations":[{"start":{"line":675,"column":4},"end":{"line":691,"column":5}},{"start":{"line":675,"column":4},"end":{"line":691,"column":5}}],"line":675},"55":{"loc":{"start":{"line":681,"column":9},"end":{"line":691,"column":5}},"type":"if","locations":[{"start":{"line":681,"column":9},"end":{"line":691,"column":5}},{"start":{"line":681,"column":9},"end":{"line":691,"column":5}}],"line":681},"56":{"loc":{"start":{"line":716,"column":8},"end":{"line":726,"column":9}},"type":"if","locations":[{"start":{"line":716,"column":8},"end":{"line":726,"column":9}},{"start":{"line":716,"column":8},"end":{"line":726,"column":9}}],"line":716},"57":{"loc":{"start":{"line":751,"column":4},"end":{"line":778,"column":5}},"type":"if","locations":[{"start":{"line":751,"column":4},"end":{"line":778,"column":5}},{"start":{"line":751,"column":4},"end":{"line":778,"column":5}}],"line":751},"58":{"loc":{"start":{"line":755,"column":8},"end":{"line":764,"column":9}},"type":"if","locations":[{"start":{"line":755,"column":8},"end":{"line":764,"column":9}},{"start":{"line":755,"column":8},"end":{"line":764,"column":9}}],"line":755},"59":{"loc":{"start":{"line":769,"column":8},"end":{"line":776,"column":9}},"type":"if","locations":[{"start":{"line":769,"column":8},"end":{"line":776,"column":9}},{"start":{"line":769,"column":8},"end":{"line":776,"column":9}}],"line":769},"60":{"loc":{"start":{"line":800,"column":4},"end":{"line":802,"column":5}},"type":"if","locations":[{"start":{"line":800,"column":4},"end":{"line":802,"column":5}},{"start":{"line":800,"column":4},"end":{"line":802,"column":5}}],"line":800},"61":{"loc":{"start":{"line":806,"column":4},"end":{"line":808,"column":5}},"type":"if","locations":[{"start":{"line":806,"column":4},"end":{"line":808,"column":5}},{"start":{"line":806,"column":4},"end":{"line":808,"column":5}}],"line":806},"62":{"loc":{"start":{"line":884,"column":4},"end":{"line":896,"column":5}},"type":"if","locations":[{"start":{"line":884,"column":4},"end":{"line":896,"column":5}},{"start":{"line":884,"column":4},"end":{"line":896,"column":5}}],"line":884},"63":{"loc":{"start":{"line":888,"column":11},"end":{"line":896,"column":5}},"type":"if","locations":[{"start":{"line":888,"column":11},"end":{"line":896,"column":5}},{"start":{"line":888,"column":11},"end":{"line":896,"column":5}}],"line":888},"64":{"loc":{"start":{"line":888,"column":15},"end":{"line":888,"column":44}},"type":"binary-expr","locations":[{"start":{"line":888,"column":15},"end":{"line":888,"column":25}},{"start":{"line":888,"column":29},"end":{"line":888,"column":44}}],"line":888},"65":{"loc":{"start":{"line":892,"column":11},"end":{"line":896,"column":5}},"type":"if","locations":[{"start":{"line":892,"column":11},"end":{"line":896,"column":5}},{"start":{"line":892,"column":11},"end":{"line":896,"column":5}}],"line":892},"66":{"loc":{"start":{"line":892,"column":15},"end":{"line":892,"column":45}},"type":"binary-expr","locations":[{"start":{"line":892,"column":15},"end":{"line":892,"column":26}},{"start":{"line":892,"column":30},"end":{"line":892,"column":45}}],"line":892},"67":{"loc":{"start":{"line":899,"column":7},"end":{"line":899,"column":62}},"type":"cond-expr","locations":[{"start":{"line":899,"column":37},"end":{"line":899,"column":57}},{"start":{"line":899,"column":61},"end":{"line":899,"column":62}}],"line":899},"68":{"loc":{"start":{"line":922,"column":4},"end":{"line":926,"column":5}},"type":"if","locations":[{"start":{"line":922,"column":4},"end":{"line":926,"column":5}},{"start":{"line":922,"column":4},"end":{"line":926,"column":5}}],"line":922},"69":{"loc":{"start":{"line":922,"column":8},"end":{"line":923,"column":47}},"type":"binary-expr","locations":[{"start":{"line":922,"column":9},"end":{"line":922,"column":25}},{"start":{"line":922,"column":29},"end":{"line":922,"column":53}},{"start":{"line":923,"column":8},"end":{"line":923,"column":47}}],"line":922},"70":{"loc":{"start":{"line":923,"column":10},"end":{"line":923,"column":46}},"type":"binary-expr","locations":[{"start":{"line":923,"column":10},"end":{"line":923,"column":25}},{"start":{"line":923,"column":29},"end":{"line":923,"column":46}}],"line":923},"71":{"loc":{"start":{"line":932,"column":4},"end":{"line":936,"column":5}},"type":"if","locations":[{"start":{"line":932,"column":4},"end":{"line":936,"column":5}},{"start":{"line":932,"column":4},"end":{"line":936,"column":5}}],"line":932},"72":{"loc":{"start":{"line":932,"column":8},"end":{"line":933,"column":59}},"type":"binary-expr","locations":[{"start":{"line":932,"column":9},"end":{"line":932,"column":31}},{"start":{"line":932,"column":35},"end":{"line":932,"column":65}},{"start":{"line":933,"column":8},"end":{"line":933,"column":59}}],"line":932},"73":{"loc":{"start":{"line":933,"column":10},"end":{"line":933,"column":58}},"type":"binary-expr","locations":[{"start":{"line":933,"column":10},"end":{"line":933,"column":31}},{"start":{"line":933,"column":35},"end":{"line":933,"column":58}}],"line":933},"74":{"loc":{"start":{"line":942,"column":4},"end":{"line":946,"column":5}},"type":"if","locations":[{"start":{"line":942,"column":4},"end":{"line":946,"column":5}},{"start":{"line":942,"column":4},"end":{"line":946,"column":5}}],"line":942},"75":{"loc":{"start":{"line":942,"column":8},"end":{"line":943,"column":57}},"type":"binary-expr","locations":[{"start":{"line":942,"column":9},"end":{"line":942,"column":30}},{"start":{"line":942,"column":34},"end":{"line":942,"column":63}},{"start":{"line":943,"column":8},"end":{"line":943,"column":57}}],"line":942},"76":{"loc":{"start":{"line":943,"column":10},"end":{"line":943,"column":56}},"type":"binary-expr","locations":[{"start":{"line":943,"column":10},"end":{"line":943,"column":30}},{"start":{"line":943,"column":34},"end":{"line":943,"column":56}}],"line":943},"77":{"loc":{"start":{"line":952,"column":4},"end":{"line":956,"column":5}},"type":"if","locations":[{"start":{"line":952,"column":4},"end":{"line":956,"column":5}},{"start":{"line":952,"column":4},"end":{"line":956,"column":5}}],"line":952},"78":{"loc":{"start":{"line":952,"column":8},"end":{"line":953,"column":60}},"type":"binary-expr","locations":[{"start":{"line":952,"column":9},"end":{"line":952,"column":32}},{"start":{"line":952,"column":36},"end":{"line":952,"column":67}},{"start":{"line":953,"column":8},"end":{"line":953,"column":60}}],"line":952},"79":{"loc":{"start":{"line":953,"column":10},"end":{"line":953,"column":59}},"type":"binary-expr","locations":[{"start":{"line":953,"column":10},"end":{"line":953,"column":32}},{"start":{"line":953,"column":36},"end":{"line":953,"column":59}}],"line":953},"80":{"loc":{"start":{"line":973,"column":4},"end":{"line":976,"column":5}},"type":"if","locations":[{"start":{"line":973,"column":4},"end":{"line":976,"column":5}},{"start":{"line":973,"column":4},"end":{"line":976,"column":5}}],"line":973},"81":{"loc":{"start":{"line":977,"column":4},"end":{"line":980,"column":5}},"type":"if","locations":[{"start":{"line":977,"column":4},"end":{"line":980,"column":5}},{"start":{"line":977,"column":4},"end":{"line":980,"column":5}}],"line":977},"82":{"loc":{"start":{"line":981,"column":4},"end":{"line":984,"column":5}},"type":"if","locations":[{"start":{"line":981,"column":4},"end":{"line":984,"column":5}},{"start":{"line":981,"column":4},"end":{"line":984,"column":5}}],"line":981},"83":{"loc":{"start":{"line":999,"column":4},"end":{"line":1005,"column":5}},"type":"if","locations":[{"start":{"line":999,"column":4},"end":{"line":1005,"column":5}},{"start":{"line":999,"column":4},"end":{"line":1005,"column":5}}],"line":999},"84":{"loc":{"start":{"line":1001,"column":11},"end":{"line":1005,"column":5}},"type":"if","locations":[{"start":{"line":1001,"column":11},"end":{"line":1005,"column":5}},{"start":{"line":1001,"column":11},"end":{"line":1005,"column":5}}],"line":1001},"85":{"loc":{"start":{"line":1016,"column":4},"end":{"line":1019,"column":5}},"type":"if","locations":[{"start":{"line":1016,"column":4},"end":{"line":1019,"column":5}},{"start":{"line":1016,"column":4},"end":{"line":1019,"column":5}}],"line":1016},"86":{"loc":{"start":{"line":1021,"column":7},"end":{"line":1021,"column":62}},"type":"cond-expr","locations":[{"start":{"line":1021,"column":37},"end":{"line":1021,"column":57}},{"start":{"line":1021,"column":61},"end":{"line":1021,"column":62}}],"line":1021},"87":{"loc":{"start":{"line":1105,"column":4},"end":{"line":1116,"column":5}},"type":"if","locations":[{"start":{"line":1105,"column":4},"end":{"line":1116,"column":5}},{"start":{"line":1105,"column":4},"end":{"line":1116,"column":5}}],"line":1105},"88":{"loc":{"start":{"line":1109,"column":9},"end":{"line":1116,"column":5}},"type":"if","locations":[{"start":{"line":1109,"column":9},"end":{"line":1116,"column":5}},{"start":{"line":1109,"column":9},"end":{"line":1116,"column":5}}],"line":1109},"89":{"loc":{"start":{"line":1125,"column":4},"end":{"line":1130,"column":5}},"type":"if","locations":[{"start":{"line":1125,"column":4},"end":{"line":1130,"column":5}},{"start":{"line":1125,"column":4},"end":{"line":1130,"column":5}}],"line":1125},"90":{"loc":{"start":{"line":1133,"column":4},"end":{"line":1138,"column":5}},"type":"if","locations":[{"start":{"line":1133,"column":4},"end":{"line":1138,"column":5}},{"start":{"line":1133,"column":4},"end":{"line":1138,"column":5}}],"line":1133}},"s":{"0":1,"1":1,"2":1,"3":1,"4":1,"5":1,"6":1,"7":1,"8":1,"9":1,"10":0,"11":0,"12":0,"13":0,"14":1,"15":0,"16":0,"17":1,"18":0,"19":0,"20":1,"21":0,"22":0,"23":1,"24":0,"25":0,"26":0,"27":1,"28":0,"29":0,"30":0,"31":0,"32":1,"33":0,"34":0,"35":1,"36":0,"37":0,"38":0,"39":0,"40":0,"41":0,"42":0,"43":0,"44":0,"45":1,"46":0,"47":0,"48":0,"49":0,"50":1,"51":0,"52":0,"53":0,"54":0,"55":0,"56":1,"57":0,"58":0,"59":0,"60":0,"61":0,"62":1,"63":0,"64":0,"65":0,"66":0,"67":0,"68":0,"69":0,"70":1,"71":0,"72":0,"73":0,"74":0,"75":0,"76":1,"77":0,"78":0,"79":0,"80":0,"81":0,"82":0,"83":0,"84":1,"85":0,"86":0,"87":0,"88":0,"89":0,"90":1,"91":0,"92":0,"93":0,"94":0,"95":0,"96":0,"97":0,"98":0,"99":0,"100":0,"101":0,"102":0,"103":0,"104":0,"105":0,"106":0,"107":0,"108":0,"109":1,"110":0,"111":0,"112":0,"113":0,"114":0,"115":1,"116":0,"117":0,"118":0,"119":0,"120":0,"121":0,"122":0,"123":0,"124":0,"125":0,"126":0,"127":0,"128":0,"129":0,"130":0,"131":0,"132":0,"133":0,"134":1,"135":0,"136":0,"137":0,"138":0,"139":0,"140":1,"141":0,"142":0,"143":0,"144":0,"145":0,"146":0,"147":0,"148":0,"149":0,"150":0,"151":0,"152":0,"153":0,"154":0,"155":0,"156":0,"157":1,"158":0,"159":0,"160":1,"161":0,"162":0,"163":1,"164":0,"165":0,"166":1,"167":0,"168":0,"169":0,"170":0,"171":0,"172":0,"173":0,"174":0,"175":0,"176":0,"177":1,"178":0,"179":0,"180":1,"181":0,"182":0,"183":1,"184":0,"185":0,"186":1,"187":0,"188":0,"189":1,"190":0,"191":0,"192":0,"193":0,"194":0,"195":0,"196":0,"197":0,"198":0,"199":0,"200":0,"201":0,"202":1,"203":0,"204":0,"205":0,"206":0,"207":0,"208":0,"209":0,"210":0,"211":0,"212":0,"213":0,"214":0,"215":0,"216":0,"217":0,"218":0,"219":0,"220":0,"221":0,"222":0,"223":0,"224":0,"225":0,"226":0,"227":0,"228":0,"229":0,"230":0,"231":0,"232":0,"233":0,"234":0,"235":0,"236":0,"237":0,"238":0,"239":0,"240":0,"241":0,"242":0,"243":0,"244":0,"245":0,"246":0,"247":0,"248":0,"249":0,"250":0,"251":0,"252":0,"253":0,"254":0,"255":0,"256":0,"257":0,"258":0,"259":0,"260":0,"261":0,"262":0,"263":0,"264":0,"265":0,"266":0,"267":0,"268":0,"269":0,"270":0,"271":0,"272":0,"273":0,"274":0,"275":0,"276":1,"277":0,"278":0,"279":0,"280":0,"281":0,"282":0,"283":0,"284":0,"285":0,"286":0,"287":1,"288":1,"289":1,"290":1,"291":1,"292":1,"293":1,"294":0,"295":0,"296":1,"297":0,"298":0,"299":1,"300":0,"301":0,"302":1,"303":0,"304":0,"305":1,"306":0,"307":0,"308":0,"309":0,"310":0,"311":0,"312":1,"313":1,"314":1,"315":0,"316":0,"317":0,"318":0,"319":0,"320":0,"321":0,"322":0,"323":0,"324":0,"325":0,"326":0,"327":0,"328":0,"329":0,"330":1,"331":1,"332":0,"333":0,"334":0,"335":0,"336":0,"337":1,"338":1,"339":1,"340":0,"341":0,"342":0,"343":0,"344":0,"345":0,"346":0,"347":0,"348":0,"349":0,"350":0,"351":0,"352":0,"353":0,"354":0,"355":0,"356":0,"357":0,"358":0,"359":0,"360":0,"361":0,"362":0,"363":0,"364":0,"365":0,"366":0,"367":0,"368":0,"369":0,"370":0,"371":0,"372":0,"373":0,"374":0,"375":0,"376":0,"377":0,"378":0,"379":0,"380":0,"381":2,"382":2,"383":2,"384":0,"385":2,"386":2,"387":2,"388":2,"389":2,"390":0,"391":0,"392":0,"393":0,"394":0,"395":0,"396":0,"397":0,"398":0,"399":0,"400":0,"401":0,"402":0,"403":0,"404":0,"405":0,"406":0,"407":0,"408":0,"409":0,"410":0,"411":0,"412":0,"413":0,"414":0,"415":0,"416":0,"417":0,"418":0,"419":1,"420":1,"421":1,"422":1,"423":0,"424":0,"425":0,"426":0,"427":1,"428":0,"429":0,"430":0,"431":0,"432":1,"433":0,"434":0,"435":0,"436":0,"437":1,"438":0,"439":0,"440":0,"441":0,"442":1,"443":1,"444":1,"445":1,"446":0,"447":0,"448":1,"449":0,"450":0,"451":1,"452":0,"453":0,"454":1,"455":1,"456":1,"457":1,"458":1,"459":1,"460":1,"461":1,"462":0,"463":0,"464":0,"465":1,"466":1,"467":1,"468":0,"469":0,"470":1,"471":1,"472":1,"473":1,"474":1,"475":0,"476":0,"477":0,"478":0,"479":0,"480":0,"481":0,"482":0,"483":0,"484":0,"485":0,"486":0,"487":0,"488":0,"489":0,"490":0,"491":0,"492":0,"493":0,"494":0,"495":0,"496":0,"497":0,"498":0,"499":0,"500":0,"501":0,"502":0,"503":0,"504":0,"505":0,"506":0,"507":0,"508":0,"509":0,"510":0,"511":0,"512":0,"513":0,"514":0,"515":0,"516":0,"517":0,"518":0,"519":0,"520":0,"521":0,"522":0,"523":0,"524":0,"525":0,"526":0,"527":0,"528":0,"529":0,"530":0,"531":0,"532":0,"533":0,"534":0,"535":0,"536":1},"f":{"0":0,"1":0,"2":0,"3":0,"4":0,"5":0,"6":0,"7":0,"8":0,"9":0,"10":0,"11":0,"12":0,"13":0,"14":0,"15":0,"16":0,"17":0,"18":0,"19":0,"20":0,"21":0,"22":0,"23":0,"24":0,"25":0,"26":0,"27":0,"28":0,"29":0,"30":0,"31":0,"32":0,"33":0,"34":0,"35":0,"36":0,"37":0,"38":0,"39":0,"40":0,"41":0,"42":0,"43":0,"44":0,"45":0,"46":0,"47":0,"48":2,"49":0,"50":0,"51":0,"52":0,"53":0,"54":0,"55":0,"56":0,"57":1,"58":0,"59":0,"60":0,"61":0},"b":{"0":[0,0],"1":[0,0],"2":[0,0],"3":[0,0],"4":[0,0],"5":[0,0],"6":[0,0],"7":[0,0],"8":[0,0],"9":[0,0],"10":[0,0],"11":[0,0],"12":[0,0],"13":[0,0],"14":[0,0],"15":[0,0],"16":[0,0],"17":[0,0],"18":[0,0],"19":[0,0],"20":[0,0],"21":[0,0],"22":[0,0,0],"23":[0,0],"24":[0,0],"25":[0,0],"26":[0,0],"27":[0,0],"28":[0,0],"29":[0,0],"30":[0,0],"31":[0,0],"32":[0,0],"33":[0,0],"34":[0,0],"35":[0,0],"36":[0,0],"37":[0,0],"38":[0,0],"39":[0,0],"40":[0,0],"41":[0,0],"42":[0,0],"43":[0,0],"44":[0,0],"45":[0,1],"46":[0,1],"47":[0,1],"48":[0,1],"49":[0,1],"50":[0,0],"51":[0,0],"52":[0,0],"53":[0,0],"54":[0,0],"55":[0,0],"56":[0,0],"57":[0,0],"58":[0,0],"59":[0,0],"60":[0,2],"61":[2,0],"62":[0,0],"63":[0,0],"64":[0,0],"65":[0,0],"66":[0,0],"67":[0,0],"68":[0,0],"69":[0,0,0],"70":[0,0],"71":[0,0],"72":[0,0,0],"73":[0,0],"74":[0,0],"75":[0,0,0],"76":[0,0],"77":[0,0],"78":[0,0,0],"79":[0,0],"80":[0,1],"81":[0,1],"82":[0,1],"83":[1,0],"84":[0,0],"85":[0,1],"86":[1,0],"87":[0,0],"88":[0,0],"89":[0,0],"90":[0,0]},"_coverageSchema":"1a1c01bbd47fc00a2c39e90264f33305004495a9","hash":"4a3980bc9604cdc275f8b53e83582ef46d42a94a"}
}
