{"/home/ethan/cse110/cse110-w21-group1/source/Front-end/javascript/main.js": {"path":"/home/ethan/cse110/cse110-w21-group1/source/Front-end/javascript/main.js","statementMap":{"0":{"start":{"line":15,"column":14},"end":{"line":15,"column":15}},"1":{"start":{"line":16,"column":14},"end":{"line":16,"column":15}},"2":{"start":{"line":17,"column":14},"end":{"line":17,"column":15}},"3":{"start":{"line":19,"column":15},"end":{"line":19,"column":18}},"4":{"start":{"line":20,"column":13},"end":{"line":20,"column":14}},"5":{"start":{"line":22,"column":15},"end":{"line":22,"column":22}},"6":{"start":{"line":23,"column":0},"end":{"line":23,"column":63}},"7":{"start":{"line":25,"column":0},"end":{"line":27,"column":3}},"8":{"start":{"line":26,"column":4},"end":{"line":26,"column":73}},"9":{"start":{"line":29,"column":0},"end":{"line":31,"column":3}},"10":{"start":{"line":30,"column":4},"end":{"line":30,"column":72}},"11":{"start":{"line":33,"column":0},"end":{"line":44,"column":3}},"12":{"start":{"line":34,"column":17},"end":{"line":34,"column":63}},"13":{"start":{"line":35,"column":4},"end":{"line":35,"column":64}},"14":{"start":{"line":36,"column":4},"end":{"line":43,"column":101}},"15":{"start":{"line":37,"column":8},"end":{"line":37,"column":101}},"16":{"start":{"line":38,"column":9},"end":{"line":43,"column":101}},"17":{"start":{"line":39,"column":8},"end":{"line":39,"column":101}},"18":{"start":{"line":40,"column":9},"end":{"line":43,"column":101}},"19":{"start":{"line":41,"column":8},"end":{"line":41,"column":101}},"20":{"start":{"line":43,"column":8},"end":{"line":43,"column":101}},"21":{"start":{"line":59,"column":15},"end":{"line":59,"column":51}},"22":{"start":{"line":60,"column":0},"end":{"line":60,"column":47}},"23":{"start":{"line":64,"column":4},"end":{"line":64,"column":18}},"24":{"start":{"line":65,"column":4},"end":{"line":68,"column":5}},"25":{"start":{"line":66,"column":8},"end":{"line":66,"column":17}},"26":{"start":{"line":67,"column":8},"end":{"line":67,"column":21}},"27":{"start":{"line":69,"column":4},"end":{"line":69,"column":16}},"28":{"start":{"line":88,"column":17},"end":{"line":88,"column":58}},"29":{"start":{"line":89,"column":4},"end":{"line":89,"column":53}},"30":{"start":{"line":90,"column":17},"end":{"line":90,"column":57}},"31":{"start":{"line":95,"column":4},"end":{"line":111,"column":5}},"32":{"start":{"line":96,"column":8},"end":{"line":96,"column":71}},"33":{"start":{"line":97,"column":8},"end":{"line":97,"column":27}},"34":{"start":{"line":98,"column":8},"end":{"line":98,"column":23}},"35":{"start":{"line":101,"column":9},"end":{"line":111,"column":5}},"36":{"start":{"line":102,"column":8},"end":{"line":102,"column":71}},"37":{"start":{"line":103,"column":8},"end":{"line":103,"column":27}},"38":{"start":{"line":104,"column":8},"end":{"line":104,"column":23}},"39":{"start":{"line":108,"column":8},"end":{"line":108,"column":71}},"40":{"start":{"line":109,"column":8},"end":{"line":109,"column":27}},"41":{"start":{"line":110,"column":8},"end":{"line":110,"column":23}},"42":{"start":{"line":112,"column":4},"end":{"line":112,"column":18}},"43":{"start":{"line":113,"column":4},"end":{"line":113,"column":16}},"44":{"start":{"line":133,"column":4},"end":{"line":133,"column":29}},"45":{"start":{"line":134,"column":18},"end":{"line":134,"column":26}},"46":{"start":{"line":135,"column":16},"end":{"line":148,"column":12}},"47":{"start":{"line":136,"column":8},"end":{"line":147,"column":9}},"48":{"start":{"line":137,"column":12},"end":{"line":137,"column":38}},"49":{"start":{"line":138,"column":12},"end":{"line":138,"column":59}},"50":{"start":{"line":139,"column":12},"end":{"line":139,"column":33}},"51":{"start":{"line":140,"column":12},"end":{"line":140,"column":29}},"52":{"start":{"line":143,"column":12},"end":{"line":143,"column":22}},"53":{"start":{"line":144,"column":27},"end":{"line":144,"column":45}},"54":{"start":{"line":145,"column":12},"end":{"line":145,"column":34}},"55":{"start":{"line":146,"column":12},"end":{"line":146,"column":65}},"56":{"start":{"line":172,"column":4},"end":{"line":186,"column":5}},"57":{"start":{"line":174,"column":8},"end":{"line":181,"column":9}},"58":{"start":{"line":175,"column":12},"end":{"line":175,"column":76}},"59":{"start":{"line":179,"column":12},"end":{"line":179,"column":23}},"60":{"start":{"line":180,"column":12},"end":{"line":180,"column":75}},"61":{"start":{"line":185,"column":8},"end":{"line":185,"column":69}},"62":{"start":{"line":187,"column":4},"end":{"line":187,"column":17}},"63":{"start":{"line":206,"column":17},"end":{"line":206,"column":39}},"64":{"start":{"line":207,"column":17},"end":{"line":207,"column":28}},"65":{"start":{"line":209,"column":4},"end":{"line":211,"column":5}},"66":{"start":{"line":210,"column":8},"end":{"line":210,"column":30}},"67":{"start":{"line":212,"column":17},"end":{"line":212,"column":29}},"68":{"start":{"line":213,"column":17},"end":{"line":213,"column":28}},"69":{"start":{"line":215,"column":4},"end":{"line":217,"column":5}},"70":{"start":{"line":216,"column":8},"end":{"line":216,"column":30}},"71":{"start":{"line":218,"column":4},"end":{"line":218,"column":35}},"72":{"start":{"line":235,"column":17},"end":{"line":235,"column":37}},"73":{"start":{"line":236,"column":17},"end":{"line":236,"column":33}},"74":{"start":{"line":238,"column":17},"end":{"line":238,"column":37}},"75":{"start":{"line":239,"column":17},"end":{"line":239,"column":33}},"76":{"start":{"line":241,"column":4},"end":{"line":241,"column":34}},"77":{"start":{"line":254,"column":4},"end":{"line":254,"column":69}},"78":{"start":{"line":255,"column":4},"end":{"line":255,"column":60}},"79":{"start":{"line":256,"column":4},"end":{"line":256,"column":73}},"80":{"start":{"line":257,"column":4},"end":{"line":257,"column":69}},"81":{"start":{"line":258,"column":4},"end":{"line":258,"column":88}},"82":{"start":{"line":271,"column":4},"end":{"line":271,"column":75}},"83":{"start":{"line":272,"column":4},"end":{"line":272,"column":60}},"84":{"start":{"line":273,"column":4},"end":{"line":273,"column":73}},"85":{"start":{"line":274,"column":4},"end":{"line":274,"column":75}},"86":{"start":{"line":275,"column":4},"end":{"line":275,"column":94}},"87":{"start":{"line":279,"column":4},"end":{"line":279,"column":59}},"88":{"start":{"line":280,"column":5},"end":{"line":294,"column":6}},"89":{"start":{"line":281,"column":8},"end":{"line":281,"column":63}},"90":{"start":{"line":282,"column":8},"end":{"line":282,"column":65}},"91":{"start":{"line":283,"column":8},"end":{"line":283,"column":66}},"92":{"start":{"line":285,"column":10},"end":{"line":294,"column":6}},"93":{"start":{"line":286,"column":8},"end":{"line":286,"column":65}},"94":{"start":{"line":287,"column":8},"end":{"line":287,"column":65}},"95":{"start":{"line":288,"column":8},"end":{"line":288,"column":64}},"96":{"start":{"line":290,"column":10},"end":{"line":294,"column":6}},"97":{"start":{"line":291,"column":8},"end":{"line":291,"column":65}},"98":{"start":{"line":292,"column":8},"end":{"line":292,"column":63}},"99":{"start":{"line":293,"column":8},"end":{"line":293,"column":66}},"100":{"start":{"line":295,"column":5},"end":{"line":295,"column":82}},"101":{"start":{"line":299,"column":0},"end":{"line":312,"column":1}}},"fnMap":{"0":{"name":"(anonymous_0)","decl":{"start":{"line":25,"column":58},"end":{"line":25,"column":59}},"loc":{"start":{"line":25,"column":69},"end":{"line":27,"column":1}},"line":25},"1":{"name":"(anonymous_1)","decl":{"start":{"line":29,"column":66},"end":{"line":29,"column":67}},"loc":{"start":{"line":29,"column":77},"end":{"line":31,"column":1}},"line":29},"2":{"name":"(anonymous_2)","decl":{"start":{"line":33,"column":67},"end":{"line":33,"column":68}},"loc":{"start":{"line":33,"column":77},"end":{"line":44,"column":1}},"line":33},"3":{"name":"runCounter","decl":{"start":{"line":62,"column":9},"end":{"line":62,"column":19}},"loc":{"start":{"line":62,"column":22},"end":{"line":70,"column":1}},"line":62},"4":{"name":"changeMode","decl":{"start":{"line":92,"column":9},"end":{"line":92,"column":19}},"loc":{"start":{"line":92,"column":22},"end":{"line":114,"column":1}},"line":92},"5":{"name":"countDown","decl":{"start":{"line":132,"column":9},"end":{"line":132,"column":18}},"loc":{"start":{"line":132,"column":21},"end":{"line":149,"column":1}},"line":132},"6":{"name":"(anonymous_6)","decl":{"start":{"line":135,"column":29},"end":{"line":135,"column":30}},"loc":{"start":{"line":135,"column":40},"end":{"line":148,"column":5}},"line":135},"7":{"name":"autoSwitchMode","decl":{"start":{"line":170,"column":9},"end":{"line":170,"column":23}},"loc":{"start":{"line":170,"column":26},"end":{"line":188,"column":1}},"line":170},"8":{"name":"secToTime","decl":{"start":{"line":205,"column":9},"end":{"line":205,"column":18}},"loc":{"start":{"line":205,"column":28},"end":{"line":219,"column":1}},"line":205},"9":{"name":"timeToSec","decl":{"start":{"line":234,"column":9},"end":{"line":234,"column":18}},"loc":{"start":{"line":234,"column":29},"end":{"line":242,"column":1}},"line":234},"10":{"name":"drainColor","decl":{"start":{"line":253,"column":10},"end":{"line":253,"column":20}},"loc":{"start":{"line":253,"column":22},"end":{"line":259,"column":2}},"line":253},"11":{"name":"fillColor","decl":{"start":{"line":270,"column":10},"end":{"line":270,"column":19}},"loc":{"start":{"line":270,"column":21},"end":{"line":276,"column":2}},"line":270},"12":{"name":"updateTable","decl":{"start":{"line":278,"column":10},"end":{"line":278,"column":21}},"loc":{"start":{"line":278,"column":23},"end":{"line":296,"column":2}},"line":278}},"branchMap":{"0":{"loc":{"start":{"line":36,"column":4},"end":{"line":43,"column":101}},"type":"if","locations":[{"start":{"line":36,"column":4},"end":{"line":43,"column":101}},{"start":{"line":36,"column":4},"end":{"line":43,"column":101}}],"line":36},"1":{"loc":{"start":{"line":38,"column":9},"end":{"line":43,"column":101}},"type":"if","locations":[{"start":{"line":38,"column":9},"end":{"line":43,"column":101}},{"start":{"line":38,"column":9},"end":{"line":43,"column":101}}],"line":38},"2":{"loc":{"start":{"line":38,"column":13},"end":{"line":38,"column":38}},"type":"binary-expr","locations":[{"start":{"line":38,"column":13},"end":{"line":38,"column":23}},{"start":{"line":38,"column":27},"end":{"line":38,"column":38}}],"line":38},"3":{"loc":{"start":{"line":40,"column":9},"end":{"line":43,"column":101}},"type":"if","locations":[{"start":{"line":40,"column":9},"end":{"line":43,"column":101}},{"start":{"line":40,"column":9},"end":{"line":43,"column":101}}],"line":40},"4":{"loc":{"start":{"line":40,"column":13},"end":{"line":40,"column":39}},"type":"binary-expr","locations":[{"start":{"line":40,"column":13},"end":{"line":40,"column":24}},{"start":{"line":40,"column":28},"end":{"line":40,"column":39}}],"line":40},"5":{"loc":{"start":{"line":65,"column":4},"end":{"line":68,"column":5}},"type":"if","locations":[{"start":{"line":65,"column":4},"end":{"line":68,"column":5}},{"start":{"line":65,"column":4},"end":{"line":68,"column":5}}],"line":65},"6":{"loc":{"start":{"line":95,"column":4},"end":{"line":111,"column":5}},"type":"if","locations":[{"start":{"line":95,"column":4},"end":{"line":111,"column":5}},{"start":{"line":95,"column":4},"end":{"line":111,"column":5}}],"line":95},"7":{"loc":{"start":{"line":101,"column":9},"end":{"line":111,"column":5}},"type":"if","locations":[{"start":{"line":101,"column":9},"end":{"line":111,"column":5}},{"start":{"line":101,"column":9},"end":{"line":111,"column":5}}],"line":101},"8":{"loc":{"start":{"line":136,"column":8},"end":{"line":147,"column":9}},"type":"if","locations":[{"start":{"line":136,"column":8},"end":{"line":147,"column":9}},{"start":{"line":136,"column":8},"end":{"line":147,"column":9}}],"line":136},"9":{"loc":{"start":{"line":172,"column":4},"end":{"line":186,"column":5}},"type":"if","locations":[{"start":{"line":172,"column":4},"end":{"line":186,"column":5}},{"start":{"line":172,"column":4},"end":{"line":186,"column":5}}],"line":172},"10":{"loc":{"start":{"line":174,"column":8},"end":{"line":181,"column":9}},"type":"if","locations":[{"start":{"line":174,"column":8},"end":{"line":181,"column":9}},{"start":{"line":174,"column":8},"end":{"line":181,"column":9}}],"line":174},"11":{"loc":{"start":{"line":209,"column":4},"end":{"line":211,"column":5}},"type":"if","locations":[{"start":{"line":209,"column":4},"end":{"line":211,"column":5}},{"start":{"line":209,"column":4},"end":{"line":211,"column":5}}],"line":209},"12":{"loc":{"start":{"line":215,"column":4},"end":{"line":217,"column":5}},"type":"if","locations":[{"start":{"line":215,"column":4},"end":{"line":217,"column":5}},{"start":{"line":215,"column":4},"end":{"line":217,"column":5}}],"line":215},"13":{"loc":{"start":{"line":280,"column":5},"end":{"line":294,"column":6}},"type":"if","locations":[{"start":{"line":280,"column":5},"end":{"line":294,"column":6}},{"start":{"line":280,"column":5},"end":{"line":294,"column":6}}],"line":280},"14":{"loc":{"start":{"line":285,"column":10},"end":{"line":294,"column":6}},"type":"if","locations":[{"start":{"line":285,"column":10},"end":{"line":294,"column":6}},{"start":{"line":285,"column":10},"end":{"line":294,"column":6}}],"line":285},"15":{"loc":{"start":{"line":285,"column":14},"end":{"line":285,"column":43}},"type":"binary-expr","locations":[{"start":{"line":285,"column":14},"end":{"line":285,"column":24}},{"start":{"line":285,"column":28},"end":{"line":285,"column":43}}],"line":285},"16":{"loc":{"start":{"line":290,"column":10},"end":{"line":294,"column":6}},"type":"if","locations":[{"start":{"line":290,"column":10},"end":{"line":294,"column":6}},{"start":{"line":290,"column":10},"end":{"line":294,"column":6}}],"line":290},"17":{"loc":{"start":{"line":290,"column":14},"end":{"line":290,"column":44}},"type":"binary-expr","locations":[{"start":{"line":290,"column":14},"end":{"line":290,"column":25}},{"start":{"line":290,"column":29},"end":{"line":290,"column":44}}],"line":290}},"s":{"0":1,"1":1,"2":1,"3":1,"4":1,"5":1,"6":1,"7":1,"8":0,"9":1,"10":0,"11":1,"12":0,"13":0,"14":0,"15":0,"16":0,"17":0,"18":0,"19":0,"20":0,"21":1,"22":1,"23":1,"24":1,"25":1,"26":1,"27":1,"28":1,"29":1,"30":1,"31":4,"32":2,"33":2,"34":2,"35":2,"36":1,"37":1,"38":1,"39":1,"40":1,"41":1,"42":4,"43":4,"44":2,"45":2,"46":2,"47":0,"48":0,"49":0,"50":0,"51":0,"52":0,"53":0,"54":0,"55":0,"56":1,"57":0,"58":0,"59":0,"60":0,"61":1,"62":1,"63":11,"64":11,"65":11,"66":11,"67":11,"68":11,"69":11,"70":10,"71":11,"72":3,"73":3,"74":3,"75":3,"76":3,"77":2,"78":2,"79":2,"80":2,"81":2,"82":5,"83":5,"84":5,"85":5,"86":5,"87":10,"88":10,"89":8,"90":8,"91":8,"92":2,"93":1,"94":1,"95":1,"96":1,"97":1,"98":1,"99":1,"100":10,"101":1},"f":{"0":0,"1":0,"2":0,"3":1,"4":4,"5":2,"6":0,"7":1,"8":11,"9":3,"10":2,"11":5,"12":10},"b":{"0":[0,0],"1":[0,0],"2":[0,0],"3":[0,0],"4":[0,0],"5":[1,0],"6":[2,2],"7":[1,1],"8":[0,0],"9":[0,1],"10":[0,0],"11":[11,0],"12":[10,1],"13":[8,2],"14":[1,1],"15":[2,2],"16":[1,0],"17":[1,1]},"_coverageSchema":"1a1c01bbd47fc00a2c39e90264f33305004495a9","hash":"f3ab85f4b4a62ce7fd9d697b4f85b6899c36ef4a"}
}
