TN:
SF:source/Front-end/javascript/main.js
FN:25,(anonymous_0)
FN:29,(anonymous_1)
FN:33,(anonymous_2)
FN:62,runCounter
FN:92,changeMode
FN:132,countDown
FN:135,(anonymous_6)
FN:170,autoSwitchMode
FN:205,secToTime
FN:234,timeToSec
FN:253,drainColor
FN:270,fillColor
FN:278,updateTable
FNF:13
FNH:9
FNDA:0,(anonymous_0)
FNDA:0,(anonymous_1)
FNDA:0,(anonymous_2)
FNDA:1,runCounter
FNDA:4,changeMode
FNDA:2,countDown
FNDA:0,(anonymous_6)
FNDA:1,autoSwitchMode
FNDA:11,secToTime
FNDA:3,timeToSec
FNDA:2,drainColor
FNDA:5,fillColor
FNDA:10,updateTable
DA:15,1
DA:16,1
DA:17,1
DA:19,1
DA:20,1
DA:22,1
DA:23,1
DA:25,1
DA:26,0
DA:29,1
DA:30,0
DA:33,1
DA:34,0
DA:35,0
DA:36,0
DA:37,0
DA:38,0
DA:39,0
DA:40,0
DA:41,0
DA:43,0
DA:59,1
DA:60,1
DA:64,1
DA:65,1
DA:66,1
DA:67,1
DA:69,1
DA:88,1
DA:89,1
DA:90,1
DA:95,4
DA:96,2
DA:97,2
DA:98,2
DA:101,2
DA:102,1
DA:103,1
DA:104,1
DA:108,1
DA:109,1
DA:110,1
DA:112,4
DA:113,4
DA:133,2
DA:134,2
DA:135,2
DA:136,0
DA:137,0
DA:138,0
DA:139,0
DA:140,0
DA:143,0
DA:144,0
DA:145,0
DA:146,0
DA:172,1
DA:174,0
DA:175,0
DA:179,0
DA:180,0
DA:185,1
DA:187,1
DA:206,11
DA:207,11
DA:209,11
DA:210,11
DA:212,11
DA:213,11
DA:215,11
DA:216,10
DA:218,11
DA:235,3
DA:236,3
DA:238,3
DA:239,3
DA:241,3
DA:254,2
DA:255,2
DA:256,2
DA:257,2
DA:258,2
DA:271,5
DA:272,5
DA:273,5
DA:274,5
DA:275,5
DA:279,10
DA:280,10
DA:281,8
DA:282,8
DA:283,8
DA:285,2
DA:286,1
DA:287,1
DA:288,1
DA:290,1
DA:291,1
DA:292,1
DA:293,1
DA:295,10
DA:299,1
LF:102
LH:78
BRDA:36,0,0,0
BRDA:36,0,1,0
BRDA:38,1,0,0
BRDA:38,1,1,0
BRDA:38,2,0,0
BRDA:38,2,1,0
BRDA:40,3,0,0
BRDA:40,3,1,0
BRDA:40,4,0,0
BRDA:40,4,1,0
BRDA:65,5,0,1
BRDA:65,5,1,0
BRDA:95,6,0,2
BRDA:95,6,1,2
BRDA:101,7,0,1
BRDA:101,7,1,1
BRDA:136,8,0,0
BRDA:136,8,1,0
BRDA:172,9,0,0
BRDA:172,9,1,1
BRDA:174,10,0,0
BRDA:174,10,1,0
BRDA:209,11,0,11
BRDA:209,11,1,0
BRDA:215,12,0,10
BRDA:215,12,1,1
BRDA:280,13,0,8
BRDA:280,13,1,2
BRDA:285,14,0,1
BRDA:285,14,1,1
BRDA:285,15,0,2
BRDA:285,15,1,2
BRDA:290,16,0,1
BRDA:290,16,1,0
BRDA:290,17,0,1
BRDA:290,17,1,1
BRF:36
BRH:18
end_of_record
