TN:
SF:source/Front-end/javascript/mainjest.js
FN:19,setms
FN:33,(anonymous_1)
FN:42,(anonymous_2)
FN:50,(anonymous_3)
FN:56,(anonymous_4)
FN:71,(anonymous_5)
FN:78,(anonymous_6)
FN:94,(anonymous_7)
FN:102,(anonymous_8)
FN:110,(anonymous_9)
FN:119,(anonymous_10)
FN:130,(anonymous_11)
FN:139,(anonymous_12)
FN:150,(anonymous_13)
FN:159,(anonymous_14)
FN:185,(anonymous_15)
FN:194,(anonymous_16)
FN:220,(anonymous_17)
FN:229,(anonymous_18)
FN:253,(anonymous_19)
FN:258,(anonymous_20)
FN:263,(anonymous_21)
FN:268,(anonymous_22)
FN:271,(anonymous_23)
FN:291,(anonymous_24)
FN:298,(anonymous_25)
FN:303,(anonymous_26)
FN:308,(anonymous_27)
FN:313,(anonymous_28)
FN:318,(anonymous_29)
FN:325,(anonymous_30)
FN:329,(anonymous_31)
FN:334,(anonymous_32)
FN:339,(anonymous_33)
FN:344,(anonymous_34)
FN:346,(anonymous_35)
FN:354,(anonymous_36)
FN:360,(anonymous_37)
FN:369,createUserData
FN:380,createTeam
FN:390,updateUser
FN:394,updateCoin
FN:409,incrementCoin
FN:427,(anonymous_43)
FN:457,(anonymous_44)
FN:481,loadActive
FN:510,darkenChosen
FN:606,setShopItems
FN:628,(anonymous_48)
FN:743,turnLight
FN:760,turnDark
FN:777,setActive
FN:804,runCounter
FN:835,changeMode
FN:875,countDown
FN:878,(anonymous_55)
FN:912,autoSwitchMode
FN:959,secToTime
FN:988,timeToSec
FN:1009,drainColor
FN:1028,fillColor
FN:1045,updateTable
FN:1082,(anonymous_62)
FN:1092,(anonymous_63)
FN:1102,(anonymous_64)
FN:1112,(anonymous_65)
FN:1125,saveTimeSettings
FN:1206,SwitchToChinese
FN:1286,SwitchToEnglish
FN:1356,chooseSoundEffect
FN:1373,showStats
FN:1393,cypressSetCoin
FNF:72
FNH:18
FNDA:0,setms
FNDA:0,(anonymous_1)
FNDA:0,(anonymous_2)
FNDA:0,(anonymous_3)
FNDA:0,(anonymous_4)
FNDA:0,(anonymous_5)
FNDA:0,(anonymous_6)
FNDA:0,(anonymous_7)
FNDA:0,(anonymous_8)
FNDA:0,(anonymous_9)
FNDA:0,(anonymous_10)
FNDA:0,(anonymous_11)
FNDA:0,(anonymous_12)
FNDA:0,(anonymous_13)
FNDA:0,(anonymous_14)
FNDA:0,(anonymous_15)
FNDA:0,(anonymous_16)
FNDA:0,(anonymous_17)
FNDA:0,(anonymous_18)
FNDA:0,(anonymous_19)
FNDA:0,(anonymous_20)
FNDA:0,(anonymous_21)
FNDA:0,(anonymous_22)
FNDA:0,(anonymous_23)
FNDA:0,(anonymous_24)
FNDA:0,(anonymous_25)
FNDA:0,(anonymous_26)
FNDA:0,(anonymous_27)
FNDA:0,(anonymous_28)
FNDA:0,(anonymous_29)
FNDA:0,(anonymous_30)
FNDA:0,(anonymous_31)
FNDA:0,(anonymous_32)
FNDA:0,(anonymous_33)
FNDA:0,(anonymous_34)
FNDA:0,(anonymous_35)
FNDA:0,(anonymous_36)
FNDA:0,(anonymous_37)
FNDA:0,createUserData
FNDA:0,createTeam
FNDA:0,updateUser
FNDA:0,updateCoin
FNDA:3,incrementCoin
FNDA:0,(anonymous_43)
FNDA:0,(anonymous_44)
FNDA:0,loadActive
FNDA:5,darkenChosen
FNDA:4,setShopItems
FNDA:0,(anonymous_48)
FNDA:1,turnLight
FNDA:1,turnDark
FNDA:4,setActive
FNDA:1,runCounter
FNDA:4,changeMode
FNDA:2,countDown
FNDA:0,(anonymous_55)
FNDA:1,autoSwitchMode
FNDA:54,secToTime
FNDA:4,timeToSec
FNDA:2,drainColor
FNDA:5,fillColor
FNDA:10,updateTable
FNDA:0,(anonymous_62)
FNDA:0,(anonymous_63)
FNDA:0,(anonymous_64)
FNDA:0,(anonymous_65)
FNDA:22,saveTimeSettings
FNDA:1,SwitchToChinese
FNDA:1,SwitchToEnglish
FNDA:0,chooseSoundEffect
FNDA:0,showStats
FNDA:0,cypressSetCoin
DA:14,19
DA:15,19
DA:16,19
DA:17,19
DA:19,0
DA:21,19
DA:22,19
DA:23,19
DA:24,19
DA:25,19
DA:26,19
DA:28,19
DA:29,19
DA:33,19
DA:34,0
DA:35,0
DA:36,0
DA:37,0
DA:38,0
DA:42,19
DA:43,0
DA:44,0
DA:45,0
DA:46,0
DA:47,0
DA:50,19
DA:51,0
DA:53,0
DA:56,19
DA:57,0
DA:58,0
DA:59,0
DA:61,0
DA:62,0
DA:63,0
DA:66,0
DA:67,0
DA:71,19
DA:72,0
DA:73,0
DA:75,0
DA:78,19
DA:79,0
DA:80,0
DA:81,0
DA:82,0
DA:83,0
DA:85,0
DA:86,0
DA:88,0
DA:89,0
DA:94,19
DA:95,0
DA:96,0
DA:97,0
DA:98,0
DA:99,0
DA:102,19
DA:103,0
DA:104,0
DA:105,0
DA:106,0
DA:107,0
DA:110,19
DA:111,0
DA:112,0
DA:113,0
DA:115,0
DA:116,0
DA:119,19
DA:120,0
DA:121,0
DA:122,0
DA:123,0
DA:125,0
DA:126,0
DA:127,0
DA:130,19
DA:131,0
DA:132,0
DA:133,0
DA:135,0
DA:136,0
DA:139,19
DA:140,0
DA:141,0
DA:142,0
DA:143,0
DA:145,0
DA:146,0
DA:147,0
DA:150,19
DA:151,0
DA:152,0
DA:153,0
DA:155,0
DA:156,0
DA:159,19
DA:160,0
DA:161,0
DA:162,0
DA:163,0
DA:165,0
DA:166,0
DA:167,0
DA:169,0
DA:170,0
DA:171,0
DA:172,0
DA:173,0
DA:175,0
DA:176,0
DA:177,0
DA:178,0
DA:181,0
DA:182,0
DA:185,19
DA:186,0
DA:187,0
DA:188,0
DA:190,0
DA:191,0
DA:194,19
DA:195,0
DA:196,0
DA:197,0
DA:198,0
DA:200,0
DA:201,0
DA:202,0
DA:204,0
DA:205,0
DA:206,0
DA:207,0
DA:208,0
DA:209,0
DA:211,0
DA:212,0
DA:213,0
DA:216,0
DA:217,0
DA:220,19
DA:221,0
DA:222,0
DA:223,0
DA:225,0
DA:226,0
DA:229,19
DA:230,0
DA:231,0
DA:232,0
DA:233,0
DA:235,0
DA:236,0
DA:237,0
DA:240,0
DA:241,0
DA:242,0
DA:243,0
DA:244,0
DA:246,0
DA:247,0
DA:248,0
DA:250,0
DA:253,19
DA:254,0
DA:255,0
DA:258,19
DA:259,0
DA:260,0
DA:263,19
DA:264,0
DA:265,0
DA:268,19
DA:269,0
DA:272,0
DA:273,0
DA:276,0
DA:284,0
DA:285,0
DA:286,0
DA:288,0
DA:289,0
DA:292,0
DA:293,0
DA:298,19
DA:299,0
DA:300,0
DA:303,19
DA:304,0
DA:305,0
DA:308,19
DA:309,0
DA:310,0
DA:313,19
DA:314,0
DA:315,0
DA:318,19
DA:320,0
DA:325,19
DA:326,0
DA:329,19
DA:330,0
DA:331,0
DA:334,19
DA:335,0
DA:336,0
DA:339,19
DA:340,0
DA:341,0
DA:344,19
DA:345,0
DA:347,0
DA:348,0
DA:349,0
DA:350,0
DA:351,0
DA:352,0
DA:355,0
DA:356,0
DA:360,19
DA:361,0
DA:364,0
DA:365,0
DA:370,0
DA:381,0
DA:395,0
DA:396,0
DA:410,3
DA:411,3
DA:412,3
DA:413,0
DA:414,3
DA:427,19
DA:428,0
DA:429,0
DA:430,0
DA:431,0
DA:432,0
DA:433,0
DA:434,0
DA:435,0
DA:438,0
DA:439,0
DA:440,0
DA:441,0
DA:442,0
DA:443,0
DA:453,0
DA:454,0
DA:455,0
DA:456,0
DA:458,0
DA:459,0
DA:460,0
DA:461,0
DA:462,0
DA:466,0
DA:467,0
DA:482,0
DA:483,0
DA:484,0
DA:486,0
DA:487,0
DA:489,0
DA:490,0
DA:492,0
DA:493,0
DA:495,0
DA:496,0
DA:511,5
DA:512,5
DA:513,5
DA:514,5
DA:515,5
DA:516,5
DA:517,5
DA:518,5
DA:519,5
DA:520,5
DA:521,5
DA:522,5
DA:523,5
DA:524,3
DA:525,3
DA:527,0
DA:530,2
DA:531,2
DA:533,0
DA:535,5
DA:536,0
DA:537,0
DA:539,0
DA:542,5
DA:543,5
DA:545,0
DA:547,5
DA:548,0
DA:549,0
DA:551,0
DA:554,5
DA:555,5
DA:557,0
DA:559,5
DA:560,1
DA:561,1
DA:562,1
DA:564,0
DA:566,4
DA:567,1
DA:568,1
DA:569,1
DA:571,0
DA:573,3
DA:574,1
DA:575,1
DA:576,1
DA:578,0
DA:580,2
DA:581,1
DA:582,1
DA:583,1
DA:585,0
DA:587,1
DA:588,0
DA:589,0
DA:590,0
DA:592,0
DA:607,4
DA:608,4
DA:609,4
DA:610,18
DA:611,4
DA:613,14
DA:615,4
DA:628,19
DA:629,0
DA:630,0
DA:631,0
DA:632,0
DA:633,0
DA:634,0
DA:635,0
DA:636,0
DA:637,0
DA:639,0
DA:653,19
DA:654,19
DA:655,19
DA:656,19
DA:657,19
DA:673,19
DA:674,19
DA:675,0
DA:676,0
DA:678,19
DA:679,0
DA:680,0
DA:682,19
DA:683,0
DA:684,0
DA:686,19
DA:687,0
DA:688,0
DA:690,19
DA:691,0
DA:692,0
DA:693,0
DA:695,0
DA:696,0
DA:699,0
DA:703,19
DA:704,19
DA:706,19
DA:719,19
DA:720,0
DA:721,0
DA:722,0
DA:723,0
DA:725,0
DA:726,0
DA:727,0
DA:744,1
DA:745,1
DA:746,1
DA:747,1
DA:761,1
DA:762,1
DA:763,1
DA:764,1
DA:778,4
DA:779,4
DA:780,20
DA:781,2
DA:783,18
DA:785,4
DA:801,19
DA:802,19
DA:806,1
DA:807,1
DA:808,1
DA:809,1
DA:812,1
DA:831,19
DA:832,19
DA:833,19
DA:838,4
DA:839,3
DA:840,3
DA:841,3
DA:844,1
DA:845,1
DA:846,1
DA:847,1
DA:851,0
DA:852,0
DA:853,0
DA:855,4
DA:856,4
DA:876,2
DA:877,2
DA:878,2
DA:879,0
DA:880,0
DA:881,0
DA:882,0
DA:883,0
DA:885,0
DA:886,0
DA:888,0
DA:914,1
DA:915,1
DA:916,1
DA:918,1
DA:919,1
DA:920,1
DA:924,0
DA:925,0
DA:926,0
DA:932,0
DA:933,0
DA:934,0
DA:937,0
DA:938,0
DA:940,0
DA:942,1
DA:960,54
DA:961,54
DA:963,54
DA:964,8
DA:966,54
DA:967,54
DA:969,54
DA:970,52
DA:972,54
DA:989,4
DA:990,4
DA:992,4
DA:993,4
DA:995,4
DA:1010,2
DA:1011,2
DA:1012,2
DA:1013,2
DA:1014,2
DA:1029,5
DA:1030,5
DA:1031,5
DA:1032,5
DA:1033,5
DA:1046,10
DA:1047,10
DA:1048,9
DA:1049,9
DA:1050,9
DA:1051,1
DA:1052,1
DA:1053,1
DA:1054,1
DA:1055,0
DA:1056,0
DA:1057,0
DA:1058,0
DA:1060,10
DA:1076,19
DA:1078,19
DA:1079,19
DA:1082,19
DA:1083,0
DA:1084,0
DA:1086,0
DA:1087,0
DA:1092,19
DA:1093,0
DA:1094,0
DA:1096,0
DA:1097,0
DA:1102,19
DA:1103,0
DA:1104,0
DA:1106,0
DA:1107,0
DA:1112,19
DA:1113,0
DA:1114,0
DA:1116,0
DA:1117,0
DA:1130,22
DA:1131,22
DA:1132,22
DA:1135,22
DA:1136,1
DA:1137,1
DA:1139,22
DA:1140,1
DA:1141,1
DA:1143,22
DA:1144,1
DA:1145,1
DA:1149,22
DA:1150,22
DA:1151,22
DA:1154,22
DA:1155,22
DA:1156,22
DA:1161,22
DA:1162,22
DA:1163,0
DA:1164,0
DA:1166,0
DA:1170,22
DA:1176,22
DA:1178,22
DA:1179,1
DA:1180,1
DA:1182,22
DA:1189,22
DA:1190,22
DA:1191,22
DA:1192,22
DA:1207,1
DA:1208,1
DA:1210,1
DA:1211,1
DA:1212,1
DA:1213,1
DA:1214,1
DA:1215,1
DA:1217,1
DA:1218,1
DA:1219,1
DA:1220,1
DA:1221,1
DA:1223,1
DA:1224,1
DA:1225,1
DA:1226,1
DA:1227,1
DA:1229,1
DA:1230,1
DA:1231,1
DA:1232,1
DA:1233,1
DA:1235,1
DA:1236,1
DA:1237,1
DA:1238,1
DA:1239,1
DA:1240,1
DA:1241,1
DA:1244,1
DA:1245,1
DA:1246,1
DA:1247,1
DA:1248,1
DA:1249,1
DA:1250,1
DA:1251,1
DA:1252,1
DA:1253,1
DA:1254,1
DA:1255,1
DA:1256,1
DA:1257,1
DA:1258,1
DA:1260,1
DA:1261,1
DA:1262,1
DA:1263,1
DA:1264,1
DA:1265,1
DA:1267,1
DA:1268,1
DA:1269,1
DA:1270,1
DA:1271,1
DA:1272,1
DA:1273,1
DA:1274,1
DA:1275,1
DA:1276,1
DA:1277,1
DA:1278,1
DA:1279,1
DA:1280,1
DA:1281,1
DA:1282,1
DA:1283,1
DA:1287,1
DA:1288,1
DA:1290,1
DA:1291,1
DA:1292,1
DA:1293,1
DA:1294,1
DA:1295,1
DA:1296,1
DA:1297,1
DA:1298,1
DA:1299,1
DA:1300,1
DA:1301,1
DA:1302,1
DA:1303,1
DA:1304,1
DA:1306,1
DA:1307,1
DA:1308,1
DA:1309,1
DA:1310,1
DA:1312,1
DA:1313,1
DA:1314,1
DA:1315,1
DA:1316,1
DA:1317,1
DA:1318,1
DA:1320,1
DA:1321,1
DA:1322,1
DA:1323,1
DA:1324,1
DA:1325,1
DA:1327,1
DA:1328,1
DA:1329,1
DA:1330,1
DA:1331,1
DA:1332,1
DA:1333,1
DA:1334,1
DA:1335,1
DA:1336,1
DA:1337,1
DA:1338,1
DA:1339,1
DA:1340,1
DA:1341,1
DA:1342,1
DA:1343,1
DA:1357,0
DA:1358,0
DA:1359,0
DA:1361,0
DA:1362,0
DA:1363,0
DA:1366,0
DA:1367,0
DA:1374,0
DA:1376,0
DA:1377,0
DA:1378,0
DA:1381,0
DA:1384,0
DA:1385,0
DA:1386,0
DA:1389,0
DA:1394,0
DA:1395,0
DA:1399,19
LF:680
LH:349
BRDA:57,0,0,0
BRDA:57,0,1,0
BRDA:61,1,0,0
BRDA:61,1,1,0
BRDA:72,2,0,0
BRDA:72,2,1,0
BRDA:82,3,0,0
BRDA:82,3,1,0
BRDA:85,4,0,0
BRDA:85,4,1,0
BRDA:112,5,0,0
BRDA:112,5,1,0
BRDA:122,6,0,0
BRDA:122,6,1,0
BRDA:132,7,0,0
BRDA:132,7,1,0
BRDA:142,8,0,0
BRDA:142,8,1,0
BRDA:152,9,0,0
BRDA:152,9,1,0
BRDA:161,10,0,0
BRDA:161,10,1,0
BRDA:162,11,0,0
BRDA:162,11,1,0
BRDA:169,12,0,0
BRDA:169,12,1,0
BRDA:172,13,0,0
BRDA:172,13,1,0
BRDA:187,14,0,0
BRDA:187,14,1,0
BRDA:196,15,0,0
BRDA:196,15,1,0
BRDA:197,16,0,0
BRDA:197,16,1,0
BRDA:204,17,0,0
BRDA:204,17,1,0
BRDA:208,18,0,0
BRDA:208,18,1,0
BRDA:222,19,0,0
BRDA:222,19,1,0
BRDA:231,20,0,0
BRDA:231,20,1,0
BRDA:232,21,0,0
BRDA:232,21,1,0
BRDA:243,22,0,0
BRDA:243,22,1,0
BRDA:361,23,0,0
BRDA:361,23,1,0
BRDA:412,24,0,0
BRDA:412,24,1,3
BRDA:429,25,0,0
BRDA:429,25,1,0
BRDA:429,26,0,0
BRDA:429,26,1,0
BRDA:429,26,2,0
BRDA:439,27,0,0
BRDA:439,27,1,0
BRDA:441,28,0,0
BRDA:441,28,1,0
BRDA:455,29,0,0
BRDA:455,29,1,0
BRDA:467,30,0,0
BRDA:467,30,1,0
BRDA:483,31,0,0
BRDA:483,31,1,0
BRDA:486,32,0,0
BRDA:486,32,1,0
BRDA:489,33,0,0
BRDA:489,33,1,0
BRDA:492,34,0,0
BRDA:492,34,1,0
BRDA:495,35,0,0
BRDA:495,35,1,0
BRDA:520,36,0,0
BRDA:520,36,1,5
BRDA:522,37,0,0
BRDA:522,37,1,5
BRDA:523,38,0,3
BRDA:523,38,1,2
BRDA:524,39,0,3
BRDA:524,39,1,0
BRDA:530,40,0,2
BRDA:530,40,1,0
BRDA:535,41,0,0
BRDA:535,41,1,5
BRDA:536,42,0,0
BRDA:536,42,1,0
BRDA:542,43,0,5
BRDA:542,43,1,0
BRDA:547,44,0,0
BRDA:547,44,1,5
BRDA:548,45,0,0
BRDA:548,45,1,0
BRDA:554,46,0,5
BRDA:554,46,1,0
BRDA:559,47,0,1
BRDA:559,47,1,4
BRDA:561,48,0,1
BRDA:561,48,1,0
BRDA:566,49,0,1
BRDA:566,49,1,3
BRDA:568,50,0,1
BRDA:568,50,1,0
BRDA:573,51,0,1
BRDA:573,51,1,2
BRDA:575,52,0,1
BRDA:575,52,1,0
BRDA:580,53,0,1
BRDA:580,53,1,1
BRDA:582,54,0,1
BRDA:582,54,1,0
BRDA:587,55,0,0
BRDA:587,55,1,1
BRDA:589,56,0,0
BRDA:589,56,1,0
BRDA:610,57,0,4
BRDA:610,57,1,14
BRDA:632,58,0,0
BRDA:632,58,1,0
BRDA:634,59,0,0
BRDA:634,59,1,0
BRDA:634,60,0,0
BRDA:634,60,1,0
BRDA:636,61,0,0
BRDA:636,61,1,0
BRDA:636,62,0,0
BRDA:636,62,1,0
BRDA:674,63,0,0
BRDA:674,63,1,19
BRDA:678,64,0,0
BRDA:678,64,1,19
BRDA:682,65,0,0
BRDA:682,65,1,19
BRDA:686,66,0,0
BRDA:686,66,1,19
BRDA:690,67,0,0
BRDA:690,67,1,19
BRDA:692,68,0,0
BRDA:692,68,1,0
BRDA:695,69,0,0
BRDA:695,69,1,0
BRDA:719,70,0,0
BRDA:719,70,1,19
BRDA:721,71,0,0
BRDA:721,71,1,0
BRDA:725,72,0,0
BRDA:725,72,1,0
BRDA:780,73,0,2
BRDA:780,73,1,18
BRDA:807,74,0,1
BRDA:807,74,1,0
BRDA:838,75,0,3
BRDA:838,75,1,1
BRDA:844,76,0,1
BRDA:844,76,1,0
BRDA:879,77,0,0
BRDA:879,77,1,0
BRDA:914,78,0,1
BRDA:914,78,1,0
BRDA:918,79,0,1
BRDA:918,79,1,0
BRDA:932,80,0,0
BRDA:932,80,1,0
BRDA:963,81,0,8
BRDA:963,81,1,46
BRDA:969,82,0,52
BRDA:969,82,1,2
BRDA:1047,83,0,9
BRDA:1047,83,1,1
BRDA:1051,84,0,1
BRDA:1051,84,1,0
BRDA:1051,85,0,1
BRDA:1051,85,1,1
BRDA:1055,86,0,0
BRDA:1055,86,1,0
BRDA:1055,87,0,0
BRDA:1055,87,1,0
BRDA:1061,88,0,10
BRDA:1061,88,1,0
BRDA:1084,89,0,0
BRDA:1084,89,1,0
BRDA:1084,90,0,0
BRDA:1084,90,1,0
BRDA:1084,90,2,0
BRDA:1085,91,0,0
BRDA:1085,91,1,0
BRDA:1094,92,0,0
BRDA:1094,92,1,0
BRDA:1094,93,0,0
BRDA:1094,93,1,0
BRDA:1094,93,2,0
BRDA:1095,94,0,0
BRDA:1095,94,1,0
BRDA:1104,95,0,0
BRDA:1104,95,1,0
BRDA:1104,96,0,0
BRDA:1104,96,1,0
BRDA:1104,96,2,0
BRDA:1105,97,0,0
BRDA:1105,97,1,0
BRDA:1114,98,0,0
BRDA:1114,98,1,0
BRDA:1114,99,0,0
BRDA:1114,99,1,0
BRDA:1114,99,2,0
BRDA:1115,100,0,0
BRDA:1115,100,1,0
BRDA:1135,101,0,1
BRDA:1135,101,1,21
BRDA:1139,102,0,1
BRDA:1139,102,1,21
BRDA:1143,103,0,1
BRDA:1143,103,1,21
BRDA:1161,104,0,22
BRDA:1161,104,1,0
BRDA:1163,105,0,0
BRDA:1163,105,1,0
BRDA:1178,106,0,1
BRDA:1178,106,1,21
BRDA:1183,107,0,21
BRDA:1183,107,1,1
BRDA:1357,108,0,0
BRDA:1357,108,1,0
BRDA:1361,109,0,0
BRDA:1361,109,1,0
BRDA:1377,110,0,0
BRDA:1377,110,1,0
BRDA:1385,111,0,0
BRDA:1385,111,1,0
BRF:229
BRH:61
end_of_record
